[2025-11-20T18:28:07.541+0000] {processor.py:161} INFO - Started process (PID=2229) to work on /opt/airflow/dags/рабочий код.py
[2025-11-20T18:28:07.542+0000] {processor.py:830} INFO - Processing file /opt/airflow/dags/рабочий код.py for tasks to queue
[2025-11-20T18:28:07.542+0000] {logging_mixin.py:188} INFO - [2025-11-20T18:28:07.542+0000] {dagbag.py:545} INFO - Filling up the DagBag from /opt/airflow/dags/рабочий код.py
[2025-11-20T18:28:07.871+0000] {processor.py:840} INFO - DAG(s) 'coursework_test_connect_1111' retrieved from /opt/airflow/dags/рабочий код.py
[2025-11-20T18:28:08.083+0000] {logging_mixin.py:188} INFO - [2025-11-20T18:28:08.083+0000] {dag.py:3096} INFO - Sync 1 DAGs
[2025-11-20T18:28:08.099+0000] {logging_mixin.py:188} INFO - [2025-11-20T18:28:08.099+0000] {dag.py:3954} INFO - Setting next_dagrun for coursework_test_connect_1111 to 2025-11-20 00:00:00+00:00, run_after=2025-11-21 00:00:00+00:00
[2025-11-20T18:28:08.116+0000] {processor.py:183} INFO - Processing /opt/airflow/dags/рабочий код.py took 0.580 seconds
[2025-11-20T18:28:38.998+0000] {processor.py:161} INFO - Started process (PID=2246) to work on /opt/airflow/dags/рабочий код.py
[2025-11-20T18:28:38.998+0000] {processor.py:830} INFO - Processing file /opt/airflow/dags/рабочий код.py for tasks to queue
[2025-11-20T18:28:38.999+0000] {logging_mixin.py:188} INFO - [2025-11-20T18:28:38.999+0000] {dagbag.py:545} INFO - Filling up the DagBag from /opt/airflow/dags/рабочий код.py
[2025-11-20T18:28:39.295+0000] {processor.py:840} INFO - DAG(s) 'coursework_test_connect_1111' retrieved from /opt/airflow/dags/рабочий код.py
[2025-11-20T18:28:39.396+0000] {logging_mixin.py:188} INFO - [2025-11-20T18:28:39.396+0000] {dag.py:3096} INFO - Sync 1 DAGs
[2025-11-20T18:28:39.408+0000] {logging_mixin.py:188} INFO - [2025-11-20T18:28:39.408+0000] {dag.py:3954} INFO - Setting next_dagrun for coursework_test_connect_1111 to 2025-11-20 00:00:00+00:00, run_after=2025-11-21 00:00:00+00:00
[2025-11-20T18:28:39.420+0000] {processor.py:183} INFO - Processing /opt/airflow/dags/рабочий код.py took 0.427 seconds
[2025-11-20T18:29:09.472+0000] {processor.py:161} INFO - Started process (PID=2263) to work on /opt/airflow/dags/рабочий код.py
[2025-11-20T18:29:09.473+0000] {processor.py:830} INFO - Processing file /opt/airflow/dags/рабочий код.py for tasks to queue
[2025-11-20T18:29:09.473+0000] {logging_mixin.py:188} INFO - [2025-11-20T18:29:09.473+0000] {dagbag.py:545} INFO - Filling up the DagBag from /opt/airflow/dags/рабочий код.py
[2025-11-20T18:29:09.887+0000] {processor.py:840} INFO - DAG(s) 'coursework_test_connect_1111' retrieved from /opt/airflow/dags/рабочий код.py
[2025-11-20T18:29:09.904+0000] {logging_mixin.py:188} INFO - [2025-11-20T18:29:09.903+0000] {dag.py:3096} INFO - Sync 1 DAGs
[2025-11-20T18:29:09.919+0000] {logging_mixin.py:188} INFO - [2025-11-20T18:29:09.919+0000] {dag.py:3954} INFO - Setting next_dagrun for coursework_test_connect_1111 to 2025-11-20 00:00:00+00:00, run_after=2025-11-21 00:00:00+00:00
[2025-11-20T18:29:09.930+0000] {processor.py:183} INFO - Processing /opt/airflow/dags/рабочий код.py took 0.464 seconds
[2025-11-20T18:29:39.982+0000] {processor.py:161} INFO - Started process (PID=2280) to work on /opt/airflow/dags/рабочий код.py
[2025-11-20T18:29:39.983+0000] {processor.py:830} INFO - Processing file /opt/airflow/dags/рабочий код.py for tasks to queue
[2025-11-20T18:29:39.984+0000] {logging_mixin.py:188} INFO - [2025-11-20T18:29:39.984+0000] {dagbag.py:545} INFO - Filling up the DagBag from /opt/airflow/dags/рабочий код.py
[2025-11-20T18:29:40.294+0000] {processor.py:840} INFO - DAG(s) 'coursework_test_connect_1111' retrieved from /opt/airflow/dags/рабочий код.py
[2025-11-20T18:29:40.316+0000] {logging_mixin.py:188} INFO - [2025-11-20T18:29:40.315+0000] {dag.py:3096} INFO - Sync 1 DAGs
[2025-11-20T18:29:40.434+0000] {logging_mixin.py:188} INFO - [2025-11-20T18:29:40.434+0000] {dag.py:3954} INFO - Setting next_dagrun for coursework_test_connect_1111 to 2025-11-20 00:00:00+00:00, run_after=2025-11-21 00:00:00+00:00
[2025-11-20T18:29:40.447+0000] {processor.py:183} INFO - Processing /opt/airflow/dags/рабочий код.py took 0.469 seconds
[2025-11-20T18:30:10.568+0000] {processor.py:161} INFO - Started process (PID=2297) to work on /opt/airflow/dags/рабочий код.py
[2025-11-20T18:30:10.569+0000] {processor.py:830} INFO - Processing file /opt/airflow/dags/рабочий код.py for tasks to queue
[2025-11-20T18:30:10.570+0000] {logging_mixin.py:188} INFO - [2025-11-20T18:30:10.569+0000] {dagbag.py:545} INFO - Filling up the DagBag from /opt/airflow/dags/рабочий код.py
[2025-11-20T18:30:10.847+0000] {processor.py:840} INFO - DAG(s) 'coursework_test_connect_1111' retrieved from /opt/airflow/dags/рабочий код.py
[2025-11-20T18:30:10.866+0000] {logging_mixin.py:188} INFO - [2025-11-20T18:30:10.865+0000] {dag.py:3096} INFO - Sync 1 DAGs
[2025-11-20T18:30:10.969+0000] {logging_mixin.py:188} INFO - [2025-11-20T18:30:10.969+0000] {dag.py:3954} INFO - Setting next_dagrun for coursework_test_connect_1111 to 2025-11-20 00:00:00+00:00, run_after=2025-11-21 00:00:00+00:00
[2025-11-20T18:30:10.982+0000] {processor.py:183} INFO - Processing /opt/airflow/dags/рабочий код.py took 0.419 seconds
[2025-11-20T18:30:41.144+0000] {processor.py:161} INFO - Started process (PID=2314) to work on /opt/airflow/dags/рабочий код.py
[2025-11-20T18:30:41.145+0000] {processor.py:830} INFO - Processing file /opt/airflow/dags/рабочий код.py for tasks to queue
[2025-11-20T18:30:41.146+0000] {logging_mixin.py:188} INFO - [2025-11-20T18:30:41.145+0000] {dagbag.py:545} INFO - Filling up the DagBag from /opt/airflow/dags/рабочий код.py
[2025-11-20T18:30:41.412+0000] {processor.py:840} INFO - DAG(s) 'coursework_test_connect_1111' retrieved from /opt/airflow/dags/рабочий код.py
[2025-11-20T18:30:41.512+0000] {logging_mixin.py:188} INFO - [2025-11-20T18:30:41.512+0000] {dag.py:3096} INFO - Sync 1 DAGs
[2025-11-20T18:30:41.524+0000] {logging_mixin.py:188} INFO - [2025-11-20T18:30:41.524+0000] {dag.py:3954} INFO - Setting next_dagrun for coursework_test_connect_1111 to 2025-11-20 00:00:00+00:00, run_after=2025-11-21 00:00:00+00:00
[2025-11-20T18:30:41.535+0000] {processor.py:183} INFO - Processing /opt/airflow/dags/рабочий код.py took 0.395 seconds
[2025-11-20T18:31:11.608+0000] {processor.py:161} INFO - Started process (PID=2331) to work on /opt/airflow/dags/рабочий код.py
[2025-11-20T18:31:11.609+0000] {processor.py:830} INFO - Processing file /opt/airflow/dags/рабочий код.py for tasks to queue
[2025-11-20T18:31:11.609+0000] {logging_mixin.py:188} INFO - [2025-11-20T18:31:11.609+0000] {dagbag.py:545} INFO - Filling up the DagBag from /opt/airflow/dags/рабочий код.py
[2025-11-20T18:31:11.957+0000] {processor.py:840} INFO - DAG(s) 'coursework_test_connect_1111' retrieved from /opt/airflow/dags/рабочий код.py
[2025-11-20T18:31:11.972+0000] {logging_mixin.py:188} INFO - [2025-11-20T18:31:11.971+0000] {dag.py:3096} INFO - Sync 1 DAGs
[2025-11-20T18:31:11.983+0000] {logging_mixin.py:188} INFO - [2025-11-20T18:31:11.983+0000] {dag.py:3954} INFO - Setting next_dagrun for coursework_test_connect_1111 to 2025-11-20 00:00:00+00:00, run_after=2025-11-21 00:00:00+00:00
[2025-11-20T18:31:11.995+0000] {processor.py:183} INFO - Processing /opt/airflow/dags/рабочий код.py took 0.391 seconds
[2025-11-20T18:31:42.604+0000] {processor.py:161} INFO - Started process (PID=2348) to work on /opt/airflow/dags/рабочий код.py
[2025-11-20T18:31:42.605+0000] {processor.py:830} INFO - Processing file /opt/airflow/dags/рабочий код.py for tasks to queue
[2025-11-20T18:31:42.606+0000] {logging_mixin.py:188} INFO - [2025-11-20T18:31:42.606+0000] {dagbag.py:545} INFO - Filling up the DagBag from /opt/airflow/dags/рабочий код.py
[2025-11-20T18:31:43.013+0000] {processor.py:840} INFO - DAG(s) 'coursework_test_connect_1111' retrieved from /opt/airflow/dags/рабочий код.py
[2025-11-20T18:31:43.029+0000] {logging_mixin.py:188} INFO - [2025-11-20T18:31:43.029+0000] {dag.py:3096} INFO - Sync 1 DAGs
[2025-11-20T18:31:43.043+0000] {logging_mixin.py:188} INFO - [2025-11-20T18:31:43.043+0000] {dag.py:3954} INFO - Setting next_dagrun for coursework_test_connect_1111 to 2025-11-20 00:00:00+00:00, run_after=2025-11-21 00:00:00+00:00
[2025-11-20T18:31:43.056+0000] {processor.py:183} INFO - Processing /opt/airflow/dags/рабочий код.py took 0.456 seconds
[2025-11-20T18:32:13.955+0000] {processor.py:161} INFO - Started process (PID=2365) to work on /opt/airflow/dags/рабочий код.py
[2025-11-20T18:32:13.956+0000] {processor.py:830} INFO - Processing file /opt/airflow/dags/рабочий код.py for tasks to queue
[2025-11-20T18:32:13.957+0000] {logging_mixin.py:188} INFO - [2025-11-20T18:32:13.957+0000] {dagbag.py:545} INFO - Filling up the DagBag from /opt/airflow/dags/рабочий код.py
[2025-11-20T18:32:14.270+0000] {processor.py:840} INFO - DAG(s) 'coursework_test_connect_1111' retrieved from /opt/airflow/dags/рабочий код.py
[2025-11-20T18:32:14.286+0000] {logging_mixin.py:188} INFO - [2025-11-20T18:32:14.286+0000] {dag.py:3096} INFO - Sync 1 DAGs
[2025-11-20T18:32:14.379+0000] {logging_mixin.py:188} INFO - [2025-11-20T18:32:14.379+0000] {dag.py:3954} INFO - Setting next_dagrun for coursework_test_connect_1111 to 2025-11-20 00:00:00+00:00, run_after=2025-11-21 00:00:00+00:00
[2025-11-20T18:32:14.392+0000] {processor.py:183} INFO - Processing /opt/airflow/dags/рабочий код.py took 0.444 seconds
[2025-11-20T18:32:44.492+0000] {processor.py:161} INFO - Started process (PID=2382) to work on /opt/airflow/dags/рабочий код.py
[2025-11-20T18:32:44.493+0000] {processor.py:830} INFO - Processing file /opt/airflow/dags/рабочий код.py for tasks to queue
[2025-11-20T18:32:44.493+0000] {logging_mixin.py:188} INFO - [2025-11-20T18:32:44.493+0000] {dagbag.py:545} INFO - Filling up the DagBag from /opt/airflow/dags/рабочий код.py
[2025-11-20T18:32:44.814+0000] {processor.py:840} INFO - DAG(s) 'coursework_test_connect_1111' retrieved from /opt/airflow/dags/рабочий код.py
[2025-11-20T18:32:44.923+0000] {logging_mixin.py:188} INFO - [2025-11-20T18:32:44.923+0000] {dag.py:3096} INFO - Sync 1 DAGs
[2025-11-20T18:32:44.936+0000] {logging_mixin.py:188} INFO - [2025-11-20T18:32:44.936+0000] {dag.py:3954} INFO - Setting next_dagrun for coursework_test_connect_1111 to 2025-11-20 00:00:00+00:00, run_after=2025-11-21 00:00:00+00:00
[2025-11-20T18:32:44.949+0000] {processor.py:183} INFO - Processing /opt/airflow/dags/рабочий код.py took 0.462 seconds
[2025-11-20T18:33:15.809+0000] {processor.py:161} INFO - Started process (PID=2399) to work on /opt/airflow/dags/рабочий код.py
[2025-11-20T18:33:15.810+0000] {processor.py:830} INFO - Processing file /opt/airflow/dags/рабочий код.py for tasks to queue
[2025-11-20T18:33:15.811+0000] {logging_mixin.py:188} INFO - [2025-11-20T18:33:15.810+0000] {dagbag.py:545} INFO - Filling up the DagBag from /opt/airflow/dags/рабочий код.py
[2025-11-20T18:33:16.206+0000] {processor.py:840} INFO - DAG(s) 'coursework_test_connect_1111' retrieved from /opt/airflow/dags/рабочий код.py
[2025-11-20T18:33:16.220+0000] {logging_mixin.py:188} INFO - [2025-11-20T18:33:16.220+0000] {dag.py:3096} INFO - Sync 1 DAGs
[2025-11-20T18:33:16.233+0000] {logging_mixin.py:188} INFO - [2025-11-20T18:33:16.233+0000] {dag.py:3954} INFO - Setting next_dagrun for coursework_test_connect_1111 to 2025-11-20 00:00:00+00:00, run_after=2025-11-21 00:00:00+00:00
[2025-11-20T18:33:16.244+0000] {processor.py:183} INFO - Processing /opt/airflow/dags/рабочий код.py took 0.441 seconds
[2025-11-20T18:33:46.339+0000] {processor.py:161} INFO - Started process (PID=2416) to work on /opt/airflow/dags/рабочий код.py
[2025-11-20T18:33:46.340+0000] {processor.py:830} INFO - Processing file /opt/airflow/dags/рабочий код.py for tasks to queue
[2025-11-20T18:33:46.341+0000] {logging_mixin.py:188} INFO - [2025-11-20T18:33:46.341+0000] {dagbag.py:545} INFO - Filling up the DagBag from /opt/airflow/dags/рабочий код.py
[2025-11-20T18:33:46.726+0000] {processor.py:840} INFO - DAG(s) 'coursework_test_connect_1111' retrieved from /opt/airflow/dags/рабочий код.py
[2025-11-20T18:33:46.740+0000] {logging_mixin.py:188} INFO - [2025-11-20T18:33:46.740+0000] {dag.py:3096} INFO - Sync 1 DAGs
[2025-11-20T18:33:46.752+0000] {logging_mixin.py:188} INFO - [2025-11-20T18:33:46.751+0000] {dag.py:3954} INFO - Setting next_dagrun for coursework_test_connect_1111 to 2025-11-20 00:00:00+00:00, run_after=2025-11-21 00:00:00+00:00
[2025-11-20T18:33:46.763+0000] {processor.py:183} INFO - Processing /opt/airflow/dags/рабочий код.py took 0.428 seconds
[2025-11-20T18:34:17.645+0000] {processor.py:161} INFO - Started process (PID=2439) to work on /opt/airflow/dags/рабочий код.py
[2025-11-20T18:34:17.645+0000] {processor.py:830} INFO - Processing file /opt/airflow/dags/рабочий код.py for tasks to queue
[2025-11-20T18:34:17.646+0000] {logging_mixin.py:188} INFO - [2025-11-20T18:34:17.646+0000] {dagbag.py:545} INFO - Filling up the DagBag from /opt/airflow/dags/рабочий код.py
[2025-11-20T18:34:18.013+0000] {processor.py:840} INFO - DAG(s) 'coursework_test_connect_1111' retrieved from /opt/airflow/dags/рабочий код.py
[2025-11-20T18:34:18.029+0000] {logging_mixin.py:188} INFO - [2025-11-20T18:34:18.028+0000] {dag.py:3096} INFO - Sync 1 DAGs
[2025-11-20T18:34:18.042+0000] {logging_mixin.py:188} INFO - [2025-11-20T18:34:18.042+0000] {dag.py:3954} INFO - Setting next_dagrun for coursework_test_connect_1111 to 2025-11-20 00:00:00+00:00, run_after=2025-11-21 00:00:00+00:00
[2025-11-20T18:34:18.055+0000] {processor.py:183} INFO - Processing /opt/airflow/dags/рабочий код.py took 0.415 seconds
[2025-11-20T18:34:48.253+0000] {processor.py:161} INFO - Started process (PID=2456) to work on /opt/airflow/dags/рабочий код.py
[2025-11-20T18:34:48.254+0000] {processor.py:830} INFO - Processing file /opt/airflow/dags/рабочий код.py for tasks to queue
[2025-11-20T18:34:48.254+0000] {logging_mixin.py:188} INFO - [2025-11-20T18:34:48.254+0000] {dagbag.py:545} INFO - Filling up the DagBag from /opt/airflow/dags/рабочий код.py
[2025-11-20T18:34:48.539+0000] {processor.py:840} INFO - DAG(s) 'coursework_test_connect_1111' retrieved from /opt/airflow/dags/рабочий код.py
[2025-11-20T18:34:48.647+0000] {logging_mixin.py:188} INFO - [2025-11-20T18:34:48.647+0000] {dag.py:3096} INFO - Sync 1 DAGs
[2025-11-20T18:34:48.659+0000] {logging_mixin.py:188} INFO - [2025-11-20T18:34:48.659+0000] {dag.py:3954} INFO - Setting next_dagrun for coursework_test_connect_1111 to 2025-11-20 00:00:00+00:00, run_after=2025-11-21 00:00:00+00:00
[2025-11-20T18:34:48.671+0000] {processor.py:183} INFO - Processing /opt/airflow/dags/рабочий код.py took 0.423 seconds
[2025-11-20T18:35:19.623+0000] {processor.py:161} INFO - Started process (PID=2474) to work on /opt/airflow/dags/рабочий код.py
[2025-11-20T18:35:19.624+0000] {processor.py:830} INFO - Processing file /opt/airflow/dags/рабочий код.py for tasks to queue
[2025-11-20T18:35:19.625+0000] {logging_mixin.py:188} INFO - [2025-11-20T18:35:19.625+0000] {dagbag.py:545} INFO - Filling up the DagBag from /opt/airflow/dags/рабочий код.py
[2025-11-20T18:35:19.981+0000] {processor.py:840} INFO - DAG(s) 'coursework_test_connect_1111' retrieved from /opt/airflow/dags/рабочий код.py
[2025-11-20T18:35:19.995+0000] {logging_mixin.py:188} INFO - [2025-11-20T18:35:19.994+0000] {dag.py:3096} INFO - Sync 1 DAGs
[2025-11-20T18:35:20.006+0000] {logging_mixin.py:188} INFO - [2025-11-20T18:35:20.006+0000] {dag.py:3954} INFO - Setting next_dagrun for coursework_test_connect_1111 to 2025-11-20 00:00:00+00:00, run_after=2025-11-21 00:00:00+00:00
[2025-11-20T18:35:20.016+0000] {processor.py:183} INFO - Processing /opt/airflow/dags/рабочий код.py took 0.397 seconds
[2025-11-20T18:35:50.093+0000] {processor.py:161} INFO - Started process (PID=2491) to work on /opt/airflow/dags/рабочий код.py
[2025-11-20T18:35:50.094+0000] {processor.py:830} INFO - Processing file /opt/airflow/dags/рабочий код.py for tasks to queue
[2025-11-20T18:35:50.095+0000] {logging_mixin.py:188} INFO - [2025-11-20T18:35:50.095+0000] {dagbag.py:545} INFO - Filling up the DagBag from /opt/airflow/dags/рабочий код.py
[2025-11-20T18:35:50.455+0000] {processor.py:840} INFO - DAG(s) 'coursework_test_connect_1111' retrieved from /opt/airflow/dags/рабочий код.py
[2025-11-20T18:35:50.470+0000] {logging_mixin.py:188} INFO - [2025-11-20T18:35:50.469+0000] {dag.py:3096} INFO - Sync 1 DAGs
[2025-11-20T18:35:50.482+0000] {logging_mixin.py:188} INFO - [2025-11-20T18:35:50.482+0000] {dag.py:3954} INFO - Setting next_dagrun for coursework_test_connect_1111 to 2025-11-20 00:00:00+00:00, run_after=2025-11-21 00:00:00+00:00
[2025-11-20T18:35:50.492+0000] {processor.py:183} INFO - Processing /opt/airflow/dags/рабочий код.py took 0.403 seconds
[2025-11-20T18:36:20.647+0000] {processor.py:161} INFO - Started process (PID=2508) to work on /opt/airflow/dags/рабочий код.py
[2025-11-20T18:36:20.648+0000] {processor.py:830} INFO - Processing file /opt/airflow/dags/рабочий код.py for tasks to queue
[2025-11-20T18:36:20.648+0000] {logging_mixin.py:188} INFO - [2025-11-20T18:36:20.648+0000] {dagbag.py:545} INFO - Filling up the DagBag from /opt/airflow/dags/рабочий код.py
[2025-11-20T18:36:21.017+0000] {processor.py:840} INFO - DAG(s) 'coursework_test_connect_1111' retrieved from /opt/airflow/dags/рабочий код.py
[2025-11-20T18:36:21.031+0000] {logging_mixin.py:188} INFO - [2025-11-20T18:36:21.031+0000] {dag.py:3096} INFO - Sync 1 DAGs
[2025-11-20T18:36:21.044+0000] {logging_mixin.py:188} INFO - [2025-11-20T18:36:21.044+0000] {dag.py:3954} INFO - Setting next_dagrun for coursework_test_connect_1111 to 2025-11-20 00:00:00+00:00, run_after=2025-11-21 00:00:00+00:00
[2025-11-20T18:36:21.055+0000] {processor.py:183} INFO - Processing /opt/airflow/dags/рабочий код.py took 0.412 seconds
[2025-11-20T18:36:51.503+0000] {processor.py:161} INFO - Started process (PID=2525) to work on /opt/airflow/dags/рабочий код.py
[2025-11-20T18:36:51.503+0000] {processor.py:830} INFO - Processing file /opt/airflow/dags/рабочий код.py for tasks to queue
[2025-11-20T18:36:51.504+0000] {logging_mixin.py:188} INFO - [2025-11-20T18:36:51.504+0000] {dagbag.py:545} INFO - Filling up the DagBag from /opt/airflow/dags/рабочий код.py
[2025-11-20T18:36:51.874+0000] {processor.py:840} INFO - DAG(s) 'coursework_test_connect_1111' retrieved from /opt/airflow/dags/рабочий код.py
[2025-11-20T18:36:51.888+0000] {logging_mixin.py:188} INFO - [2025-11-20T18:36:51.888+0000] {dag.py:3096} INFO - Sync 1 DAGs
[2025-11-20T18:36:51.900+0000] {logging_mixin.py:188} INFO - [2025-11-20T18:36:51.900+0000] {dag.py:3954} INFO - Setting next_dagrun for coursework_test_connect_1111 to 2025-11-20 00:00:00+00:00, run_after=2025-11-21 00:00:00+00:00
[2025-11-20T18:36:51.910+0000] {processor.py:183} INFO - Processing /opt/airflow/dags/рабочий код.py took 0.412 seconds
[2025-11-20T18:37:22.178+0000] {processor.py:161} INFO - Started process (PID=2542) to work on /opt/airflow/dags/рабочий код.py
[2025-11-20T18:37:22.178+0000] {processor.py:830} INFO - Processing file /opt/airflow/dags/рабочий код.py for tasks to queue
[2025-11-20T18:37:22.179+0000] {logging_mixin.py:188} INFO - [2025-11-20T18:37:22.179+0000] {dagbag.py:545} INFO - Filling up the DagBag from /opt/airflow/dags/рабочий код.py
[2025-11-20T18:37:22.738+0000] {processor.py:840} INFO - DAG(s) 'coursework_test_connect_1111' retrieved from /opt/airflow/dags/рабочий код.py
[2025-11-20T18:37:22.757+0000] {logging_mixin.py:188} INFO - [2025-11-20T18:37:22.757+0000] {dag.py:3096} INFO - Sync 1 DAGs
[2025-11-20T18:37:22.772+0000] {logging_mixin.py:188} INFO - [2025-11-20T18:37:22.772+0000] {dag.py:3954} INFO - Setting next_dagrun for coursework_test_connect_1111 to 2025-11-20 00:00:00+00:00, run_after=2025-11-21 00:00:00+00:00
[2025-11-20T18:37:22.786+0000] {processor.py:183} INFO - Processing /opt/airflow/dags/рабочий код.py took 0.613 seconds
[2025-11-20T18:37:53.365+0000] {processor.py:161} INFO - Started process (PID=2559) to work on /opt/airflow/dags/рабочий код.py
[2025-11-20T18:37:53.366+0000] {processor.py:830} INFO - Processing file /opt/airflow/dags/рабочий код.py for tasks to queue
[2025-11-20T18:37:53.366+0000] {logging_mixin.py:188} INFO - [2025-11-20T18:37:53.366+0000] {dagbag.py:545} INFO - Filling up the DagBag from /opt/airflow/dags/рабочий код.py
[2025-11-20T18:37:53.785+0000] {processor.py:840} INFO - DAG(s) 'coursework_test_connect_1111' retrieved from /opt/airflow/dags/рабочий код.py
[2025-11-20T18:37:53.798+0000] {logging_mixin.py:188} INFO - [2025-11-20T18:37:53.798+0000] {dag.py:3096} INFO - Sync 1 DAGs
[2025-11-20T18:37:53.811+0000] {logging_mixin.py:188} INFO - [2025-11-20T18:37:53.811+0000] {dag.py:3954} INFO - Setting next_dagrun for coursework_test_connect_1111 to 2025-11-20 00:00:00+00:00, run_after=2025-11-21 00:00:00+00:00
[2025-11-20T18:37:53.821+0000] {processor.py:183} INFO - Processing /opt/airflow/dags/рабочий код.py took 0.461 seconds
[2025-11-20T18:38:24.644+0000] {processor.py:161} INFO - Started process (PID=2576) to work on /opt/airflow/dags/рабочий код.py
[2025-11-20T18:38:24.644+0000] {processor.py:830} INFO - Processing file /opt/airflow/dags/рабочий код.py for tasks to queue
[2025-11-20T18:38:24.645+0000] {logging_mixin.py:188} INFO - [2025-11-20T18:38:24.645+0000] {dagbag.py:545} INFO - Filling up the DagBag from /opt/airflow/dags/рабочий код.py
[2025-11-20T18:38:25.021+0000] {processor.py:840} INFO - DAG(s) 'coursework_test_connect_1111' retrieved from /opt/airflow/dags/рабочий код.py
[2025-11-20T18:38:25.036+0000] {logging_mixin.py:188} INFO - [2025-11-20T18:38:25.036+0000] {dag.py:3096} INFO - Sync 1 DAGs
[2025-11-20T18:38:25.049+0000] {logging_mixin.py:188} INFO - [2025-11-20T18:38:25.049+0000] {dag.py:3954} INFO - Setting next_dagrun for coursework_test_connect_1111 to 2025-11-20 00:00:00+00:00, run_after=2025-11-21 00:00:00+00:00
[2025-11-20T18:38:25.060+0000] {processor.py:183} INFO - Processing /opt/airflow/dags/рабочий код.py took 0.420 seconds
[2025-11-20T18:38:55.508+0000] {processor.py:161} INFO - Started process (PID=2593) to work on /opt/airflow/dags/рабочий код.py
[2025-11-20T18:38:55.509+0000] {processor.py:830} INFO - Processing file /opt/airflow/dags/рабочий код.py for tasks to queue
[2025-11-20T18:38:55.510+0000] {logging_mixin.py:188} INFO - [2025-11-20T18:38:55.510+0000] {dagbag.py:545} INFO - Filling up the DagBag from /opt/airflow/dags/рабочий код.py
[2025-11-20T18:38:55.891+0000] {processor.py:840} INFO - DAG(s) 'coursework_test_connect_1111' retrieved from /opt/airflow/dags/рабочий код.py
[2025-11-20T18:38:55.906+0000] {logging_mixin.py:188} INFO - [2025-11-20T18:38:55.906+0000] {dag.py:3096} INFO - Sync 1 DAGs
[2025-11-20T18:38:55.921+0000] {logging_mixin.py:188} INFO - [2025-11-20T18:38:55.921+0000] {dag.py:3954} INFO - Setting next_dagrun for coursework_test_connect_1111 to 2025-11-20 00:00:00+00:00, run_after=2025-11-21 00:00:00+00:00
[2025-11-20T18:38:55.932+0000] {processor.py:183} INFO - Processing /opt/airflow/dags/рабочий код.py took 0.428 seconds
[2025-11-20T18:39:26.046+0000] {processor.py:161} INFO - Started process (PID=2610) to work on /opt/airflow/dags/рабочий код.py
[2025-11-20T18:39:26.047+0000] {processor.py:830} INFO - Processing file /opt/airflow/dags/рабочий код.py for tasks to queue
[2025-11-20T18:39:26.047+0000] {logging_mixin.py:188} INFO - [2025-11-20T18:39:26.047+0000] {dagbag.py:545} INFO - Filling up the DagBag from /opt/airflow/dags/рабочий код.py
[2025-11-20T18:39:26.428+0000] {processor.py:840} INFO - DAG(s) 'coursework_test_connect_1111' retrieved from /opt/airflow/dags/рабочий код.py
[2025-11-20T18:39:26.442+0000] {logging_mixin.py:188} INFO - [2025-11-20T18:39:26.442+0000] {dag.py:3096} INFO - Sync 1 DAGs
[2025-11-20T18:39:26.454+0000] {logging_mixin.py:188} INFO - [2025-11-20T18:39:26.454+0000] {dag.py:3954} INFO - Setting next_dagrun for coursework_test_connect_1111 to 2025-11-20 00:00:00+00:00, run_after=2025-11-21 00:00:00+00:00
[2025-11-20T18:39:26.465+0000] {processor.py:183} INFO - Processing /opt/airflow/dags/рабочий код.py took 0.425 seconds
[2025-11-20T18:39:56.573+0000] {processor.py:161} INFO - Started process (PID=2627) to work on /opt/airflow/dags/рабочий код.py
[2025-11-20T18:39:56.574+0000] {processor.py:830} INFO - Processing file /opt/airflow/dags/рабочий код.py for tasks to queue
[2025-11-20T18:39:56.575+0000] {logging_mixin.py:188} INFO - [2025-11-20T18:39:56.575+0000] {dagbag.py:545} INFO - Filling up the DagBag from /opt/airflow/dags/рабочий код.py
[2025-11-20T18:39:56.943+0000] {processor.py:840} INFO - DAG(s) 'coursework_test_connect_1111' retrieved from /opt/airflow/dags/рабочий код.py
[2025-11-20T18:39:56.957+0000] {logging_mixin.py:188} INFO - [2025-11-20T18:39:56.957+0000] {dag.py:3096} INFO - Sync 1 DAGs
[2025-11-20T18:39:56.970+0000] {logging_mixin.py:188} INFO - [2025-11-20T18:39:56.969+0000] {dag.py:3954} INFO - Setting next_dagrun for coursework_test_connect_1111 to 2025-11-20 00:00:00+00:00, run_after=2025-11-21 00:00:00+00:00
[2025-11-20T18:39:56.980+0000] {processor.py:183} INFO - Processing /opt/airflow/dags/рабочий код.py took 0.411 seconds
[2025-11-20T18:40:27.077+0000] {processor.py:161} INFO - Started process (PID=2644) to work on /opt/airflow/dags/рабочий код.py
[2025-11-20T18:40:27.078+0000] {processor.py:830} INFO - Processing file /opt/airflow/dags/рабочий код.py for tasks to queue
[2025-11-20T18:40:27.079+0000] {logging_mixin.py:188} INFO - [2025-11-20T18:40:27.079+0000] {dagbag.py:545} INFO - Filling up the DagBag from /opt/airflow/dags/рабочий код.py
[2025-11-20T18:40:27.442+0000] {processor.py:840} INFO - DAG(s) 'coursework_test_connect_1111' retrieved from /opt/airflow/dags/рабочий код.py
[2025-11-20T18:40:27.458+0000] {logging_mixin.py:188} INFO - [2025-11-20T18:40:27.458+0000] {dag.py:3096} INFO - Sync 1 DAGs
[2025-11-20T18:40:27.471+0000] {logging_mixin.py:188} INFO - [2025-11-20T18:40:27.470+0000] {dag.py:3954} INFO - Setting next_dagrun for coursework_test_connect_1111 to 2025-11-20 00:00:00+00:00, run_after=2025-11-21 00:00:00+00:00
[2025-11-20T18:40:27.481+0000] {processor.py:183} INFO - Processing /opt/airflow/dags/рабочий код.py took 0.408 seconds
[2025-11-20T18:40:57.667+0000] {processor.py:161} INFO - Started process (PID=2661) to work on /opt/airflow/dags/рабочий код.py
[2025-11-20T18:40:57.668+0000] {processor.py:830} INFO - Processing file /opt/airflow/dags/рабочий код.py for tasks to queue
[2025-11-20T18:40:57.669+0000] {logging_mixin.py:188} INFO - [2025-11-20T18:40:57.669+0000] {dagbag.py:545} INFO - Filling up the DagBag from /opt/airflow/dags/рабочий код.py
[2025-11-20T18:40:58.024+0000] {processor.py:840} INFO - DAG(s) 'coursework_test_connect_1111' retrieved from /opt/airflow/dags/рабочий код.py
[2025-11-20T18:40:58.040+0000] {logging_mixin.py:188} INFO - [2025-11-20T18:40:58.040+0000] {dag.py:3096} INFO - Sync 1 DAGs
[2025-11-20T18:40:58.051+0000] {logging_mixin.py:188} INFO - [2025-11-20T18:40:58.051+0000] {dag.py:3954} INFO - Setting next_dagrun for coursework_test_connect_1111 to 2025-11-20 00:00:00+00:00, run_after=2025-11-21 00:00:00+00:00
[2025-11-20T18:40:58.062+0000] {processor.py:183} INFO - Processing /opt/airflow/dags/рабочий код.py took 0.400 seconds
[2025-11-20T18:41:28.262+0000] {processor.py:161} INFO - Started process (PID=2678) to work on /opt/airflow/dags/рабочий код.py
[2025-11-20T18:41:28.263+0000] {processor.py:830} INFO - Processing file /opt/airflow/dags/рабочий код.py for tasks to queue
[2025-11-20T18:41:28.264+0000] {logging_mixin.py:188} INFO - [2025-11-20T18:41:28.264+0000] {dagbag.py:545} INFO - Filling up the DagBag from /opt/airflow/dags/рабочий код.py
[2025-11-20T18:41:28.651+0000] {processor.py:840} INFO - DAG(s) 'coursework_test_connect_1111' retrieved from /opt/airflow/dags/рабочий код.py
[2025-11-20T18:41:28.665+0000] {logging_mixin.py:188} INFO - [2025-11-20T18:41:28.665+0000] {dag.py:3096} INFO - Sync 1 DAGs
[2025-11-20T18:41:28.678+0000] {logging_mixin.py:188} INFO - [2025-11-20T18:41:28.678+0000] {dag.py:3954} INFO - Setting next_dagrun for coursework_test_connect_1111 to 2025-11-20 00:00:00+00:00, run_after=2025-11-21 00:00:00+00:00
[2025-11-20T18:41:28.689+0000] {processor.py:183} INFO - Processing /opt/airflow/dags/рабочий код.py took 0.431 seconds
[2025-11-20T18:41:58.826+0000] {processor.py:161} INFO - Started process (PID=2695) to work on /opt/airflow/dags/рабочий код.py
[2025-11-20T18:41:58.827+0000] {processor.py:830} INFO - Processing file /opt/airflow/dags/рабочий код.py for tasks to queue
[2025-11-20T18:41:58.828+0000] {logging_mixin.py:188} INFO - [2025-11-20T18:41:58.827+0000] {dagbag.py:545} INFO - Filling up the DagBag from /opt/airflow/dags/рабочий код.py
[2025-11-20T18:41:59.245+0000] {processor.py:840} INFO - DAG(s) 'coursework_test_connect_1111' retrieved from /opt/airflow/dags/рабочий код.py
[2025-11-20T18:41:59.260+0000] {logging_mixin.py:188} INFO - [2025-11-20T18:41:59.260+0000] {dag.py:3096} INFO - Sync 1 DAGs
[2025-11-20T18:41:59.274+0000] {logging_mixin.py:188} INFO - [2025-11-20T18:41:59.274+0000] {dag.py:3954} INFO - Setting next_dagrun for coursework_test_connect_1111 to 2025-11-20 00:00:00+00:00, run_after=2025-11-21 00:00:00+00:00
[2025-11-20T18:41:59.284+0000] {processor.py:183} INFO - Processing /opt/airflow/dags/рабочий код.py took 0.463 seconds
[2025-11-20T18:42:29.489+0000] {processor.py:161} INFO - Started process (PID=2712) to work on /opt/airflow/dags/рабочий код.py
[2025-11-20T18:42:29.490+0000] {processor.py:830} INFO - Processing file /opt/airflow/dags/рабочий код.py for tasks to queue
[2025-11-20T18:42:29.491+0000] {logging_mixin.py:188} INFO - [2025-11-20T18:42:29.491+0000] {dagbag.py:545} INFO - Filling up the DagBag from /opt/airflow/dags/рабочий код.py
[2025-11-20T18:42:29.915+0000] {processor.py:840} INFO - DAG(s) 'coursework_test_connect_1111' retrieved from /opt/airflow/dags/рабочий код.py
[2025-11-20T18:42:29.930+0000] {logging_mixin.py:188} INFO - [2025-11-20T18:42:29.930+0000] {dag.py:3096} INFO - Sync 1 DAGs
[2025-11-20T18:42:29.944+0000] {logging_mixin.py:188} INFO - [2025-11-20T18:42:29.943+0000] {dag.py:3954} INFO - Setting next_dagrun for coursework_test_connect_1111 to 2025-11-20 00:00:00+00:00, run_after=2025-11-21 00:00:00+00:00
[2025-11-20T18:42:29.955+0000] {processor.py:183} INFO - Processing /opt/airflow/dags/рабочий код.py took 0.472 seconds
[2025-11-20T18:43:00.083+0000] {processor.py:161} INFO - Started process (PID=2729) to work on /opt/airflow/dags/рабочий код.py
[2025-11-20T18:43:00.084+0000] {processor.py:830} INFO - Processing file /opt/airflow/dags/рабочий код.py for tasks to queue
[2025-11-20T18:43:00.084+0000] {logging_mixin.py:188} INFO - [2025-11-20T18:43:00.084+0000] {dagbag.py:545} INFO - Filling up the DagBag from /opt/airflow/dags/рабочий код.py
[2025-11-20T18:43:00.452+0000] {processor.py:840} INFO - DAG(s) 'coursework_test_connect_1111' retrieved from /opt/airflow/dags/рабочий код.py
[2025-11-20T18:43:00.467+0000] {logging_mixin.py:188} INFO - [2025-11-20T18:43:00.467+0000] {dag.py:3096} INFO - Sync 1 DAGs
[2025-11-20T18:43:00.480+0000] {logging_mixin.py:188} INFO - [2025-11-20T18:43:00.480+0000] {dag.py:3954} INFO - Setting next_dagrun for coursework_test_connect_1111 to 2025-11-20 00:00:00+00:00, run_after=2025-11-21 00:00:00+00:00
[2025-11-20T18:43:00.491+0000] {processor.py:183} INFO - Processing /opt/airflow/dags/рабочий код.py took 0.412 seconds
[2025-11-20T18:43:30.723+0000] {processor.py:161} INFO - Started process (PID=2746) to work on /opt/airflow/dags/рабочий код.py
[2025-11-20T18:43:30.724+0000] {processor.py:830} INFO - Processing file /opt/airflow/dags/рабочий код.py for tasks to queue
[2025-11-20T18:43:30.725+0000] {logging_mixin.py:188} INFO - [2025-11-20T18:43:30.725+0000] {dagbag.py:545} INFO - Filling up the DagBag from /opt/airflow/dags/рабочий код.py
[2025-11-20T18:43:31.106+0000] {processor.py:840} INFO - DAG(s) 'coursework_test_connect_1111' retrieved from /opt/airflow/dags/рабочий код.py
[2025-11-20T18:43:31.121+0000] {logging_mixin.py:188} INFO - [2025-11-20T18:43:31.121+0000] {dag.py:3096} INFO - Sync 1 DAGs
[2025-11-20T18:43:31.133+0000] {logging_mixin.py:188} INFO - [2025-11-20T18:43:31.133+0000] {dag.py:3954} INFO - Setting next_dagrun for coursework_test_connect_1111 to 2025-11-20 00:00:00+00:00, run_after=2025-11-21 00:00:00+00:00
[2025-11-20T18:43:31.146+0000] {processor.py:183} INFO - Processing /opt/airflow/dags/рабочий код.py took 0.427 seconds
[2025-11-20T18:44:01.241+0000] {processor.py:161} INFO - Started process (PID=2763) to work on /opt/airflow/dags/рабочий код.py
[2025-11-20T18:44:01.242+0000] {processor.py:830} INFO - Processing file /opt/airflow/dags/рабочий код.py for tasks to queue
[2025-11-20T18:44:01.243+0000] {logging_mixin.py:188} INFO - [2025-11-20T18:44:01.243+0000] {dagbag.py:545} INFO - Filling up the DagBag from /opt/airflow/dags/рабочий код.py
[2025-11-20T18:44:01.590+0000] {processor.py:840} INFO - DAG(s) 'coursework_test_connect_1111' retrieved from /opt/airflow/dags/рабочий код.py
[2025-11-20T18:44:01.604+0000] {logging_mixin.py:188} INFO - [2025-11-20T18:44:01.603+0000] {dag.py:3096} INFO - Sync 1 DAGs
[2025-11-20T18:44:01.614+0000] {logging_mixin.py:188} INFO - [2025-11-20T18:44:01.614+0000] {dag.py:3954} INFO - Setting next_dagrun for coursework_test_connect_1111 to 2025-11-20 00:00:00+00:00, run_after=2025-11-21 00:00:00+00:00
[2025-11-20T18:44:01.627+0000] {processor.py:183} INFO - Processing /opt/airflow/dags/рабочий код.py took 0.389 seconds
[2025-11-20T18:44:31.912+0000] {processor.py:161} INFO - Started process (PID=2780) to work on /opt/airflow/dags/рабочий код.py
[2025-11-20T18:44:31.913+0000] {processor.py:830} INFO - Processing file /opt/airflow/dags/рабочий код.py for tasks to queue
[2025-11-20T18:44:31.914+0000] {logging_mixin.py:188} INFO - [2025-11-20T18:44:31.913+0000] {dagbag.py:545} INFO - Filling up the DagBag from /opt/airflow/dags/рабочий код.py
[2025-11-20T18:44:32.249+0000] {processor.py:840} INFO - DAG(s) 'coursework_test_connect_1111' retrieved from /opt/airflow/dags/рабочий код.py
[2025-11-20T18:44:32.263+0000] {logging_mixin.py:188} INFO - [2025-11-20T18:44:32.262+0000] {dag.py:3096} INFO - Sync 1 DAGs
[2025-11-20T18:44:32.275+0000] {logging_mixin.py:188} INFO - [2025-11-20T18:44:32.275+0000] {dag.py:3954} INFO - Setting next_dagrun for coursework_test_connect_1111 to 2025-11-20 00:00:00+00:00, run_after=2025-11-21 00:00:00+00:00
[2025-11-20T18:44:32.289+0000] {processor.py:183} INFO - Processing /opt/airflow/dags/рабочий код.py took 0.380 seconds
[2025-11-20T18:45:02.963+0000] {processor.py:161} INFO - Started process (PID=2797) to work on /opt/airflow/dags/рабочий код.py
[2025-11-20T18:45:02.964+0000] {processor.py:830} INFO - Processing file /opt/airflow/dags/рабочий код.py for tasks to queue
[2025-11-20T18:45:02.965+0000] {logging_mixin.py:188} INFO - [2025-11-20T18:45:02.965+0000] {dagbag.py:545} INFO - Filling up the DagBag from /opt/airflow/dags/рабочий код.py
[2025-11-20T18:45:03.384+0000] {processor.py:840} INFO - DAG(s) 'coursework_test_connect_1111' retrieved from /opt/airflow/dags/рабочий код.py
[2025-11-20T18:45:03.402+0000] {logging_mixin.py:188} INFO - [2025-11-20T18:45:03.401+0000] {dag.py:3096} INFO - Sync 1 DAGs
[2025-11-20T18:45:03.413+0000] {logging_mixin.py:188} INFO - [2025-11-20T18:45:03.413+0000] {dag.py:3954} INFO - Setting next_dagrun for coursework_test_connect_1111 to 2025-11-20 00:00:00+00:00, run_after=2025-11-21 00:00:00+00:00
[2025-11-20T18:45:03.424+0000] {processor.py:183} INFO - Processing /opt/airflow/dags/рабочий код.py took 0.464 seconds
