[2025-11-22T08:23:19.931+0000] {local_task_job_runner.py:120} INFO - ::group::Pre task execution logs
[2025-11-22T08:23:19.949+0000] {taskinstance.py:2076} INFO - Dependencies all met for dep_context=non-requeueable deps ti=<TaskInstance: my_course_final.process_csv_simple manual__2025-11-22T08:23:18.365200+00:00 [queued]>
[2025-11-22T08:23:19.956+0000] {taskinstance.py:2076} INFO - Dependencies all met for dep_context=requeueable deps ti=<TaskInstance: my_course_final.process_csv_simple manual__2025-11-22T08:23:18.365200+00:00 [queued]>
[2025-11-22T08:23:19.957+0000] {taskinstance.py:2306} INFO - Starting attempt 1 of 1
[2025-11-22T08:23:19.966+0000] {taskinstance.py:2330} INFO - Executing <Task(PythonOperator): process_csv_simple> on 2025-11-22 08:23:18.365200+00:00
[2025-11-22T08:23:19.971+0000] {warnings.py:112} WARNING - /home/***/.local/lib/python3.12/site-packages/***/task/task_runner/standard_task_runner.py:61: DeprecationWarning: This process (pid=4706) is multi-threaded, use of fork() may lead to deadlocks in the child.
  pid = os.fork()

[2025-11-22T08:23:19.973+0000] {standard_task_runner.py:63} INFO - Started process 4708 to run task
[2025-11-22T08:23:19.973+0000] {standard_task_runner.py:90} INFO - Running: ['***', 'tasks', 'run', 'my_course_final', 'process_csv_simple', 'manual__2025-11-22T08:23:18.365200+00:00', '--job-id', '228', '--raw', '--subdir', 'DAGS_FOLDER/my_course_final.py', '--cfg-path', '/tmp/tmpw65smvqs']
[2025-11-22T08:23:19.976+0000] {standard_task_runner.py:91} INFO - Job 228: Subtask process_csv_simple
[2025-11-22T08:23:20.012+0000] {task_command.py:426} INFO - Running <TaskInstance: my_course_final.process_csv_simple manual__2025-11-22T08:23:18.365200+00:00 [running]> on host 8374c225f2b5
[2025-11-22T08:23:20.076+0000] {taskinstance.py:2648} INFO - Exporting env vars: AIRFLOW_CTX_DAG_OWNER='***' AIRFLOW_CTX_DAG_ID='my_course_final' AIRFLOW_CTX_TASK_ID='process_csv_simple' AIRFLOW_CTX_EXECUTION_DATE='2025-11-22T08:23:18.365200+00:00' AIRFLOW_CTX_TRY_NUMBER='1' AIRFLOW_CTX_DAG_RUN_ID='manual__2025-11-22T08:23:18.365200+00:00'
[2025-11-22T08:23:20.077+0000] {taskinstance.py:430} INFO - ::endgroup::
[2025-11-22T08:24:01.684+0000] {my_course_final.py:60} INFO - Проверка схемы данных
[2025-11-22T08:24:01.696+0000] {logging_mixin.py:188} INFO - root
 |-- house_id: integer (nullable = true)
 |-- latitude: double (nullable = true)
 |-- longitude: double (nullable = true)
 |-- maintenance_year: string (nullable = true)
 |-- square: string (nullable = true)
 |-- population: string (nullable = true)
 |-- region: string (nullable = true)
 |-- locality_name: string (nullable = true)
 |-- address: string (nullable = true)
 |-- full_address: string (nullable = true)
 |-- communal_service_id: string (nullable = true)
 |-- description: string (nullable = true)
[2025-11-22T08:24:03.620+0000] {my_course_final.py:65} INFO - Количество записей в файле: 590707
[2025-11-22T08:24:05.022+0000] {my_course_final.py:73} INFO - Количество записей после удаления пустых строк: 517124
[2025-11-22T08:24:05.107+0000] {my_course_final.py:110} INFO - Схема данных после преобразований:
[2025-11-22T08:24:05.108+0000] {logging_mixin.py:188} INFO - root
 |-- house_id: integer (nullable = true)
 |-- latitude: double (nullable = true)
 |-- longitude: double (nullable = true)
 |-- maintenance_year: string (nullable = true)
 |-- square: double (nullable = true)
 |-- population: integer (nullable = true)
 |-- region: string (nullable = true)
 |-- locality_name: string (nullable = true)
 |-- address: string (nullable = true)
 |-- full_address: string (nullable = true)
 |-- communal_service_id: double (nullable = true)
 |-- description: string (nullable = true)
 |-- maintenance_year_int: integer (nullable = true)
[2025-11-22T08:24:05.109+0000] {my_course_final.py:112} INFO - Первые 5 строк:
[2025-11-22T08:24:05.398+0000] {logging_mixin.py:188} INFO - +--------+------------------+------------------+----------------+-------+----------+-------------------+--------------------+----------------------------------------+-----------------------------------------------------------------------------------+-------------------+----------------------------------------------------------------------------------------------------------------------+--------------------+
|house_id|latitude          |longitude         |maintenance_year|square |population|region             |locality_name       |address                                 |full_address                                                                       |communal_service_id|description                                                                                                           |maintenance_year_int|
+--------+------------------+------------------+----------------+-------+----------+-------------------+--------------------+----------------------------------------+-----------------------------------------------------------------------------------+-------------------+----------------------------------------------------------------------------------------------------------------------+--------------------+
|1       |44.707617         |43.006476         |1974            |2661.1 |89        |Ставропольский край|село Александровское|с. Александровское, ул. Войтика, д. 31  |Ставропольский край, р-н. Александровский, с. Александровское, ул. Войтика, д. 31  |1.0                |Жилой дом в , по адресу с. Александровское, ул. Войтика, д. 31, 1974 года постройки, под управлением УК «Жилсервис».  |1974                |
|2       |44.706720000000004|43.005281         |1989            |3111.1 |115       |Ставропольский край|село Александровское|с. Александровское, ул. Войтика, д. 39  |Ставропольский край, р-н. Александровский, с. Александровское, ул. Войтика, д. 39  |1.0                |Жилой дом в , по адресу с. Александровское, ул. Войтика, д. 39, 1989 года постройки, под управлением УК «Жилсервис».  |1989                |
|3       |44.708302         |43.006665000000005|1977            |2896.04|89        |Ставропольский край|село Александровское|с. Александровское, ул. Калинина, д. 25 |Ставропольский край, р-н. Александровский, с. Александровское, ул. Калинина, д. 25 |1.0                |Жилой дом в , по адресу с. Александровское, ул. Калинина, д. 25, 1977 года постройки, под управлением УК «Жилсервис». |1977                |
|5       |44.711946999999995|42.97358          |1978            |1061.92|26        |Ставропольский край|село Александровское|с. Александровское, ул. Советская, д. 97|Ставропольский край, р-н. Александровский, с. Александровское, ул. Советская, д. 97|1.0                |Жилой дом в , по адресу с. Александровское, ул. Советская, д. 97, 1978 года постройки, под управлением УК «Жилсервис».|1978                |
|6       |44.707751         |43.005515         |1978            |2688.7 |105       |Ставропольский край|село Александровское|с. Александровское, ул. Войтика, д. 29  |Ставропольский край, р-н. Александровский, с. Александровское, ул. Войтика, д. 29  |2.0                |Жилой дом в , по адресу с. Александровское, ул. Войтика, д. 29, 1978 года постройки, под управлением ТСЖ «Виктория».  |1978                |
+--------+------------------+------------------+----------------+-------+----------+-------------------+--------------------+----------------------------------------+-----------------------------------------------------------------------------------+-------------------+----------------------------------------------------------------------------------------------------------------------+--------------------+
only showing top 5 rows
[2025-11-22T08:24:05.398+0000] {my_course_final.py:115} INFO - ---Вычисления и аналитика преобразованных данных---
[2025-11-22T08:24:09.304+0000] {my_course_final.py:125} INFO - Средний год постройки зданий: 1969
[2025-11-22T08:24:09.306+0000] {my_course_final.py:126} INFO - Медианный год постройки: 1970
[2025-11-22T08:24:09.318+0000] {my_course_final.py:130} INFO - Топ 10 регионов по количеству объектов
[2025-11-22T08:24:10.903+0000] {logging_mixin.py:188} INFO - +--------------------+-----+
|              region|count|
+--------------------+-----+
|  Московская область|30498|
|Свердловская область|27341|
|              Москва|24755|
|Нижегородская обл...|18054|
|   Самарская область|15921|
|Республика Татарстан|14634|
|   Красноярский край|14366|
| Кемеровская область|13318|
|  Ростовская область|12065|
|   Иркутская область|12014|
+--------------------+-----+
only showing top 10 rows
[2025-11-22T08:24:10.914+0000] {my_course_final.py:134} INFO - Топ 10 городов по количеству объектов
[2025-11-22T08:24:12.418+0000] {logging_mixin.py:188} INFO - +---------------+-----+
|  locality_name|count|
+---------------+-----+
|         Москва|24655|
|         Самара| 9035|
|   Екатеринбург| 6871|
|Санкт-Петербург| 6140|
|Нижний Новгород| 5911|
|    Новосибирск| 5466|
|     Красноярск| 5302|
| Ростов-на-Дону| 5147|
|         Казань| 5088|
|    Калининград| 4960|
+---------------+-----+
only showing top 10 rows
[2025-11-22T08:24:12.550+0000] {my_course_final.py:166} INFO - --Здания с максимальной и минимальной площадью в рамках каждой области--
[2025-11-22T08:24:15.681+0000] {logging_mixin.py:188} INFO - +------------------------------+----------+---------------------------------------------------------------------------+----------+--------------------------------------------------------------------------+
|region                        |min_square|min_square_address                                                         |max_square|max_square_address                                                        |
+------------------------------+----------+---------------------------------------------------------------------------+----------+--------------------------------------------------------------------------+
|Алматы                        |457.08    |д. г Навашино ул Соболева д.12                                             |3403.0    |ул. Орджоникидзе, д. 169                                                  |
|Алтайский край                |3.26      |Алтайский край, г. Барнаул, ул. Витебская, д. 2                            |88871.7   |Алтайский край, г. Барнаул, ул. Папанинцев, д. 121а                       |
|Амурская область              |26.6      |Амурская область, г. Благовещенск, пер. Кооперативный, д. 9                |429720.0  |Амурская область, р-н. Селемджинский, пгт. Февральск, ул. Саянская, д. 4 А|
|Архангельская область         |1.0       |Архангельская область, р-н. Устьянский, п. Илеза, ул. Первомайская, д. 13  |39452.7   |Архангельская область, г. Архангельск, пр-кт. Московский, д. 43, к. 3     |
|Астраханская область          |55.9      |Астраханская область, г. Астрахань, ул. Лиманская, д. 45, к. литер А       |15026.0   |Астраханская область, г. Астрахань, ул. С.Перовской, д. 84                |
|Белгородская область          |16.3      |обл. Белгородская, г. Белгород, ул. Разина, д. 10                          |7058900.0 |обл. Белгородская, г. Старый Оскол, мкр. Дубрава квартал 1, д. 18         |
|Брянская область              |18.8      |Брянская область, г. Брянск, ул. Почтовая, д. 48                           |40764.3   |Брянская область, г. Брянск, ул. Красноармейская, д. 100                  |
|Владимирская область          |3.01      |Владимирская область, р-н. Кольчугинский, г. Кольчугино, ул. Чапаева, д. 1Б|26959.0   |Владимирская область, г. Владимир, пр-кт. Октябрьский, д. 36              |
|Волгоградская область         |6.73      |Волгоградская область, г. Волгоград, ул. им Циолковского, д. 39            |55789.0   |Волгоградская область, г. Волжский, пр-кт. им Ленина, д. 97               |
|Вологодская область           |1.71      |Вологодская область, г. Череповец, ул. Милютина, д. 17                     |40878.18  |Вологодская область, г. Вологда, ул. Возрождения, д. 82а                  |
|Воронежская область           |21.0      |Воронежская область, г. Воронеж, ул. 20-летия ВЛКСМ, д. 54а                |198476.7  |Воронежская область, г. Воронеж, ул. Урывского, д. 9                      |
|Восточно-Казахстанская область|7704.0    |ул. Пархоменко, д. 60                                                      |7704.0    |ул. Пархоменко, д. 60                                                     |
|Гродненская область           |806.1     |ул. Поповича, д. 28                                                        |806.1     |ул. Поповича, д. 28                                                       |
|Днепропетровская область      |596.0     |ул. Орджоникидзе, д. 60                                                    |1341.0    |ул. Комсомольская, д. 4                                                   |
|Днепропетровская область      |596.0     |ул. Орджоникидзе, д. 60                                                    |1341.0    |ул. Комсомольская, д. 5                                                   |
|Донецкая область              |382.0     |д. г Осинники ул Кирова д.10                                               |6911.7    |ул. Красноармейская, д. 67                                                |
|Еврейская автономная область  |20.85     |Еврейская АО, р-н. Биробиджанский, с. Пронькино, ул. Набережная, д. 9      |14884.0   |Еврейская АО, г. Биробиджан, пр-кт. 60-летия СССР, д. 11.                 |
|Забайкальский край            |18.2      |Забайкальский край, п. Восточный, ул. Назара Губина, д. 5                  |41307.0   |Забайкальский край, г. Чита, ул. Карла Маркса, д. 16                      |
|Запорожская область           |3347.7    |ул. А.Невского, д. 4                                                       |3347.7    |ул. А.Невского, д. 4                                                      |
|Ивановская область            |23.9      |Ивановская область, р-н. Шуйский, г. Шуя, ул. Северная 7-я, д. 9           |32617.6   |Ивановская область, г. Иваново, ш. Кохомское, д. 11                       |
+------------------------------+----------+---------------------------------------------------------------------------+----------+--------------------------------------------------------------------------+
only showing top 20 rows
[2025-11-22T08:24:15.709+0000] {my_course_final.py:178} INFO - Количество зданий по десятилетиям:
[2025-11-22T08:24:17.207+0000] {logging_mixin.py:188} INFO - +------+--------------+
|decade|building_count|
+------+--------------+
|  1800|            22|
|  1810|            16|
|  1820|            47|
|  1830|            69|
|  1840|            72|
|  1850|           127|
|  1860|           187|
|  1870|           379|
|  1880|           690|
|  1890|          1202|
|  1900|         10712|
|  1910|         13717|
|  1920|          4762|
|  1930|         12472|
|  1940|         18664|
|  1950|         82721|
|  1960|        109138|
|  1970|         95115|
|  1980|         88624|
|  1990|         41858|
|  2000|         22809|
|  2010|         13720|
|  2020|             1|
+------+--------------+
[2025-11-22T08:24:17.224+0000] {my_course_final.py:200} INFO - Финальная схема данных: 
[2025-11-22T08:24:17.225+0000] {logging_mixin.py:188} INFO - root
 |-- house_id: integer (nullable = true)
 |-- latitude: double (nullable = true)
 |-- longitude: double (nullable = true)
 |-- maintenance_year: integer (nullable = true)
 |-- square: double (nullable = true)
 |-- population: integer (nullable = true)
 |-- region: string (nullable = true)
 |-- locality_name: string (nullable = true)
 |-- address: string (nullable = true)
 |-- full_address: string (nullable = true)
 |-- communal_service_id: double (nullable = true)
 |-- description: string (nullable = true)
[2025-11-22T08:24:17.226+0000] {my_course_final.py:202} INFO - Пример 5 строк: 
[2025-11-22T08:24:17.299+0000] {logging_mixin.py:188} INFO - +--------+------------------+------------------+----------------+-------+----------+-------------------+--------------------+----------------------------------------+-----------------------------------------------------------------------------------+-------------------+----------------------------------------------------------------------------------------------------------------------+
|house_id|latitude          |longitude         |maintenance_year|square |population|region             |locality_name       |address                                 |full_address                                                                       |communal_service_id|description                                                                                                           |
+--------+------------------+------------------+----------------+-------+----------+-------------------+--------------------+----------------------------------------+-----------------------------------------------------------------------------------+-------------------+----------------------------------------------------------------------------------------------------------------------+
|1       |44.707617         |43.006476         |1974            |2661.1 |89        |Ставропольский край|село Александровское|с. Александровское, ул. Войтика, д. 31  |Ставропольский край, р-н. Александровский, с. Александровское, ул. Войтика, д. 31  |1.0                |Жилой дом в , по адресу с. Александровское, ул. Войтика, д. 31, 1974 года постройки, под управлением УК «Жилсервис».  |
|2       |44.706720000000004|43.005281         |1989            |3111.1 |115       |Ставропольский край|село Александровское|с. Александровское, ул. Войтика, д. 39  |Ставропольский край, р-н. Александровский, с. Александровское, ул. Войтика, д. 39  |1.0                |Жилой дом в , по адресу с. Александровское, ул. Войтика, д. 39, 1989 года постройки, под управлением УК «Жилсервис».  |
|3       |44.708302         |43.006665000000005|1977            |2896.04|89        |Ставропольский край|село Александровское|с. Александровское, ул. Калинина, д. 25 |Ставропольский край, р-н. Александровский, с. Александровское, ул. Калинина, д. 25 |1.0                |Жилой дом в , по адресу с. Александровское, ул. Калинина, д. 25, 1977 года постройки, под управлением УК «Жилсервис». |
|5       |44.711946999999995|42.97358          |1978            |1061.92|26        |Ставропольский край|село Александровское|с. Александровское, ул. Советская, д. 97|Ставропольский край, р-н. Александровский, с. Александровское, ул. Советская, д. 97|1.0                |Жилой дом в , по адресу с. Александровское, ул. Советская, д. 97, 1978 года постройки, под управлением УК «Жилсервис».|
|6       |44.707751         |43.005515         |1978            |2688.7 |105       |Ставропольский край|село Александровское|с. Александровское, ул. Войтика, д. 29  |Ставропольский край, р-н. Александровский, с. Александровское, ул. Войтика, д. 29  |2.0                |Жилой дом в , по адресу с. Александровское, ул. Войтика, д. 29, 1978 года постройки, под управлением ТСЖ «Виктория».  |
+--------+------------------+------------------+----------------+-------+----------+-------------------+--------------------+----------------------------------------+-----------------------------------------------------------------------------------+-------------------+----------------------------------------------------------------------------------------------------------------------+
only showing top 5 rows
[2025-11-22T08:24:24.743+0000] {my_course_final.py:207} INFO - Размер Pandas DataFrame: 517124 строк
[2025-11-22T08:24:25.003+0000] {my_course_final.py:233} INFO - Подключаемся к ClickHouse
[2025-11-22T08:24:25.021+0000] {my_course_final.py:240} INFO - Подключение установлено
[2025-11-22T08:24:25.049+0000] {my_course_final.py:265} INFO - Таблица создана
[2025-11-22T08:24:25.050+0000] {my_course_final.py:268} INFO - Начинаем загрузку данных
[2025-11-22T08:24:25.873+0000] {my_course_final.py:272} INFO - Загружено 262127 записей в таблицу
[2025-11-22T08:24:25.878+0000] {my_course_final.py:276} INFO - Всего записей в ClickHouse: 262127
[2025-11-22T08:24:25.885+0000] {my_course_final.py:284} INFO - Пример загруженных данных:
[2025-11-22T08:24:25.885+0000] {my_course_final.py:286} INFO -  house_id: 1, maintenance_year: 1974, region: Ставропольский край
[2025-11-22T08:24:25.885+0000] {my_course_final.py:286} INFO -  house_id: 2, maintenance_year: 1989, region: Ставропольский край
[2025-11-22T08:24:25.886+0000] {my_course_final.py:286} INFO -  house_id: 3, maintenance_year: 1977, region: Ставропольский край
[2025-11-22T08:24:25.886+0000] {my_course_final.py:286} INFO -  house_id: 5, maintenance_year: 1978, region: Ставропольский край
[2025-11-22T08:24:25.886+0000] {my_course_final.py:286} INFO -  house_id: 6, maintenance_year: 1978, region: Ставропольский край
[2025-11-22T08:24:25.912+0000] {my_course_final.py:296} INFO - Топ 25 домов, у которых площадь больше 60 кв.м :
[2025-11-22T08:24:25.912+0000] {my_course_final.py:298} INFO - house_id: 64390, square: 60.1, description: Жилой дом в , по адресу п. Дормидонтовка, ул. Горького, д. 5 кв. 1, 1977 года постройки, под управлением УК «Прогресс».
[2025-11-22T08:24:25.913+0000] {my_course_final.py:298} INFO - house_id: 180288, square: 60.1, description: Жилой дом в , по адресу с. Валдгейм, ул. Юбилейная, д. 3, 1980 года постройки, под управлением УК «Единый заказчик МО Птичнинское сельское поселения».
[2025-11-22T08:24:25.913+0000] {my_course_final.py:298} INFO - house_id: 88492, square: 60.1, description: Жилой дом в Ноябрьске, по адресу мкр. Вынгапуровский, ул. Энтузиастов, д. 52, стр. КДМ, 1986 года постройки, под управлением УК «Втвк».
[2025-11-22T08:24:25.913+0000] {my_course_final.py:298} INFO - house_id: 549055, square: 60.1, description: Жилой дом в , по адресу с. Воскресеновка, ул. Лесная, д. 8, 1991 года постройки, под управлением УК «Монтажник».
[2025-11-22T08:24:25.913+0000] {my_course_final.py:298} INFO - house_id: 250023, square: 60.1, description: Жилой дом в , по адресу г. Междуреченск, п. Ортон, ул. Почтовая, д. 5, 2001 года постройки, под управлением УК «Мук».
[2025-11-22T08:24:25.914+0000] {my_course_final.py:298} INFO - house_id: 108116, square: 60.1, description: Жилой дом в Свободном, по адресу ул. Каменчука, д. 51/1, 1990 года постройки, под управлением УК «Жилсервис».
[2025-11-22T08:24:25.914+0000] {my_course_final.py:298} INFO - house_id: 180227, square: 60.1, description: Жилой дом в , по адресу с. Валдгейм, ул. 70 лет Октября, д. 1, 1987 года постройки, под управлением УК «Единый заказчик МО Птичнинское сельское поселения».
[2025-11-22T08:24:25.914+0000] {my_course_final.py:298} INFO - house_id: 180312, square: 60.1, description: Жилой дом в , по адресу с. Желтый Яр, ул. Октябрьская, д. 11, 1983 года постройки, под управлением УК «Единый заказчик МО Птичнинское сельское поселения».
[2025-11-22T08:24:25.914+0000] {my_course_final.py:298} INFO - house_id: 298499, square: 60.2, description: Жилой дом в Лесосибирске, по адресу ул. Киевская, д. 12, 1978 года постройки, под управлением УК «Ваш партнер +».
[2025-11-22T08:24:25.915+0000] {my_course_final.py:298} INFO - house_id: 180373, square: 60.2, description: Жилой дом в , по адресу с. Пронькино, ул. Шоссейная, д. 21, 1978 года постройки, под управлением УК «Единый заказчик МО Птичнинское сельское поселения».
[2025-11-22T08:24:25.915+0000] {my_course_final.py:298} INFO - house_id: 240396, square: 60.2, description: Жилой дом в , по адресу п. Найстенъярви, ул. Солнечная, д. 8, 1971 года постройки, под управлением УК «Фортуна».
[2025-11-22T08:24:25.915+0000] {my_course_final.py:298} INFO - house_id: 87454, square: 60.2, description: Жилой дом в Новом Уренгое, по адресу жилрайон. Коротчаево, ул. Спортивная, д. 43, 1982 года постройки, под управлением УК «Уренгойское городское хозяйство».
[2025-11-22T08:24:25.915+0000] {my_course_final.py:298} INFO - house_id: 241314, square: 60.2, description: Жилой дом в Анжеро-Судженске, по адресу ул. Звездная, д. 19, 1987 года постройки, под управлением УК «Жилье».
[2025-11-22T08:24:25.916+0000] {my_course_final.py:298} INFO - house_id: 159825, square: 60.3, description: Жилой дом в , по адресу п. Северный, ул. Первомайская, д. 15, 1987 года постройки, под управлением УК «Жкх».
[2025-11-22T08:24:25.916+0000] {my_course_final.py:298} INFO - house_id: 71539, square: 60.3, description: Жилой дом в Сургуте, по адресу п. Медвежий Угол, д. 18Б, 1979 года постройки, под управлением УК «Тепловик».
[2025-11-22T08:24:25.916+0000] {my_course_final.py:298} INFO - house_id: 226048, square: 60.3, description: Жилой дом в Козельске, по адресу ул. Лесная, д. 35, 1986 года постройки, под управлением УК «УК Козельского района».
[2025-11-22T08:24:25.916+0000] {my_course_final.py:298} INFO - house_id: 437489, square: 60.3, description: Жилой дом в , по адресу п. Медведкино, ул. Центральная, д. 7, 1989 года постройки, под управлением УК «ПХУ Новоичинский».
[2025-11-22T08:24:25.916+0000] {my_course_final.py:298} INFO - house_id: 34863, square: 60.3, description: Жилой дом в Богородицке, по адресу ул. Мирная, д. 12, 1986 года постройки, под управлением УК «Жилищник-2».
[2025-11-22T08:24:25.917+0000] {my_course_final.py:298} INFO - house_id: 474225, square: 60.3, description: Жилой дом в Артеме, по адресу г. Артем, ул. Экспериментальная, д. 12, 1983 года постройки, под управлением УК «Артемовская управляющая компания».
[2025-11-22T08:24:25.917+0000] {my_course_final.py:298} INFO - house_id: 206413, square: 60.3, description: Жилой дом в Усть-Куте, по адресу ул. Березовая, д. 1, 1977 года постройки, под управлением УК «Ленакомсервис».
[2025-11-22T08:24:25.917+0000] {my_course_final.py:298} INFO - house_id: 444582, square: 60.3, description: Жилой дом в , по адресу д. Камышино, ул. Целинная, д. 1, 1972 года постройки, под управлением УК «Содействие».
[2025-11-22T08:24:25.917+0000] {my_course_final.py:298} INFO - house_id: 262867, square: 60.3, description: Жилой дом в , по адресу пгт. Кильмезь, ул. Дружбы, д. 2, 1990 года постройки, под управлением УК «Зодчий».
[2025-11-22T08:24:25.917+0000] {my_course_final.py:298} INFO - house_id: 437454, square: 60.3, description: Жилой дом в , по адресу с. Михайловка, ул. Центральная, д. 61, 1990 года постройки, под управлением УК «Пху».
[2025-11-22T08:24:25.917+0000] {my_course_final.py:298} INFO - house_id: 578200, square: 60.4, description: Жилой дом в , по адресу рп. Пышма, ул. Ленина, д. 69, 1975 года постройки, под управлением УК «Уксз».
[2025-11-22T08:24:25.918+0000] {my_course_final.py:298} INFO - house_id: 302246, square: 60.4, description: Жилой дом в , по адресу рп. Нижняя Пойма, ул. Лесозаводская, д. 1А, 1989 года постройки, под управлением УК «Сибсервис».
[2025-11-22T08:24:26.057+0000] {my_course_final.py:309} INFO - Spark сессия остановлена
[2025-11-22T08:24:26.092+0000] {my_course_final.py:312} INFO - Временный файл удален
[2025-11-22T08:24:26.164+0000] {python.py:237} INFO - Done. Returned value was: None
[2025-11-22T08:24:26.165+0000] {taskinstance.py:441} INFO - ::group::Post task execution logs
[2025-11-22T08:24:26.172+0000] {taskinstance.py:1206} INFO - Marking task as SUCCESS. dag_id=my_course_final, task_id=process_csv_simple, run_id=manual__2025-11-22T08:23:18.365200+00:00, execution_date=20251122T082318, start_date=20251122T082319, end_date=20251122T082426
[2025-11-22T08:24:26.205+0000] {local_task_job_runner.py:240} INFO - Task exited with return code 0
[2025-11-22T08:24:26.219+0000] {taskinstance.py:3503} INFO - 0 downstream tasks scheduled from follow-on schedule check
[2025-11-22T08:24:26.223+0000] {local_task_job_runner.py:222} INFO - ::endgroup::
