[2025-11-18T12:50:43.231+0000] {local_task_job_runner.py:120} INFO - ::group::Pre task execution logs
[2025-11-18T12:50:43.266+0000] {taskinstance.py:2076} INFO - Dependencies all met for dep_context=non-requeueable deps ti=<TaskInstance: main.run_pyspark_task scheduled__2025-11-16T00:00:00+00:00 [queued]>
[2025-11-18T12:50:43.276+0000] {taskinstance.py:2076} INFO - Dependencies all met for dep_context=requeueable deps ti=<TaskInstance: main.run_pyspark_task scheduled__2025-11-16T00:00:00+00:00 [queued]>
[2025-11-18T12:50:43.277+0000] {taskinstance.py:2306} INFO - Starting attempt 1 of 1
[2025-11-18T12:50:43.292+0000] {taskinstance.py:2330} INFO - Executing <Task(PythonOperator): run_pyspark_task> on 2025-11-16 00:00:00+00:00
[2025-11-18T12:50:43.299+0000] {warnings.py:112} WARNING - /home/***/.local/lib/python3.12/site-packages/***/task/task_runner/standard_task_runner.py:61: DeprecationWarning: This process (pid=65) is multi-threaded, use of fork() may lead to deadlocks in the child.
  pid = os.fork()

[2025-11-18T12:50:43.302+0000] {standard_task_runner.py:90} INFO - Running: ['***', 'tasks', 'run', 'main', 'run_pyspark_task', 'scheduled__2025-11-16T00:00:00+00:00', '--job-id', '141', '--raw', '--subdir', 'DAGS_FOLDER/main.py', '--cfg-path', '/tmp/tmpxksfklkv']
[2025-11-18T12:50:43.306+0000] {standard_task_runner.py:63} INFO - Started process 77 to run task
[2025-11-18T12:50:43.307+0000] {standard_task_runner.py:91} INFO - Job 141: Subtask run_pyspark_task
[2025-11-18T12:50:43.362+0000] {task_command.py:426} INFO - Running <TaskInstance: main.run_pyspark_task scheduled__2025-11-16T00:00:00+00:00 [running]> on host 8374c225f2b5
[2025-11-18T12:50:43.474+0000] {taskinstance.py:2648} INFO - Exporting env vars: AIRFLOW_CTX_DAG_OWNER='***' AIRFLOW_CTX_DAG_ID='main' AIRFLOW_CTX_TASK_ID='run_pyspark_task' AIRFLOW_CTX_EXECUTION_DATE='2025-11-16T00:00:00+00:00' AIRFLOW_CTX_TRY_NUMBER='1' AIRFLOW_CTX_DAG_RUN_ID='scheduled__2025-11-16T00:00:00+00:00'
[2025-11-18T12:50:43.476+0000] {taskinstance.py:430} INFO - ::endgroup::
[2025-11-18T12:50:58.851+0000] {logging_mixin.py:188} INFO - +-------+---+
|   name| id|
+-------+---+
|  Alice|  1|
|    Bob|  2|
|Charlie|  3|
+-------+---+
[2025-11-18T12:50:59.789+0000] {python.py:237} INFO - Done. Returned value was: None
[2025-11-18T12:50:59.790+0000] {taskinstance.py:441} INFO - ::group::Post task execution logs
[2025-11-18T12:50:59.800+0000] {taskinstance.py:1206} INFO - Marking task as SUCCESS. dag_id=main, task_id=run_pyspark_task, run_id=scheduled__2025-11-16T00:00:00+00:00, execution_date=20251116T000000, start_date=20251118T125043, end_date=20251118T125059
[2025-11-18T12:50:59.844+0000] {local_task_job_runner.py:240} INFO - Task exited with return code 0
[2025-11-18T12:50:59.857+0000] {taskinstance.py:3503} INFO - 0 downstream tasks scheduled from follow-on schedule check
[2025-11-18T12:50:59.858+0000] {local_task_job_runner.py:222} INFO - ::endgroup::
