[2025-11-22T07:40:03.007+0000] {local_task_job_runner.py:120} INFO - ::group::Pre task execution logs
[2025-11-22T07:40:03.021+0000] {taskinstance.py:2076} INFO - Dependencies all met for dep_context=non-requeueable deps ti=<TaskInstance: my_course_final.process_csv_simple scheduled__2025-11-21T00:00:00+00:00 [queued]>
[2025-11-22T07:40:03.026+0000] {taskinstance.py:2076} INFO - Dependencies all met for dep_context=requeueable deps ti=<TaskInstance: my_course_final.process_csv_simple scheduled__2025-11-21T00:00:00+00:00 [queued]>
[2025-11-22T07:40:03.027+0000] {taskinstance.py:2306} INFO - Starting attempt 1 of 1
[2025-11-22T07:40:03.036+0000] {taskinstance.py:2330} INFO - Executing <Task(PythonOperator): process_csv_simple> on 2025-11-21 00:00:00+00:00
[2025-11-22T07:40:03.041+0000] {warnings.py:112} WARNING - /home/***/.local/lib/python3.12/site-packages/***/task/task_runner/standard_task_runner.py:61: DeprecationWarning: This process (pid=2447) is multi-threaded, use of fork() may lead to deadlocks in the child.
  pid = os.fork()

[2025-11-22T07:40:03.042+0000] {standard_task_runner.py:90} INFO - Running: ['***', 'tasks', 'run', 'my_course_final', 'process_csv_simple', 'scheduled__2025-11-21T00:00:00+00:00', '--job-id', '224', '--raw', '--subdir', 'DAGS_FOLDER/my_course_final.py', '--cfg-path', '/tmp/tmp_0qo551g']
[2025-11-22T07:40:03.044+0000] {standard_task_runner.py:63} INFO - Started process 2451 to run task
[2025-11-22T07:40:03.044+0000] {standard_task_runner.py:91} INFO - Job 224: Subtask process_csv_simple
[2025-11-22T07:40:03.078+0000] {task_command.py:426} INFO - Running <TaskInstance: my_course_final.process_csv_simple scheduled__2025-11-21T00:00:00+00:00 [running]> on host 8374c225f2b5
[2025-11-22T07:40:03.133+0000] {taskinstance.py:2648} INFO - Exporting env vars: AIRFLOW_CTX_DAG_OWNER='***' AIRFLOW_CTX_DAG_ID='my_course_final' AIRFLOW_CTX_TASK_ID='process_csv_simple' AIRFLOW_CTX_EXECUTION_DATE='2025-11-21T00:00:00+00:00' AIRFLOW_CTX_TRY_NUMBER='1' AIRFLOW_CTX_DAG_RUN_ID='scheduled__2025-11-21T00:00:00+00:00'
[2025-11-22T07:40:03.134+0000] {taskinstance.py:430} INFO - ::endgroup::
[2025-11-22T07:41:18.902+0000] {my_course_final.py:60} INFO - Проверка схемы данных
[2025-11-22T07:41:18.914+0000] {logging_mixin.py:188} INFO - root
 |-- house_id: integer (nullable = true)
 |-- latitude: double (nullable = true)
 |-- longitude: double (nullable = true)
 |-- maintenance_year: string (nullable = true)
 |-- square: string (nullable = true)
 |-- population: string (nullable = true)
 |-- region: string (nullable = true)
 |-- locality_name: string (nullable = true)
 |-- address: string (nullable = true)
 |-- full_address: string (nullable = true)
 |-- communal_service_id: string (nullable = true)
 |-- description: string (nullable = true)
[2025-11-22T07:41:21.066+0000] {my_course_final.py:65} INFO - Количество записей в файле: 590707
[2025-11-22T07:41:22.671+0000] {my_course_final.py:73} INFO - Количество записей после удаления пустых строк: 517124
[2025-11-22T07:41:22.849+0000] {my_course_final.py:110} INFO - Схема данных после преобразований:
[2025-11-22T07:41:23.031+0000] {logging_mixin.py:188} INFO - root
 |-- house_id: integer (nullable = true)
 |-- latitude: double (nullable = true)
 |-- longitude: double (nullable = true)
 |-- maintenance_year: string (nullable = true)
 |-- square: double (nullable = true)
 |-- population: integer (nullable = true)
 |-- region: string (nullable = true)
 |-- locality_name: string (nullable = true)
 |-- address: string (nullable = true)
 |-- full_address: string (nullable = true)
 |-- communal_service_id: double (nullable = true)
 |-- description: string (nullable = true)
 |-- maintenance_year_int: integer (nullable = true)
[2025-11-22T07:41:23.242+0000] {my_course_final.py:112} INFO - Первые 5 строк:
[2025-11-22T07:41:23.775+0000] {logging_mixin.py:188} INFO - +--------+------------------+------------------+----------------+-------+----------+-------------------+--------------------+----------------------------------------+-----------------------------------------------------------------------------------+-------------------+----------------------------------------------------------------------------------------------------------------------+--------------------+
|house_id|latitude          |longitude         |maintenance_year|square |population|region             |locality_name       |address                                 |full_address                                                                       |communal_service_id|description                                                                                                           |maintenance_year_int|
+--------+------------------+------------------+----------------+-------+----------+-------------------+--------------------+----------------------------------------+-----------------------------------------------------------------------------------+-------------------+----------------------------------------------------------------------------------------------------------------------+--------------------+
|1       |44.707617         |43.006476         |1974            |2661.1 |89        |Ставропольский край|село Александровское|с. Александровское, ул. Войтика, д. 31  |Ставропольский край, р-н. Александровский, с. Александровское, ул. Войтика, д. 31  |1.0                |Жилой дом в , по адресу с. Александровское, ул. Войтика, д. 31, 1974 года постройки, под управлением УК «Жилсервис».  |1974                |
|2       |44.706720000000004|43.005281         |1989            |3111.1 |115       |Ставропольский край|село Александровское|с. Александровское, ул. Войтика, д. 39  |Ставропольский край, р-н. Александровский, с. Александровское, ул. Войтика, д. 39  |1.0                |Жилой дом в , по адресу с. Александровское, ул. Войтика, д. 39, 1989 года постройки, под управлением УК «Жилсервис».  |1989                |
|3       |44.708302         |43.006665000000005|1977            |2896.04|89        |Ставропольский край|село Александровское|с. Александровское, ул. Калинина, д. 25 |Ставропольский край, р-н. Александровский, с. Александровское, ул. Калинина, д. 25 |1.0                |Жилой дом в , по адресу с. Александровское, ул. Калинина, д. 25, 1977 года постройки, под управлением УК «Жилсервис». |1977                |
|5       |44.711946999999995|42.97358          |1978            |1061.92|26        |Ставропольский край|село Александровское|с. Александровское, ул. Советская, д. 97|Ставропольский край, р-н. Александровский, с. Александровское, ул. Советская, д. 97|1.0                |Жилой дом в , по адресу с. Александровское, ул. Советская, д. 97, 1978 года постройки, под управлением УК «Жилсервис».|1978                |
|6       |44.707751         |43.005515         |1978            |2688.7 |105       |Ставропольский край|село Александровское|с. Александровское, ул. Войтика, д. 29  |Ставропольский край, р-н. Александровский, с. Александровское, ул. Войтика, д. 29  |2.0                |Жилой дом в , по адресу с. Александровское, ул. Войтика, д. 29, 1978 года постройки, под управлением ТСЖ «Виктория».  |1978                |
+--------+------------------+------------------+----------------+-------+----------+-------------------+--------------------+----------------------------------------+-----------------------------------------------------------------------------------+-------------------+----------------------------------------------------------------------------------------------------------------------+--------------------+
only showing top 5 rows
[2025-11-22T07:41:23.776+0000] {my_course_final.py:115} INFO - ---Вычисления и аналитика преобразованных данных---
[2025-11-22T07:41:28.415+0000] {my_course_final.py:125} INFO - Средний год постройки зданий: 1969
[2025-11-22T07:41:28.417+0000] {my_course_final.py:126} INFO - Медианный год постройки: 1970
[2025-11-22T07:41:28.430+0000] {my_course_final.py:130} INFO - Топ 10 регионов по количеству объектов
[2025-11-22T07:41:30.189+0000] {logging_mixin.py:188} INFO - +--------------------+-----+
|              region|count|
+--------------------+-----+
|  Московская область|30498|
|Свердловская область|27341|
|              Москва|24755|
|Нижегородская обл...|18054|
|   Самарская область|15921|
|Республика Татарстан|14634|
|   Красноярский край|14366|
| Кемеровская область|13318|
|  Ростовская область|12065|
|   Иркутская область|12014|
+--------------------+-----+
only showing top 10 rows
[2025-11-22T07:41:30.197+0000] {my_course_final.py:134} INFO - Топ 10 городов по количеству объектов
[2025-11-22T07:41:31.906+0000] {logging_mixin.py:188} INFO - +---------------+-----+
|  locality_name|count|
+---------------+-----+
|         Москва|24655|
|         Самара| 9035|
|   Екатеринбург| 6871|
|Санкт-Петербург| 6140|
|Нижний Новгород| 5911|
|    Новосибирск| 5466|
|     Красноярск| 5302|
| Ростов-на-Дону| 5147|
|         Казань| 5088|
|    Калининград| 4960|
+---------------+-----+
only showing top 10 rows
[2025-11-22T07:41:32.043+0000] {my_course_final.py:166} INFO - --Здания с максимальной и минимальной площадью в рамках каждой области--
[2025-11-22T07:41:35.551+0000] {logging_mixin.py:188} INFO - +------------------------------+----------+---------------------------------------------------------------------------+----------+--------------------------------------------------------------------------+
|region                        |min_square|min_square_address                                                         |max_square|max_square_address                                                        |
+------------------------------+----------+---------------------------------------------------------------------------+----------+--------------------------------------------------------------------------+
|Алматы                        |457.08    |д. г Навашино ул Соболева д.12                                             |3403.0    |ул. Орджоникидзе, д. 169                                                  |
|Алтайский край                |3.26      |Алтайский край, г. Барнаул, ул. Витебская, д. 2                            |88871.7   |Алтайский край, г. Барнаул, ул. Папанинцев, д. 121а                       |
|Амурская область              |26.6      |Амурская область, г. Благовещенск, пер. Кооперативный, д. 9                |429720.0  |Амурская область, р-н. Селемджинский, пгт. Февральск, ул. Саянская, д. 4 А|
|Архангельская область         |1.0       |Архангельская область, р-н. Устьянский, п. Илеза, ул. Первомайская, д. 13  |39452.7   |Архангельская область, г. Архангельск, пр-кт. Московский, д. 43, к. 3     |
|Астраханская область          |55.9      |Астраханская область, г. Астрахань, ул. Лиманская, д. 45, к. литер А       |15026.0   |Астраханская область, г. Астрахань, ул. С.Перовской, д. 84                |
|Белгородская область          |16.3      |обл. Белгородская, г. Белгород, ул. Разина, д. 10                          |7058900.0 |обл. Белгородская, г. Старый Оскол, мкр. Дубрава квартал 1, д. 18         |
|Брянская область              |18.8      |Брянская область, г. Брянск, ул. Почтовая, д. 48                           |40764.3   |Брянская область, г. Брянск, ул. Красноармейская, д. 100                  |
|Владимирская область          |3.01      |Владимирская область, р-н. Кольчугинский, г. Кольчугино, ул. Чапаева, д. 1Б|26959.0   |Владимирская область, г. Владимир, пр-кт. Октябрьский, д. 36              |
|Волгоградская область         |6.73      |Волгоградская область, г. Волгоград, ул. им Циолковского, д. 39            |55789.0   |Волгоградская область, г. Волжский, пр-кт. им Ленина, д. 97               |
|Вологодская область           |1.71      |Вологодская область, г. Череповец, ул. Милютина, д. 17                     |40878.18  |Вологодская область, г. Вологда, ул. Возрождения, д. 82а                  |
|Воронежская область           |21.0      |Воронежская область, г. Воронеж, ул. 20-летия ВЛКСМ, д. 54а                |198476.7  |Воронежская область, г. Воронеж, ул. Урывского, д. 9                      |
|Восточно-Казахстанская область|7704.0    |ул. Пархоменко, д. 60                                                      |7704.0    |ул. Пархоменко, д. 60                                                     |
|Гродненская область           |806.1     |ул. Поповича, д. 28                                                        |806.1     |ул. Поповича, д. 28                                                       |
|Днепропетровская область      |596.0     |ул. Орджоникидзе, д. 60                                                    |1341.0    |ул. Комсомольская, д. 4                                                   |
|Днепропетровская область      |596.0     |ул. Орджоникидзе, д. 60                                                    |1341.0    |ул. Комсомольская, д. 5                                                   |
|Донецкая область              |382.0     |д. г Осинники ул Кирова д.10                                               |6911.7    |ул. Красноармейская, д. 67                                                |
|Еврейская автономная область  |20.85     |Еврейская АО, р-н. Биробиджанский, с. Пронькино, ул. Набережная, д. 9      |14884.0   |Еврейская АО, г. Биробиджан, пр-кт. 60-летия СССР, д. 11.                 |
|Забайкальский край            |18.2      |Забайкальский край, п. Восточный, ул. Назара Губина, д. 5                  |41307.0   |Забайкальский край, г. Чита, ул. Карла Маркса, д. 16                      |
|Запорожская область           |3347.7    |ул. А.Невского, д. 4                                                       |3347.7    |ул. А.Невского, д. 4                                                      |
|Ивановская область            |23.9      |Ивановская область, р-н. Шуйский, г. Шуя, ул. Северная 7-я, д. 9           |32617.6   |Ивановская область, г. Иваново, ш. Кохомское, д. 11                       |
+------------------------------+----------+---------------------------------------------------------------------------+----------+--------------------------------------------------------------------------+
only showing top 20 rows
[2025-11-22T07:41:35.588+0000] {my_course_final.py:178} INFO - Количество зданий по десятилетиям:
[2025-11-22T07:41:37.245+0000] {logging_mixin.py:188} INFO - +------+--------------+
|decade|building_count|
+------+--------------+
|  1800|            22|
|  1810|            16|
|  1820|            47|
|  1830|            69|
|  1840|            72|
|  1850|           127|
|  1860|           187|
|  1870|           379|
|  1880|           690|
|  1890|          1202|
|  1900|         10712|
|  1910|         13717|
|  1920|          4762|
|  1930|         12472|
|  1940|         18664|
|  1950|         82721|
|  1960|        109138|
|  1970|         95115|
|  1980|         88624|
|  1990|         41858|
|  2000|         22809|
|  2010|         13720|
|  2020|             1|
+------+--------------+
[2025-11-22T07:41:37.259+0000] {my_course_final.py:200} INFO - Финальная схема данных: 
[2025-11-22T07:41:37.265+0000] {logging_mixin.py:188} INFO - root
 |-- house_id: integer (nullable = true)
 |-- latitude: double (nullable = true)
 |-- longitude: double (nullable = true)
 |-- maintenance_year: integer (nullable = true)
 |-- square: double (nullable = true)
 |-- population: integer (nullable = true)
 |-- region: string (nullable = true)
 |-- locality_name: string (nullable = true)
 |-- address: string (nullable = true)
 |-- full_address: string (nullable = true)
 |-- communal_service_id: double (nullable = true)
 |-- description: string (nullable = true)
[2025-11-22T07:41:37.265+0000] {my_course_final.py:202} INFO - Пример 5 строк: 
[2025-11-22T07:41:37.355+0000] {logging_mixin.py:188} INFO - +--------+------------------+------------------+----------------+-------+----------+-------------------+--------------------+----------------------------------------+-----------------------------------------------------------------------------------+-------------------+----------------------------------------------------------------------------------------------------------------------+
|house_id|latitude          |longitude         |maintenance_year|square |population|region             |locality_name       |address                                 |full_address                                                                       |communal_service_id|description                                                                                                           |
+--------+------------------+------------------+----------------+-------+----------+-------------------+--------------------+----------------------------------------+-----------------------------------------------------------------------------------+-------------------+----------------------------------------------------------------------------------------------------------------------+
|1       |44.707617         |43.006476         |1974            |2661.1 |89        |Ставропольский край|село Александровское|с. Александровское, ул. Войтика, д. 31  |Ставропольский край, р-н. Александровский, с. Александровское, ул. Войтика, д. 31  |1.0                |Жилой дом в , по адресу с. Александровское, ул. Войтика, д. 31, 1974 года постройки, под управлением УК «Жилсервис».  |
|2       |44.706720000000004|43.005281         |1989            |3111.1 |115       |Ставропольский край|село Александровское|с. Александровское, ул. Войтика, д. 39  |Ставропольский край, р-н. Александровский, с. Александровское, ул. Войтика, д. 39  |1.0                |Жилой дом в , по адресу с. Александровское, ул. Войтика, д. 39, 1989 года постройки, под управлением УК «Жилсервис».  |
|3       |44.708302         |43.006665000000005|1977            |2896.04|89        |Ставропольский край|село Александровское|с. Александровское, ул. Калинина, д. 25 |Ставропольский край, р-н. Александровский, с. Александровское, ул. Калинина, д. 25 |1.0                |Жилой дом в , по адресу с. Александровское, ул. Калинина, д. 25, 1977 года постройки, под управлением УК «Жилсервис». |
|5       |44.711946999999995|42.97358          |1978            |1061.92|26        |Ставропольский край|село Александровское|с. Александровское, ул. Советская, д. 97|Ставропольский край, р-н. Александровский, с. Александровское, ул. Советская, д. 97|1.0                |Жилой дом в , по адресу с. Александровское, ул. Советская, д. 97, 1978 года постройки, под управлением УК «Жилсервис».|
|6       |44.707751         |43.005515         |1978            |2688.7 |105       |Ставропольский край|село Александровское|с. Александровское, ул. Войтика, д. 29  |Ставропольский край, р-н. Александровский, с. Александровское, ул. Войтика, д. 29  |2.0                |Жилой дом в , по адресу с. Александровское, ул. Войтика, д. 29, 1978 года постройки, под управлением ТСЖ «Виктория».  |
+--------+------------------+------------------+----------------+-------+----------+-------------------+--------------------+----------------------------------------+-----------------------------------------------------------------------------------+-------------------+----------------------------------------------------------------------------------------------------------------------+
only showing top 5 rows
[2025-11-22T07:41:45.168+0000] {my_course_final.py:207} INFO - Размер Pandas DataFrame: 517124 строк
[2025-11-22T07:41:45.429+0000] {my_course_final.py:233} INFO - Подключаемся к ClickHouse
[2025-11-22T07:41:45.446+0000] {my_course_final.py:240} INFO - Подключение установлено
[2025-11-22T07:41:45.465+0000] {my_course_final.py:265} INFO - Таблица создана
[2025-11-22T07:41:45.466+0000] {my_course_final.py:268} INFO - Начинаем загрузку данных
[2025-11-22T07:41:46.167+0000] {my_course_final.py:272} INFO - Загружено 262127 записей в таблицу
[2025-11-22T07:41:46.171+0000] {my_course_final.py:282} ERROR - Ошибка при обработки данных: HTTPDriver for http://host.docker.internal:8123 returned response code 400)
 Code: 62. DB::Exception: Syntax error: failed at position 67 ('5') (line 1, col 67): 5
 FORMAT Native. Expected one of: token, Comma, FROM, PREWHERE, WHERE, GROUP BY, WITH, HAVING, WINDOW, ORDER BY, LIMIT, OFFSET, SETTINGS, UNION, EXCEPT, INTERSECT, INTO OUTFILE, FORMAT, end of query. (SYNTAX_ERROR) (version 22.1.3.7 (official build))

[2025-11-22T07:41:46.171+0000] {my_course_final.py:283} ERROR - Детали ошибки:
Traceback (most recent call last):
  File "/opt/airflow/dags/my_course_final.py", line 275, in russian_houses_analysis
    result = client.query('SELECT house_id, maintenance_year, region'
             ^^^^^^^^^^^^^^^^^^^^^^^^^^^^^^^^^^^^^^^^^^^^^^^^^^^^^^^^
  File "/home/airflow/.local/lib/python3.12/site-packages/clickhouse_connect/driver/client.py", line 211, in query
    return self._query_with_context(query_context)
           ^^^^^^^^^^^^^^^^^^^^^^^^^^^^^^^^^^^^^^^
  File "/home/airflow/.local/lib/python3.12/site-packages/clickhouse_connect/driver/httpclient.py", line 227, in _query_with_context
    response = self._raw_request(body,
               ^^^^^^^^^^^^^^^^^^^^^^^
  File "/home/airflow/.local/lib/python3.12/site-packages/clickhouse_connect/driver/httpclient.py", line 456, in _raw_request
    self._error_handler(response)
  File "/home/airflow/.local/lib/python3.12/site-packages/clickhouse_connect/driver/httpclient.py", line 379, in _error_handler
    raise OperationalError(err_str) if retried else DatabaseError(err_str) from None
clickhouse_connect.driver.exceptions.DatabaseError: HTTPDriver for http://host.docker.internal:8123 returned response code 400)
 Code: 62. DB::Exception: Syntax error: failed at position 67 ('5') (line 1, col 67): 5
 FORMAT Native. Expected one of: token, Comma, FROM, PREWHERE, WHERE, GROUP BY, WITH, HAVING, WINDOW, ORDER BY, LIMIT, OFFSET, SETTINGS, UNION, EXCEPT, INTERSECT, INTO OUTFILE, FORMAT, end of query. (SYNTAX_ERROR) (version 22.1.3.7 (official build))

[2025-11-22T07:41:46.288+0000] {my_course_final.py:288} INFO - Spark сессия остановлена
[2025-11-22T07:41:46.320+0000] {my_course_final.py:291} INFO - Временный файл удален
[2025-11-22T07:41:46.320+0000] {taskinstance.py:441} INFO - ::group::Post task execution logs
[2025-11-22T07:41:46.321+0000] {taskinstance.py:2905} ERROR - Task failed with exception
Traceback (most recent call last):
  File "/home/airflow/.local/lib/python3.12/site-packages/airflow/models/taskinstance.py", line 465, in _execute_task
    result = _execute_callable(context=context, **execute_callable_kwargs)
             ^^^^^^^^^^^^^^^^^^^^^^^^^^^^^^^^^^^^^^^^^^^^^^^^^^^^^^^^^^^^^
  File "/home/airflow/.local/lib/python3.12/site-packages/airflow/models/taskinstance.py", line 432, in _execute_callable
    return execute_callable(context=context, **execute_callable_kwargs)
           ^^^^^^^^^^^^^^^^^^^^^^^^^^^^^^^^^^^^^^^^^^^^^^^^^^^^^^^^^^^^
  File "/home/airflow/.local/lib/python3.12/site-packages/airflow/models/baseoperator.py", line 401, in wrapper
    return func(self, *args, **kwargs)
           ^^^^^^^^^^^^^^^^^^^^^^^^^^^
  File "/home/airflow/.local/lib/python3.12/site-packages/airflow/operators/python.py", line 235, in execute
    return_value = self.execute_callable()
                   ^^^^^^^^^^^^^^^^^^^^^^^
  File "/home/airflow/.local/lib/python3.12/site-packages/airflow/operators/python.py", line 252, in execute_callable
    return self.python_callable(*self.op_args, **self.op_kwargs)
           ^^^^^^^^^^^^^^^^^^^^^^^^^^^^^^^^^^^^^^^^^^^^^^^^^^^^^
  File "/opt/airflow/dags/my_course_final.py", line 275, in russian_houses_analysis
    result = client.query('SELECT house_id, maintenance_year, region'
             ^^^^^^^^^^^^^^^^^^^^^^^^^^^^^^^^^^^^^^^^^^^^^^^^^^^^^^^^
  File "/home/airflow/.local/lib/python3.12/site-packages/clickhouse_connect/driver/client.py", line 211, in query
    return self._query_with_context(query_context)
           ^^^^^^^^^^^^^^^^^^^^^^^^^^^^^^^^^^^^^^^
  File "/home/airflow/.local/lib/python3.12/site-packages/clickhouse_connect/driver/httpclient.py", line 227, in _query_with_context
    response = self._raw_request(body,
               ^^^^^^^^^^^^^^^^^^^^^^^
  File "/home/airflow/.local/lib/python3.12/site-packages/clickhouse_connect/driver/httpclient.py", line 456, in _raw_request
    self._error_handler(response)
  File "/home/airflow/.local/lib/python3.12/site-packages/clickhouse_connect/driver/httpclient.py", line 379, in _error_handler
    raise OperationalError(err_str) if retried else DatabaseError(err_str) from None
clickhouse_connect.driver.exceptions.DatabaseError: HTTPDriver for http://host.docker.internal:8123 returned response code 400)
 Code: 62. DB::Exception: Syntax error: failed at position 67 ('5') (line 1, col 67): 5
 FORMAT Native. Expected one of: token, Comma, FROM, PREWHERE, WHERE, GROUP BY, WITH, HAVING, WINDOW, ORDER BY, LIMIT, OFFSET, SETTINGS, UNION, EXCEPT, INTERSECT, INTO OUTFILE, FORMAT, end of query. (SYNTAX_ERROR) (version 22.1.3.7 (official build))

[2025-11-22T07:41:46.329+0000] {taskinstance.py:1206} INFO - Marking task as FAILED. dag_id=my_course_final, task_id=process_csv_simple, run_id=scheduled__2025-11-21T00:00:00+00:00, execution_date=20251121T000000, start_date=20251122T074003, end_date=20251122T074146
[2025-11-22T07:41:46.341+0000] {standard_task_runner.py:110} ERROR - Failed to execute job 224 for task process_csv_simple (HTTPDriver for http://host.docker.internal:8123 returned response code 400)
 Code: 62. DB::Exception: Syntax error: failed at position 67 ('5') (line 1, col 67): 5
 FORMAT Native. Expected one of: token, Comma, FROM, PREWHERE, WHERE, GROUP BY, WITH, HAVING, WINDOW, ORDER BY, LIMIT, OFFSET, SETTINGS, UNION, EXCEPT, INTERSECT, INTO OUTFILE, FORMAT, end of query. (SYNTAX_ERROR) (version 22.1.3.7 (official build))
; 2451)
[2025-11-22T07:41:46.405+0000] {local_task_job_runner.py:240} INFO - Task exited with return code 1
[2025-11-22T07:41:46.417+0000] {taskinstance.py:3503} INFO - 0 downstream tasks scheduled from follow-on schedule check
[2025-11-22T07:41:46.420+0000] {local_task_job_runner.py:222} INFO - ::endgroup::
