[2025-11-16T07:34:59.788+0000] {processor.py:161} INFO - Started process (PID=440) to work on /opt/airflow/dags/course_airflow.py
[2025-11-16T07:34:59.789+0000] {processor.py:830} INFO - Processing file /opt/airflow/dags/course_airflow.py for tasks to queue
[2025-11-16T07:34:59.790+0000] {logging_mixin.py:188} INFO - [2025-11-16T07:34:59.789+0000] {dagbag.py:545} INFO - Filling up the DagBag from /opt/airflow/dags/course_airflow.py
[2025-11-16T07:34:59.809+0000] {processor.py:840} INFO - DAG(s) 'test_2' retrieved from /opt/airflow/dags/course_airflow.py
[2025-11-16T07:34:59.881+0000] {logging_mixin.py:188} INFO - [2025-11-16T07:34:59.881+0000] {dag.py:3096} INFO - Sync 1 DAGs
[2025-11-16T07:34:59.889+0000] {logging_mixin.py:188} INFO - [2025-11-16T07:34:59.888+0000] {dag.py:3954} INFO - Setting next_dagrun for test_2 to None, run_after=None
[2025-11-16T07:34:59.906+0000] {processor.py:183} INFO - Processing /opt/airflow/dags/course_airflow.py took 0.122 seconds
[2025-11-16T07:35:29.992+0000] {processor.py:161} INFO - Started process (PID=448) to work on /opt/airflow/dags/course_airflow.py
[2025-11-16T07:35:29.992+0000] {processor.py:830} INFO - Processing file /opt/airflow/dags/course_airflow.py for tasks to queue
[2025-11-16T07:35:29.993+0000] {logging_mixin.py:188} INFO - [2025-11-16T07:35:29.993+0000] {dagbag.py:545} INFO - Filling up the DagBag from /opt/airflow/dags/course_airflow.py
[2025-11-16T07:35:30.011+0000] {processor.py:840} INFO - DAG(s) 'test_2' retrieved from /opt/airflow/dags/course_airflow.py
[2025-11-16T07:35:30.029+0000] {logging_mixin.py:188} INFO - [2025-11-16T07:35:30.029+0000] {dag.py:3096} INFO - Sync 1 DAGs
[2025-11-16T07:35:30.038+0000] {logging_mixin.py:188} INFO - [2025-11-16T07:35:30.038+0000] {dag.py:3954} INFO - Setting next_dagrun for test_2 to None, run_after=None
[2025-11-16T07:35:30.051+0000] {processor.py:183} INFO - Processing /opt/airflow/dags/course_airflow.py took 0.064 seconds
[2025-11-16T07:36:00.236+0000] {processor.py:161} INFO - Started process (PID=456) to work on /opt/airflow/dags/course_airflow.py
[2025-11-16T07:36:00.237+0000] {processor.py:830} INFO - Processing file /opt/airflow/dags/course_airflow.py for tasks to queue
[2025-11-16T07:36:00.237+0000] {logging_mixin.py:188} INFO - [2025-11-16T07:36:00.237+0000] {dagbag.py:545} INFO - Filling up the DagBag from /opt/airflow/dags/course_airflow.py
[2025-11-16T07:36:00.251+0000] {processor.py:840} INFO - DAG(s) 'test_2' retrieved from /opt/airflow/dags/course_airflow.py
[2025-11-16T07:36:00.260+0000] {logging_mixin.py:188} INFO - [2025-11-16T07:36:00.259+0000] {dag.py:3096} INFO - Sync 1 DAGs
[2025-11-16T07:36:00.268+0000] {logging_mixin.py:188} INFO - [2025-11-16T07:36:00.268+0000] {dag.py:3954} INFO - Setting next_dagrun for test_2 to None, run_after=None
[2025-11-16T07:36:00.279+0000] {processor.py:183} INFO - Processing /opt/airflow/dags/course_airflow.py took 0.047 seconds
[2025-11-16T07:36:30.504+0000] {processor.py:161} INFO - Started process (PID=464) to work on /opt/airflow/dags/course_airflow.py
[2025-11-16T07:36:30.505+0000] {processor.py:830} INFO - Processing file /opt/airflow/dags/course_airflow.py for tasks to queue
[2025-11-16T07:36:30.505+0000] {logging_mixin.py:188} INFO - [2025-11-16T07:36:30.505+0000] {dagbag.py:545} INFO - Filling up the DagBag from /opt/airflow/dags/course_airflow.py
[2025-11-16T07:36:30.521+0000] {processor.py:840} INFO - DAG(s) 'test_2' retrieved from /opt/airflow/dags/course_airflow.py
[2025-11-16T07:36:30.594+0000] {logging_mixin.py:188} INFO - [2025-11-16T07:36:30.593+0000] {dag.py:3096} INFO - Sync 1 DAGs
[2025-11-16T07:36:30.602+0000] {logging_mixin.py:188} INFO - [2025-11-16T07:36:30.602+0000] {dag.py:3954} INFO - Setting next_dagrun for test_2 to None, run_after=None
[2025-11-16T07:36:30.616+0000] {processor.py:183} INFO - Processing /opt/airflow/dags/course_airflow.py took 0.117 seconds
[2025-11-16T07:36:33.546+0000] {processor.py:161} INFO - Started process (PID=472) to work on /opt/airflow/dags/course_airflow.py
[2025-11-16T07:36:33.547+0000] {processor.py:830} INFO - Processing file /opt/airflow/dags/course_airflow.py for tasks to queue
[2025-11-16T07:36:33.548+0000] {logging_mixin.py:188} INFO - [2025-11-16T07:36:33.548+0000] {dagbag.py:545} INFO - Filling up the DagBag from /opt/airflow/dags/course_airflow.py
[2025-11-16T07:36:33.574+0000] {processor.py:840} INFO - DAG(s) 'test_2' retrieved from /opt/airflow/dags/course_airflow.py
[2025-11-16T07:36:33.588+0000] {logging_mixin.py:188} INFO - [2025-11-16T07:36:33.587+0000] {dag.py:3096} INFO - Sync 1 DAGs
[2025-11-16T07:36:33.606+0000] {logging_mixin.py:188} INFO - [2025-11-16T07:36:33.606+0000] {dag.py:3954} INFO - Setting next_dagrun for test_2 to None, run_after=None
[2025-11-16T07:36:33.632+0000] {processor.py:183} INFO - Processing /opt/airflow/dags/course_airflow.py took 0.092 seconds
[2025-11-16T07:37:02.931+0000] {processor.py:161} INFO - Started process (PID=474) to work on /opt/airflow/dags/course_airflow.py
[2025-11-16T07:37:02.931+0000] {processor.py:830} INFO - Processing file /opt/airflow/dags/course_airflow.py for tasks to queue
[2025-11-16T07:37:02.932+0000] {logging_mixin.py:188} INFO - [2025-11-16T07:37:02.932+0000] {dagbag.py:545} INFO - Filling up the DagBag from /opt/airflow/dags/course_airflow.py
[2025-11-16T07:37:04.096+0000] {logging_mixin.py:188} INFO - [2025-11-16T07:37:04.094+0000] {dagbag.py:355} ERROR - Failed to import: /opt/airflow/dags/course_airflow.py
Traceback (most recent call last):
  File "/home/airflow/.local/lib/python3.12/site-packages/airflow/models/dagbag.py", line 351, in parse
    loader.exec_module(new_module)
  File "<frozen importlib._bootstrap_external>", line 995, in exec_module
  File "<frozen importlib._bootstrap>", line 488, in _call_with_frames_removed
  File "/opt/airflow/dags/course_airflow.py", line 6, in <module>
    from clickhouse_driver import Client
ModuleNotFoundError: No module named 'clickhouse_driver'
[2025-11-16T07:37:04.097+0000] {processor.py:842} WARNING - No viable dags retrieved from /opt/airflow/dags/course_airflow.py
[2025-11-16T07:37:04.108+0000] {processor.py:183} INFO - Processing /opt/airflow/dags/course_airflow.py took 1.182 seconds
[2025-11-16T07:37:18.023+0000] {processor.py:161} INFO - Started process (PID=482) to work on /opt/airflow/dags/course_airflow.py
[2025-11-16T07:37:18.023+0000] {processor.py:830} INFO - Processing file /opt/airflow/dags/course_airflow.py for tasks to queue
[2025-11-16T07:37:18.024+0000] {logging_mixin.py:188} INFO - [2025-11-16T07:37:18.024+0000] {dagbag.py:545} INFO - Filling up the DagBag from /opt/airflow/dags/course_airflow.py
[2025-11-16T07:37:18.030+0000] {logging_mixin.py:188} INFO - [2025-11-16T07:37:18.029+0000] {dagbag.py:334} INFO - File /opt/airflow/dags/course_airflow.py assumed to contain no DAGs. Skipping.
[2025-11-16T07:37:18.030+0000] {processor.py:842} WARNING - No viable dags retrieved from /opt/airflow/dags/course_airflow.py
[2025-11-16T07:37:18.044+0000] {processor.py:183} INFO - Processing /opt/airflow/dags/course_airflow.py took 0.026 seconds
[2025-11-16T07:37:39.351+0000] {processor.py:161} INFO - Started process (PID=490) to work on /opt/airflow/dags/course_airflow.py
[2025-11-16T07:37:39.361+0000] {processor.py:830} INFO - Processing file /opt/airflow/dags/course_airflow.py for tasks to queue
[2025-11-16T07:37:39.363+0000] {logging_mixin.py:188} INFO - [2025-11-16T07:37:39.362+0000] {dagbag.py:545} INFO - Filling up the DagBag from /opt/airflow/dags/course_airflow.py
[2025-11-16T07:37:39.738+0000] {logging_mixin.py:188} INFO - [2025-11-16T07:37:39.735+0000] {dagbag.py:355} ERROR - Failed to import: /opt/airflow/dags/course_airflow.py
Traceback (most recent call last):
  File "/home/airflow/.local/lib/python3.12/site-packages/airflow/models/dagbag.py", line 351, in parse
    loader.exec_module(new_module)
  File "<frozen importlib._bootstrap_external>", line 995, in exec_module
  File "<frozen importlib._bootstrap>", line 488, in _call_with_frames_removed
  File "/opt/airflow/dags/course_airflow.py", line 6, in <module>
    from clickhouse_driver import Client
ModuleNotFoundError: No module named 'clickhouse_driver'
[2025-11-16T07:37:39.740+0000] {processor.py:842} WARNING - No viable dags retrieved from /opt/airflow/dags/course_airflow.py
[2025-11-16T07:37:39.752+0000] {processor.py:183} INFO - Processing /opt/airflow/dags/course_airflow.py took 0.407 seconds
[2025-11-16T07:41:19.445+0000] {processor.py:161} INFO - Started process (PID=134) to work on /opt/airflow/dags/course_airflow.py
[2025-11-16T07:41:19.446+0000] {processor.py:830} INFO - Processing file /opt/airflow/dags/course_airflow.py for tasks to queue
[2025-11-16T07:41:19.448+0000] {logging_mixin.py:188} INFO - [2025-11-16T07:41:19.448+0000] {dagbag.py:545} INFO - Filling up the DagBag from /opt/airflow/dags/course_airflow.py
[2025-11-16T07:41:20.612+0000] {logging_mixin.py:188} INFO - [2025-11-16T07:41:20.432+0000] {dagbag.py:355} ERROR - Failed to import: /opt/airflow/dags/course_airflow.py
Traceback (most recent call last):
  File "/home/airflow/.local/lib/python3.12/site-packages/airflow/models/dagbag.py", line 351, in parse
    loader.exec_module(new_module)
  File "<frozen importlib._bootstrap_external>", line 995, in exec_module
  File "<frozen importlib._bootstrap>", line 488, in _call_with_frames_removed
  File "/opt/airflow/dags/course_airflow.py", line 6, in <module>
    from clickhouse_driver import Client
ModuleNotFoundError: No module named 'clickhouse_driver'
[2025-11-16T07:41:20.619+0000] {processor.py:842} WARNING - No viable dags retrieved from /opt/airflow/dags/course_airflow.py
[2025-11-16T07:41:20.636+0000] {processor.py:183} INFO - Processing /opt/airflow/dags/course_airflow.py took 1.197 seconds
[2025-11-16T07:41:50.812+0000] {processor.py:161} INFO - Started process (PID=144) to work on /opt/airflow/dags/course_airflow.py
[2025-11-16T07:41:50.813+0000] {processor.py:830} INFO - Processing file /opt/airflow/dags/course_airflow.py for tasks to queue
[2025-11-16T07:41:50.816+0000] {logging_mixin.py:188} INFO - [2025-11-16T07:41:50.815+0000] {dagbag.py:545} INFO - Filling up the DagBag from /opt/airflow/dags/course_airflow.py
[2025-11-16T07:41:51.128+0000] {logging_mixin.py:188} INFO - [2025-11-16T07:41:51.125+0000] {dagbag.py:355} ERROR - Failed to import: /opt/airflow/dags/course_airflow.py
Traceback (most recent call last):
  File "/home/airflow/.local/lib/python3.12/site-packages/airflow/models/dagbag.py", line 351, in parse
    loader.exec_module(new_module)
  File "<frozen importlib._bootstrap_external>", line 995, in exec_module
  File "<frozen importlib._bootstrap>", line 488, in _call_with_frames_removed
  File "/opt/airflow/dags/course_airflow.py", line 6, in <module>
    from clickhouse_driver import Client
ModuleNotFoundError: No module named 'clickhouse_driver'
[2025-11-16T07:41:51.129+0000] {processor.py:842} WARNING - No viable dags retrieved from /opt/airflow/dags/course_airflow.py
[2025-11-16T07:41:51.142+0000] {processor.py:183} INFO - Processing /opt/airflow/dags/course_airflow.py took 0.336 seconds
[2025-11-16T07:42:22.059+0000] {processor.py:161} INFO - Started process (PID=153) to work on /opt/airflow/dags/course_airflow.py
[2025-11-16T07:42:22.060+0000] {processor.py:830} INFO - Processing file /opt/airflow/dags/course_airflow.py for tasks to queue
[2025-11-16T07:42:22.061+0000] {logging_mixin.py:188} INFO - [2025-11-16T07:42:22.061+0000] {dagbag.py:545} INFO - Filling up the DagBag from /opt/airflow/dags/course_airflow.py
[2025-11-16T07:42:22.264+0000] {logging_mixin.py:188} INFO - [2025-11-16T07:42:22.261+0000] {dagbag.py:355} ERROR - Failed to import: /opt/airflow/dags/course_airflow.py
Traceback (most recent call last):
  File "/home/airflow/.local/lib/python3.12/site-packages/airflow/models/dagbag.py", line 351, in parse
    loader.exec_module(new_module)
  File "<frozen importlib._bootstrap_external>", line 995, in exec_module
  File "<frozen importlib._bootstrap>", line 488, in _call_with_frames_removed
  File "/opt/airflow/dags/course_airflow.py", line 6, in <module>
    from clickhouse_driver import Client
ModuleNotFoundError: No module named 'clickhouse_driver'
[2025-11-16T07:42:22.265+0000] {processor.py:842} WARNING - No viable dags retrieved from /opt/airflow/dags/course_airflow.py
[2025-11-16T07:42:22.280+0000] {processor.py:183} INFO - Processing /opt/airflow/dags/course_airflow.py took 0.226 seconds
[2025-11-16T07:42:52.363+0000] {processor.py:161} INFO - Started process (PID=162) to work on /opt/airflow/dags/course_airflow.py
[2025-11-16T07:42:52.363+0000] {processor.py:830} INFO - Processing file /opt/airflow/dags/course_airflow.py for tasks to queue
[2025-11-16T07:42:52.365+0000] {logging_mixin.py:188} INFO - [2025-11-16T07:42:52.364+0000] {dagbag.py:545} INFO - Filling up the DagBag from /opt/airflow/dags/course_airflow.py
[2025-11-16T07:42:52.585+0000] {logging_mixin.py:188} INFO - [2025-11-16T07:42:52.582+0000] {dagbag.py:355} ERROR - Failed to import: /opt/airflow/dags/course_airflow.py
Traceback (most recent call last):
  File "/home/airflow/.local/lib/python3.12/site-packages/airflow/models/dagbag.py", line 351, in parse
    loader.exec_module(new_module)
  File "<frozen importlib._bootstrap_external>", line 995, in exec_module
  File "<frozen importlib._bootstrap>", line 488, in _call_with_frames_removed
  File "/opt/airflow/dags/course_airflow.py", line 6, in <module>
    from clickhouse_driver import Client
ModuleNotFoundError: No module named 'clickhouse_driver'
[2025-11-16T07:42:52.585+0000] {processor.py:842} WARNING - No viable dags retrieved from /opt/airflow/dags/course_airflow.py
[2025-11-16T07:42:52.598+0000] {processor.py:183} INFO - Processing /opt/airflow/dags/course_airflow.py took 0.239 seconds
[2025-11-16T07:43:22.680+0000] {processor.py:161} INFO - Started process (PID=171) to work on /opt/airflow/dags/course_airflow.py
[2025-11-16T07:43:22.681+0000] {processor.py:830} INFO - Processing file /opt/airflow/dags/course_airflow.py for tasks to queue
[2025-11-16T07:43:22.682+0000] {logging_mixin.py:188} INFO - [2025-11-16T07:43:22.682+0000] {dagbag.py:545} INFO - Filling up the DagBag from /opt/airflow/dags/course_airflow.py
[2025-11-16T07:43:23.008+0000] {logging_mixin.py:188} INFO - [2025-11-16T07:43:23.006+0000] {dagbag.py:355} ERROR - Failed to import: /opt/airflow/dags/course_airflow.py
Traceback (most recent call last):
  File "/home/airflow/.local/lib/python3.12/site-packages/airflow/models/dagbag.py", line 351, in parse
    loader.exec_module(new_module)
  File "<frozen importlib._bootstrap_external>", line 995, in exec_module
  File "<frozen importlib._bootstrap>", line 488, in _call_with_frames_removed
  File "/opt/airflow/dags/course_airflow.py", line 6, in <module>
    from clickhouse_driver import Client
ModuleNotFoundError: No module named 'clickhouse_driver'
[2025-11-16T07:43:23.009+0000] {processor.py:842} WARNING - No viable dags retrieved from /opt/airflow/dags/course_airflow.py
[2025-11-16T07:43:23.021+0000] {processor.py:183} INFO - Processing /opt/airflow/dags/course_airflow.py took 0.345 seconds
[2025-11-16T07:43:53.112+0000] {processor.py:161} INFO - Started process (PID=180) to work on /opt/airflow/dags/course_airflow.py
[2025-11-16T07:43:53.112+0000] {processor.py:830} INFO - Processing file /opt/airflow/dags/course_airflow.py for tasks to queue
[2025-11-16T07:43:53.114+0000] {logging_mixin.py:188} INFO - [2025-11-16T07:43:53.114+0000] {dagbag.py:545} INFO - Filling up the DagBag from /opt/airflow/dags/course_airflow.py
[2025-11-16T07:43:53.504+0000] {logging_mixin.py:188} INFO - [2025-11-16T07:43:53.501+0000] {dagbag.py:355} ERROR - Failed to import: /opt/airflow/dags/course_airflow.py
Traceback (most recent call last):
  File "/home/airflow/.local/lib/python3.12/site-packages/airflow/models/dagbag.py", line 351, in parse
    loader.exec_module(new_module)
  File "<frozen importlib._bootstrap_external>", line 995, in exec_module
  File "<frozen importlib._bootstrap>", line 488, in _call_with_frames_removed
  File "/opt/airflow/dags/course_airflow.py", line 6, in <module>
    from clickhouse_driver import Client
ModuleNotFoundError: No module named 'clickhouse_driver'
[2025-11-16T07:43:53.504+0000] {processor.py:842} WARNING - No viable dags retrieved from /opt/airflow/dags/course_airflow.py
[2025-11-16T07:43:53.516+0000] {processor.py:183} INFO - Processing /opt/airflow/dags/course_airflow.py took 0.409 seconds
[2025-11-16T07:44:24.319+0000] {processor.py:161} INFO - Started process (PID=189) to work on /opt/airflow/dags/course_airflow.py
[2025-11-16T07:44:24.320+0000] {processor.py:830} INFO - Processing file /opt/airflow/dags/course_airflow.py for tasks to queue
[2025-11-16T07:44:24.322+0000] {logging_mixin.py:188} INFO - [2025-11-16T07:44:24.321+0000] {dagbag.py:545} INFO - Filling up the DagBag from /opt/airflow/dags/course_airflow.py
[2025-11-16T07:44:24.516+0000] {logging_mixin.py:188} INFO - [2025-11-16T07:44:24.512+0000] {dagbag.py:355} ERROR - Failed to import: /opt/airflow/dags/course_airflow.py
Traceback (most recent call last):
  File "/home/airflow/.local/lib/python3.12/site-packages/airflow/models/dagbag.py", line 351, in parse
    loader.exec_module(new_module)
  File "<frozen importlib._bootstrap_external>", line 995, in exec_module
  File "<frozen importlib._bootstrap>", line 488, in _call_with_frames_removed
  File "/opt/airflow/dags/course_airflow.py", line 6, in <module>
    from clickhouse_driver import Client
ModuleNotFoundError: No module named 'clickhouse_driver'
[2025-11-16T07:44:24.517+0000] {processor.py:842} WARNING - No viable dags retrieved from /opt/airflow/dags/course_airflow.py
[2025-11-16T07:44:24.531+0000] {processor.py:183} INFO - Processing /opt/airflow/dags/course_airflow.py took 0.216 seconds
[2025-11-16T07:44:54.585+0000] {processor.py:161} INFO - Started process (PID=198) to work on /opt/airflow/dags/course_airflow.py
[2025-11-16T07:44:54.586+0000] {processor.py:830} INFO - Processing file /opt/airflow/dags/course_airflow.py for tasks to queue
[2025-11-16T07:44:54.587+0000] {logging_mixin.py:188} INFO - [2025-11-16T07:44:54.587+0000] {dagbag.py:545} INFO - Filling up the DagBag from /opt/airflow/dags/course_airflow.py
[2025-11-16T07:44:54.783+0000] {logging_mixin.py:188} INFO - [2025-11-16T07:44:54.780+0000] {dagbag.py:355} ERROR - Failed to import: /opt/airflow/dags/course_airflow.py
Traceback (most recent call last):
  File "/home/airflow/.local/lib/python3.12/site-packages/airflow/models/dagbag.py", line 351, in parse
    loader.exec_module(new_module)
  File "<frozen importlib._bootstrap_external>", line 995, in exec_module
  File "<frozen importlib._bootstrap>", line 488, in _call_with_frames_removed
  File "/opt/airflow/dags/course_airflow.py", line 6, in <module>
    from clickhouse_driver import Client
ModuleNotFoundError: No module named 'clickhouse_driver'
[2025-11-16T07:44:54.783+0000] {processor.py:842} WARNING - No viable dags retrieved from /opt/airflow/dags/course_airflow.py
[2025-11-16T07:44:54.795+0000] {processor.py:183} INFO - Processing /opt/airflow/dags/course_airflow.py took 0.214 seconds
[2025-11-16T07:45:24.854+0000] {processor.py:161} INFO - Started process (PID=207) to work on /opt/airflow/dags/course_airflow.py
[2025-11-16T07:45:24.854+0000] {processor.py:830} INFO - Processing file /opt/airflow/dags/course_airflow.py for tasks to queue
[2025-11-16T07:45:24.856+0000] {logging_mixin.py:188} INFO - [2025-11-16T07:45:24.856+0000] {dagbag.py:545} INFO - Filling up the DagBag from /opt/airflow/dags/course_airflow.py
[2025-11-16T07:45:25.065+0000] {logging_mixin.py:188} INFO - [2025-11-16T07:45:25.062+0000] {dagbag.py:355} ERROR - Failed to import: /opt/airflow/dags/course_airflow.py
Traceback (most recent call last):
  File "/home/airflow/.local/lib/python3.12/site-packages/airflow/models/dagbag.py", line 351, in parse
    loader.exec_module(new_module)
  File "<frozen importlib._bootstrap_external>", line 995, in exec_module
  File "<frozen importlib._bootstrap>", line 488, in _call_with_frames_removed
  File "/opt/airflow/dags/course_airflow.py", line 6, in <module>
    from clickhouse_driver import Client
ModuleNotFoundError: No module named 'clickhouse_driver'
[2025-11-16T07:45:25.066+0000] {processor.py:842} WARNING - No viable dags retrieved from /opt/airflow/dags/course_airflow.py
[2025-11-16T07:45:25.083+0000] {processor.py:183} INFO - Processing /opt/airflow/dags/course_airflow.py took 0.234 seconds
[2025-11-16T07:45:55.142+0000] {processor.py:161} INFO - Started process (PID=216) to work on /opt/airflow/dags/course_airflow.py
[2025-11-16T07:45:55.143+0000] {processor.py:830} INFO - Processing file /opt/airflow/dags/course_airflow.py for tasks to queue
[2025-11-16T07:45:55.144+0000] {logging_mixin.py:188} INFO - [2025-11-16T07:45:55.144+0000] {dagbag.py:545} INFO - Filling up the DagBag from /opt/airflow/dags/course_airflow.py
[2025-11-16T07:45:55.458+0000] {logging_mixin.py:188} INFO - [2025-11-16T07:45:55.455+0000] {dagbag.py:355} ERROR - Failed to import: /opt/airflow/dags/course_airflow.py
Traceback (most recent call last):
  File "/home/airflow/.local/lib/python3.12/site-packages/airflow/models/dagbag.py", line 351, in parse
    loader.exec_module(new_module)
  File "<frozen importlib._bootstrap_external>", line 995, in exec_module
  File "<frozen importlib._bootstrap>", line 488, in _call_with_frames_removed
  File "/opt/airflow/dags/course_airflow.py", line 6, in <module>
    from clickhouse_driver import Client
ModuleNotFoundError: No module named 'clickhouse_driver'
[2025-11-16T07:45:55.459+0000] {processor.py:842} WARNING - No viable dags retrieved from /opt/airflow/dags/course_airflow.py
[2025-11-16T07:45:55.470+0000] {processor.py:183} INFO - Processing /opt/airflow/dags/course_airflow.py took 0.332 seconds
[2025-11-16T07:46:26.362+0000] {processor.py:161} INFO - Started process (PID=225) to work on /opt/airflow/dags/course_airflow.py
[2025-11-16T07:46:26.363+0000] {processor.py:830} INFO - Processing file /opt/airflow/dags/course_airflow.py for tasks to queue
[2025-11-16T07:46:26.364+0000] {logging_mixin.py:188} INFO - [2025-11-16T07:46:26.364+0000] {dagbag.py:545} INFO - Filling up the DagBag from /opt/airflow/dags/course_airflow.py
[2025-11-16T07:46:26.667+0000] {logging_mixin.py:188} INFO - [2025-11-16T07:46:26.665+0000] {dagbag.py:355} ERROR - Failed to import: /opt/airflow/dags/course_airflow.py
Traceback (most recent call last):
  File "/home/airflow/.local/lib/python3.12/site-packages/airflow/models/dagbag.py", line 351, in parse
    loader.exec_module(new_module)
  File "<frozen importlib._bootstrap_external>", line 995, in exec_module
  File "<frozen importlib._bootstrap>", line 488, in _call_with_frames_removed
  File "/opt/airflow/dags/course_airflow.py", line 6, in <module>
    from clickhouse_driver import Client
ModuleNotFoundError: No module named 'clickhouse_driver'
[2025-11-16T07:46:26.668+0000] {processor.py:842} WARNING - No viable dags retrieved from /opt/airflow/dags/course_airflow.py
[2025-11-16T07:46:26.680+0000] {processor.py:183} INFO - Processing /opt/airflow/dags/course_airflow.py took 0.323 seconds
[2025-11-16T07:46:56.714+0000] {processor.py:161} INFO - Started process (PID=234) to work on /opt/airflow/dags/course_airflow.py
[2025-11-16T07:46:56.715+0000] {processor.py:830} INFO - Processing file /opt/airflow/dags/course_airflow.py for tasks to queue
[2025-11-16T07:46:56.716+0000] {logging_mixin.py:188} INFO - [2025-11-16T07:46:56.716+0000] {dagbag.py:545} INFO - Filling up the DagBag from /opt/airflow/dags/course_airflow.py
[2025-11-16T07:46:57.033+0000] {logging_mixin.py:188} INFO - [2025-11-16T07:46:57.030+0000] {dagbag.py:355} ERROR - Failed to import: /opt/airflow/dags/course_airflow.py
Traceback (most recent call last):
  File "/home/airflow/.local/lib/python3.12/site-packages/airflow/models/dagbag.py", line 351, in parse
    loader.exec_module(new_module)
  File "<frozen importlib._bootstrap_external>", line 995, in exec_module
  File "<frozen importlib._bootstrap>", line 488, in _call_with_frames_removed
  File "/opt/airflow/dags/course_airflow.py", line 6, in <module>
    from clickhouse_driver import Client
ModuleNotFoundError: No module named 'clickhouse_driver'
[2025-11-16T07:46:57.033+0000] {processor.py:842} WARNING - No viable dags retrieved from /opt/airflow/dags/course_airflow.py
[2025-11-16T07:46:57.044+0000] {processor.py:183} INFO - Processing /opt/airflow/dags/course_airflow.py took 0.335 seconds
[2025-11-16T07:47:27.930+0000] {processor.py:161} INFO - Started process (PID=243) to work on /opt/airflow/dags/course_airflow.py
[2025-11-16T07:47:27.931+0000] {processor.py:830} INFO - Processing file /opt/airflow/dags/course_airflow.py for tasks to queue
[2025-11-16T07:47:27.932+0000] {logging_mixin.py:188} INFO - [2025-11-16T07:47:27.932+0000] {dagbag.py:545} INFO - Filling up the DagBag from /opt/airflow/dags/course_airflow.py
[2025-11-16T07:47:28.150+0000] {logging_mixin.py:188} INFO - [2025-11-16T07:47:28.147+0000] {dagbag.py:355} ERROR - Failed to import: /opt/airflow/dags/course_airflow.py
Traceback (most recent call last):
  File "/home/airflow/.local/lib/python3.12/site-packages/airflow/models/dagbag.py", line 351, in parse
    loader.exec_module(new_module)
  File "<frozen importlib._bootstrap_external>", line 995, in exec_module
  File "<frozen importlib._bootstrap>", line 488, in _call_with_frames_removed
  File "/opt/airflow/dags/course_airflow.py", line 6, in <module>
    from clickhouse_driver import Client
ModuleNotFoundError: No module named 'clickhouse_driver'
[2025-11-16T07:47:28.151+0000] {processor.py:842} WARNING - No viable dags retrieved from /opt/airflow/dags/course_airflow.py
[2025-11-16T07:47:28.166+0000] {processor.py:183} INFO - Processing /opt/airflow/dags/course_airflow.py took 0.239 seconds
[2025-11-16T07:47:58.278+0000] {processor.py:161} INFO - Started process (PID=252) to work on /opt/airflow/dags/course_airflow.py
[2025-11-16T07:47:58.279+0000] {processor.py:830} INFO - Processing file /opt/airflow/dags/course_airflow.py for tasks to queue
[2025-11-16T07:47:58.280+0000] {logging_mixin.py:188} INFO - [2025-11-16T07:47:58.280+0000] {dagbag.py:545} INFO - Filling up the DagBag from /opt/airflow/dags/course_airflow.py
[2025-11-16T07:47:58.481+0000] {logging_mixin.py:188} INFO - [2025-11-16T07:47:58.478+0000] {dagbag.py:355} ERROR - Failed to import: /opt/airflow/dags/course_airflow.py
Traceback (most recent call last):
  File "/home/airflow/.local/lib/python3.12/site-packages/airflow/models/dagbag.py", line 351, in parse
    loader.exec_module(new_module)
  File "<frozen importlib._bootstrap_external>", line 995, in exec_module
  File "<frozen importlib._bootstrap>", line 488, in _call_with_frames_removed
  File "/opt/airflow/dags/course_airflow.py", line 6, in <module>
    from clickhouse_driver import Client
ModuleNotFoundError: No module named 'clickhouse_driver'
[2025-11-16T07:47:58.482+0000] {processor.py:842} WARNING - No viable dags retrieved from /opt/airflow/dags/course_airflow.py
[2025-11-16T07:47:58.496+0000] {processor.py:183} INFO - Processing /opt/airflow/dags/course_airflow.py took 0.223 seconds
[2025-11-16T07:48:28.581+0000] {processor.py:161} INFO - Started process (PID=261) to work on /opt/airflow/dags/course_airflow.py
[2025-11-16T07:48:28.582+0000] {processor.py:830} INFO - Processing file /opt/airflow/dags/course_airflow.py for tasks to queue
[2025-11-16T07:48:28.584+0000] {logging_mixin.py:188} INFO - [2025-11-16T07:48:28.583+0000] {dagbag.py:545} INFO - Filling up the DagBag from /opt/airflow/dags/course_airflow.py
[2025-11-16T07:48:28.895+0000] {logging_mixin.py:188} INFO - [2025-11-16T07:48:28.892+0000] {dagbag.py:355} ERROR - Failed to import: /opt/airflow/dags/course_airflow.py
Traceback (most recent call last):
  File "/home/airflow/.local/lib/python3.12/site-packages/airflow/models/dagbag.py", line 351, in parse
    loader.exec_module(new_module)
  File "<frozen importlib._bootstrap_external>", line 995, in exec_module
  File "<frozen importlib._bootstrap>", line 488, in _call_with_frames_removed
  File "/opt/airflow/dags/course_airflow.py", line 6, in <module>
    from clickhouse_driver import Client
ModuleNotFoundError: No module named 'clickhouse_driver'
[2025-11-16T07:48:28.896+0000] {processor.py:842} WARNING - No viable dags retrieved from /opt/airflow/dags/course_airflow.py
[2025-11-16T07:48:28.910+0000] {processor.py:183} INFO - Processing /opt/airflow/dags/course_airflow.py took 0.333 seconds
[2025-11-16T07:48:59.796+0000] {processor.py:161} INFO - Started process (PID=270) to work on /opt/airflow/dags/course_airflow.py
[2025-11-16T07:48:59.797+0000] {processor.py:830} INFO - Processing file /opt/airflow/dags/course_airflow.py for tasks to queue
[2025-11-16T07:48:59.799+0000] {logging_mixin.py:188} INFO - [2025-11-16T07:48:59.799+0000] {dagbag.py:545} INFO - Filling up the DagBag from /opt/airflow/dags/course_airflow.py
[2025-11-16T07:49:00.111+0000] {logging_mixin.py:188} INFO - [2025-11-16T07:49:00.108+0000] {dagbag.py:355} ERROR - Failed to import: /opt/airflow/dags/course_airflow.py
Traceback (most recent call last):
  File "/home/airflow/.local/lib/python3.12/site-packages/airflow/models/dagbag.py", line 351, in parse
    loader.exec_module(new_module)
  File "<frozen importlib._bootstrap_external>", line 995, in exec_module
  File "<frozen importlib._bootstrap>", line 488, in _call_with_frames_removed
  File "/opt/airflow/dags/course_airflow.py", line 6, in <module>
    from clickhouse_driver import Client
ModuleNotFoundError: No module named 'clickhouse_driver'
[2025-11-16T07:49:00.111+0000] {processor.py:842} WARNING - No viable dags retrieved from /opt/airflow/dags/course_airflow.py
[2025-11-16T07:49:00.122+0000] {processor.py:183} INFO - Processing /opt/airflow/dags/course_airflow.py took 0.333 seconds
[2025-11-16T07:49:31.049+0000] {processor.py:161} INFO - Started process (PID=279) to work on /opt/airflow/dags/course_airflow.py
[2025-11-16T07:49:31.050+0000] {processor.py:830} INFO - Processing file /opt/airflow/dags/course_airflow.py for tasks to queue
[2025-11-16T07:49:31.052+0000] {logging_mixin.py:188} INFO - [2025-11-16T07:49:31.052+0000] {dagbag.py:545} INFO - Filling up the DagBag from /opt/airflow/dags/course_airflow.py
[2025-11-16T07:49:31.466+0000] {logging_mixin.py:188} INFO - [2025-11-16T07:49:31.464+0000] {dagbag.py:355} ERROR - Failed to import: /opt/airflow/dags/course_airflow.py
Traceback (most recent call last):
  File "/home/airflow/.local/lib/python3.12/site-packages/airflow/models/dagbag.py", line 351, in parse
    loader.exec_module(new_module)
  File "<frozen importlib._bootstrap_external>", line 995, in exec_module
  File "<frozen importlib._bootstrap>", line 488, in _call_with_frames_removed
  File "/opt/airflow/dags/course_airflow.py", line 6, in <module>
    from clickhouse_driver import Client
ModuleNotFoundError: No module named 'clickhouse_driver'
[2025-11-16T07:49:31.467+0000] {processor.py:842} WARNING - No viable dags retrieved from /opt/airflow/dags/course_airflow.py
[2025-11-16T07:49:31.479+0000] {processor.py:183} INFO - Processing /opt/airflow/dags/course_airflow.py took 0.437 seconds
[2025-11-16T07:50:02.270+0000] {processor.py:161} INFO - Started process (PID=288) to work on /opt/airflow/dags/course_airflow.py
[2025-11-16T07:50:02.271+0000] {processor.py:830} INFO - Processing file /opt/airflow/dags/course_airflow.py for tasks to queue
[2025-11-16T07:50:02.272+0000] {logging_mixin.py:188} INFO - [2025-11-16T07:50:02.272+0000] {dagbag.py:545} INFO - Filling up the DagBag from /opt/airflow/dags/course_airflow.py
[2025-11-16T07:50:02.753+0000] {logging_mixin.py:188} INFO - [2025-11-16T07:50:02.750+0000] {dagbag.py:355} ERROR - Failed to import: /opt/airflow/dags/course_airflow.py
Traceback (most recent call last):
  File "/home/airflow/.local/lib/python3.12/site-packages/airflow/models/dagbag.py", line 351, in parse
    loader.exec_module(new_module)
  File "<frozen importlib._bootstrap_external>", line 995, in exec_module
  File "<frozen importlib._bootstrap>", line 488, in _call_with_frames_removed
  File "/opt/airflow/dags/course_airflow.py", line 6, in <module>
    from clickhouse_driver import Client
ModuleNotFoundError: No module named 'clickhouse_driver'
[2025-11-16T07:50:02.753+0000] {processor.py:842} WARNING - No viable dags retrieved from /opt/airflow/dags/course_airflow.py
[2025-11-16T07:50:02.764+0000] {processor.py:183} INFO - Processing /opt/airflow/dags/course_airflow.py took 0.498 seconds
[2025-11-16T07:50:33.696+0000] {processor.py:161} INFO - Started process (PID=297) to work on /opt/airflow/dags/course_airflow.py
[2025-11-16T07:50:33.697+0000] {processor.py:830} INFO - Processing file /opt/airflow/dags/course_airflow.py for tasks to queue
[2025-11-16T07:50:33.698+0000] {logging_mixin.py:188} INFO - [2025-11-16T07:50:33.698+0000] {dagbag.py:545} INFO - Filling up the DagBag from /opt/airflow/dags/course_airflow.py
[2025-11-16T07:50:33.906+0000] {logging_mixin.py:188} INFO - [2025-11-16T07:50:33.903+0000] {dagbag.py:355} ERROR - Failed to import: /opt/airflow/dags/course_airflow.py
Traceback (most recent call last):
  File "/home/airflow/.local/lib/python3.12/site-packages/airflow/models/dagbag.py", line 351, in parse
    loader.exec_module(new_module)
  File "<frozen importlib._bootstrap_external>", line 995, in exec_module
  File "<frozen importlib._bootstrap>", line 488, in _call_with_frames_removed
  File "/opt/airflow/dags/course_airflow.py", line 6, in <module>
    from clickhouse_driver import Client
ModuleNotFoundError: No module named 'clickhouse_driver'
[2025-11-16T07:50:33.907+0000] {processor.py:842} WARNING - No viable dags retrieved from /opt/airflow/dags/course_airflow.py
[2025-11-16T07:50:33.920+0000] {processor.py:183} INFO - Processing /opt/airflow/dags/course_airflow.py took 0.228 seconds
[2025-11-16T07:51:04.003+0000] {processor.py:161} INFO - Started process (PID=306) to work on /opt/airflow/dags/course_airflow.py
[2025-11-16T07:51:04.004+0000] {processor.py:830} INFO - Processing file /opt/airflow/dags/course_airflow.py for tasks to queue
[2025-11-16T07:51:04.006+0000] {logging_mixin.py:188} INFO - [2025-11-16T07:51:04.005+0000] {dagbag.py:545} INFO - Filling up the DagBag from /opt/airflow/dags/course_airflow.py
[2025-11-16T07:51:04.195+0000] {logging_mixin.py:188} INFO - [2025-11-16T07:51:04.192+0000] {dagbag.py:355} ERROR - Failed to import: /opt/airflow/dags/course_airflow.py
Traceback (most recent call last):
  File "/home/airflow/.local/lib/python3.12/site-packages/airflow/models/dagbag.py", line 351, in parse
    loader.exec_module(new_module)
  File "<frozen importlib._bootstrap_external>", line 995, in exec_module
  File "<frozen importlib._bootstrap>", line 488, in _call_with_frames_removed
  File "/opt/airflow/dags/course_airflow.py", line 6, in <module>
    from clickhouse_driver import Client
ModuleNotFoundError: No module named 'clickhouse_driver'
[2025-11-16T07:51:04.196+0000] {processor.py:842} WARNING - No viable dags retrieved from /opt/airflow/dags/course_airflow.py
[2025-11-16T07:51:04.210+0000] {processor.py:183} INFO - Processing /opt/airflow/dags/course_airflow.py took 0.211 seconds
[2025-11-16T07:51:34.286+0000] {processor.py:161} INFO - Started process (PID=315) to work on /opt/airflow/dags/course_airflow.py
[2025-11-16T07:51:34.287+0000] {processor.py:830} INFO - Processing file /opt/airflow/dags/course_airflow.py for tasks to queue
[2025-11-16T07:51:34.288+0000] {logging_mixin.py:188} INFO - [2025-11-16T07:51:34.288+0000] {dagbag.py:545} INFO - Filling up the DagBag from /opt/airflow/dags/course_airflow.py
[2025-11-16T07:51:34.658+0000] {logging_mixin.py:188} INFO - [2025-11-16T07:51:34.655+0000] {dagbag.py:355} ERROR - Failed to import: /opt/airflow/dags/course_airflow.py
Traceback (most recent call last):
  File "/home/airflow/.local/lib/python3.12/site-packages/airflow/models/dagbag.py", line 351, in parse
    loader.exec_module(new_module)
  File "<frozen importlib._bootstrap_external>", line 995, in exec_module
  File "<frozen importlib._bootstrap>", line 488, in _call_with_frames_removed
  File "/opt/airflow/dags/course_airflow.py", line 6, in <module>
    from clickhouse_driver import Client
ModuleNotFoundError: No module named 'clickhouse_driver'
[2025-11-16T07:51:34.659+0000] {processor.py:842} WARNING - No viable dags retrieved from /opt/airflow/dags/course_airflow.py
[2025-11-16T07:51:34.673+0000] {processor.py:183} INFO - Processing /opt/airflow/dags/course_airflow.py took 0.393 seconds
[2025-11-16T07:52:05.459+0000] {processor.py:161} INFO - Started process (PID=324) to work on /opt/airflow/dags/course_airflow.py
[2025-11-16T07:52:05.460+0000] {processor.py:830} INFO - Processing file /opt/airflow/dags/course_airflow.py for tasks to queue
[2025-11-16T07:52:05.463+0000] {logging_mixin.py:188} INFO - [2025-11-16T07:52:05.462+0000] {dagbag.py:545} INFO - Filling up the DagBag from /opt/airflow/dags/course_airflow.py
[2025-11-16T07:52:05.788+0000] {logging_mixin.py:188} INFO - [2025-11-16T07:52:05.786+0000] {dagbag.py:355} ERROR - Failed to import: /opt/airflow/dags/course_airflow.py
Traceback (most recent call last):
  File "/home/airflow/.local/lib/python3.12/site-packages/airflow/models/dagbag.py", line 351, in parse
    loader.exec_module(new_module)
  File "<frozen importlib._bootstrap_external>", line 995, in exec_module
  File "<frozen importlib._bootstrap>", line 488, in _call_with_frames_removed
  File "/opt/airflow/dags/course_airflow.py", line 6, in <module>
    from clickhouse_driver import Client
ModuleNotFoundError: No module named 'clickhouse_driver'
[2025-11-16T07:52:05.789+0000] {processor.py:842} WARNING - No viable dags retrieved from /opt/airflow/dags/course_airflow.py
[2025-11-16T07:52:05.801+0000] {processor.py:183} INFO - Processing /opt/airflow/dags/course_airflow.py took 0.349 seconds
[2025-11-16T07:52:35.833+0000] {processor.py:161} INFO - Started process (PID=333) to work on /opt/airflow/dags/course_airflow.py
[2025-11-16T07:52:35.834+0000] {processor.py:830} INFO - Processing file /opt/airflow/dags/course_airflow.py for tasks to queue
[2025-11-16T07:52:35.835+0000] {logging_mixin.py:188} INFO - [2025-11-16T07:52:35.835+0000] {dagbag.py:545} INFO - Filling up the DagBag from /opt/airflow/dags/course_airflow.py
[2025-11-16T07:52:36.148+0000] {logging_mixin.py:188} INFO - [2025-11-16T07:52:36.146+0000] {dagbag.py:355} ERROR - Failed to import: /opt/airflow/dags/course_airflow.py
Traceback (most recent call last):
  File "/home/airflow/.local/lib/python3.12/site-packages/airflow/models/dagbag.py", line 351, in parse
    loader.exec_module(new_module)
  File "<frozen importlib._bootstrap_external>", line 995, in exec_module
  File "<frozen importlib._bootstrap>", line 488, in _call_with_frames_removed
  File "/opt/airflow/dags/course_airflow.py", line 6, in <module>
    from clickhouse_driver import Client
ModuleNotFoundError: No module named 'clickhouse_driver'
[2025-11-16T07:52:36.149+0000] {processor.py:842} WARNING - No viable dags retrieved from /opt/airflow/dags/course_airflow.py
[2025-11-16T07:52:36.160+0000] {processor.py:183} INFO - Processing /opt/airflow/dags/course_airflow.py took 0.332 seconds
[2025-11-16T07:53:07.106+0000] {processor.py:161} INFO - Started process (PID=342) to work on /opt/airflow/dags/course_airflow.py
[2025-11-16T07:53:07.107+0000] {processor.py:830} INFO - Processing file /opt/airflow/dags/course_airflow.py for tasks to queue
[2025-11-16T07:53:07.109+0000] {logging_mixin.py:188} INFO - [2025-11-16T07:53:07.109+0000] {dagbag.py:545} INFO - Filling up the DagBag from /opt/airflow/dags/course_airflow.py
[2025-11-16T07:53:07.313+0000] {logging_mixin.py:188} INFO - [2025-11-16T07:53:07.309+0000] {dagbag.py:355} ERROR - Failed to import: /opt/airflow/dags/course_airflow.py
Traceback (most recent call last):
  File "/home/airflow/.local/lib/python3.12/site-packages/airflow/models/dagbag.py", line 351, in parse
    loader.exec_module(new_module)
  File "<frozen importlib._bootstrap_external>", line 995, in exec_module
  File "<frozen importlib._bootstrap>", line 488, in _call_with_frames_removed
  File "/opt/airflow/dags/course_airflow.py", line 6, in <module>
    from clickhouse_driver import Client
ModuleNotFoundError: No module named 'clickhouse_driver'
[2025-11-16T07:53:07.314+0000] {processor.py:842} WARNING - No viable dags retrieved from /opt/airflow/dags/course_airflow.py
[2025-11-16T07:53:07.327+0000] {processor.py:183} INFO - Processing /opt/airflow/dags/course_airflow.py took 0.225 seconds
[2025-11-16T07:53:37.377+0000] {processor.py:161} INFO - Started process (PID=351) to work on /opt/airflow/dags/course_airflow.py
[2025-11-16T07:53:37.377+0000] {processor.py:830} INFO - Processing file /opt/airflow/dags/course_airflow.py for tasks to queue
[2025-11-16T07:53:37.379+0000] {logging_mixin.py:188} INFO - [2025-11-16T07:53:37.379+0000] {dagbag.py:545} INFO - Filling up the DagBag from /opt/airflow/dags/course_airflow.py
[2025-11-16T07:53:37.580+0000] {logging_mixin.py:188} INFO - [2025-11-16T07:53:37.578+0000] {dagbag.py:355} ERROR - Failed to import: /opt/airflow/dags/course_airflow.py
Traceback (most recent call last):
  File "/home/airflow/.local/lib/python3.12/site-packages/airflow/models/dagbag.py", line 351, in parse
    loader.exec_module(new_module)
  File "<frozen importlib._bootstrap_external>", line 995, in exec_module
  File "<frozen importlib._bootstrap>", line 488, in _call_with_frames_removed
  File "/opt/airflow/dags/course_airflow.py", line 6, in <module>
    from clickhouse_driver import Client
ModuleNotFoundError: No module named 'clickhouse_driver'
[2025-11-16T07:53:37.581+0000] {processor.py:842} WARNING - No viable dags retrieved from /opt/airflow/dags/course_airflow.py
[2025-11-16T07:53:37.594+0000] {processor.py:183} INFO - Processing /opt/airflow/dags/course_airflow.py took 0.223 seconds
[2025-11-16T07:54:07.666+0000] {processor.py:161} INFO - Started process (PID=360) to work on /opt/airflow/dags/course_airflow.py
[2025-11-16T07:54:07.667+0000] {processor.py:830} INFO - Processing file /opt/airflow/dags/course_airflow.py for tasks to queue
[2025-11-16T07:54:07.669+0000] {logging_mixin.py:188} INFO - [2025-11-16T07:54:07.668+0000] {dagbag.py:545} INFO - Filling up the DagBag from /opt/airflow/dags/course_airflow.py
[2025-11-16T07:54:07.979+0000] {logging_mixin.py:188} INFO - [2025-11-16T07:54:07.977+0000] {dagbag.py:355} ERROR - Failed to import: /opt/airflow/dags/course_airflow.py
Traceback (most recent call last):
  File "/home/airflow/.local/lib/python3.12/site-packages/airflow/models/dagbag.py", line 351, in parse
    loader.exec_module(new_module)
  File "<frozen importlib._bootstrap_external>", line 995, in exec_module
  File "<frozen importlib._bootstrap>", line 488, in _call_with_frames_removed
  File "/opt/airflow/dags/course_airflow.py", line 6, in <module>
    from clickhouse_driver import Client
ModuleNotFoundError: No module named 'clickhouse_driver'
[2025-11-16T07:54:07.980+0000] {processor.py:842} WARNING - No viable dags retrieved from /opt/airflow/dags/course_airflow.py
[2025-11-16T07:54:07.992+0000] {processor.py:183} INFO - Processing /opt/airflow/dags/course_airflow.py took 0.332 seconds
[2025-11-16T07:54:38.048+0000] {processor.py:161} INFO - Started process (PID=370) to work on /opt/airflow/dags/course_airflow.py
[2025-11-16T07:54:38.049+0000] {processor.py:830} INFO - Processing file /opt/airflow/dags/course_airflow.py for tasks to queue
[2025-11-16T07:54:38.051+0000] {logging_mixin.py:188} INFO - [2025-11-16T07:54:38.051+0000] {dagbag.py:545} INFO - Filling up the DagBag from /opt/airflow/dags/course_airflow.py
[2025-11-16T07:54:38.352+0000] {logging_mixin.py:188} INFO - [2025-11-16T07:54:38.350+0000] {dagbag.py:355} ERROR - Failed to import: /opt/airflow/dags/course_airflow.py
Traceback (most recent call last):
  File "/home/airflow/.local/lib/python3.12/site-packages/airflow/models/dagbag.py", line 351, in parse
    loader.exec_module(new_module)
  File "<frozen importlib._bootstrap_external>", line 995, in exec_module
  File "<frozen importlib._bootstrap>", line 488, in _call_with_frames_removed
  File "/opt/airflow/dags/course_airflow.py", line 6, in <module>
    from clickhouse_driver import Client
ModuleNotFoundError: No module named 'clickhouse_driver'
[2025-11-16T07:54:38.353+0000] {processor.py:842} WARNING - No viable dags retrieved from /opt/airflow/dags/course_airflow.py
[2025-11-16T07:54:38.365+0000] {processor.py:183} INFO - Processing /opt/airflow/dags/course_airflow.py took 0.321 seconds
[2025-11-16T07:55:09.215+0000] {processor.py:161} INFO - Started process (PID=379) to work on /opt/airflow/dags/course_airflow.py
[2025-11-16T07:55:09.215+0000] {processor.py:830} INFO - Processing file /opt/airflow/dags/course_airflow.py for tasks to queue
[2025-11-16T07:55:09.217+0000] {logging_mixin.py:188} INFO - [2025-11-16T07:55:09.217+0000] {dagbag.py:545} INFO - Filling up the DagBag from /opt/airflow/dags/course_airflow.py
[2025-11-16T07:55:09.512+0000] {logging_mixin.py:188} INFO - [2025-11-16T07:55:09.510+0000] {dagbag.py:355} ERROR - Failed to import: /opt/airflow/dags/course_airflow.py
Traceback (most recent call last):
  File "/home/airflow/.local/lib/python3.12/site-packages/airflow/models/dagbag.py", line 351, in parse
    loader.exec_module(new_module)
  File "<frozen importlib._bootstrap_external>", line 995, in exec_module
  File "<frozen importlib._bootstrap>", line 488, in _call_with_frames_removed
  File "/opt/airflow/dags/course_airflow.py", line 6, in <module>
    from clickhouse_driver import Client
ModuleNotFoundError: No module named 'clickhouse_driver'
[2025-11-16T07:55:09.513+0000] {processor.py:842} WARNING - No viable dags retrieved from /opt/airflow/dags/course_airflow.py
[2025-11-16T07:55:09.523+0000] {processor.py:183} INFO - Processing /opt/airflow/dags/course_airflow.py took 0.312 seconds
[2025-11-16T07:55:40.484+0000] {processor.py:161} INFO - Started process (PID=394) to work on /opt/airflow/dags/course_airflow.py
[2025-11-16T07:55:40.485+0000] {processor.py:830} INFO - Processing file /opt/airflow/dags/course_airflow.py for tasks to queue
[2025-11-16T07:55:40.487+0000] {logging_mixin.py:188} INFO - [2025-11-16T07:55:40.486+0000] {dagbag.py:545} INFO - Filling up the DagBag from /opt/airflow/dags/course_airflow.py
[2025-11-16T07:55:40.871+0000] {logging_mixin.py:188} INFO - [2025-11-16T07:55:40.869+0000] {dagbag.py:355} ERROR - Failed to import: /opt/airflow/dags/course_airflow.py
Traceback (most recent call last):
  File "/home/airflow/.local/lib/python3.12/site-packages/airflow/models/dagbag.py", line 351, in parse
    loader.exec_module(new_module)
  File "<frozen importlib._bootstrap_external>", line 995, in exec_module
  File "<frozen importlib._bootstrap>", line 488, in _call_with_frames_removed
  File "/opt/airflow/dags/course_airflow.py", line 6, in <module>
    from clickhouse_driver import Client
ModuleNotFoundError: No module named 'clickhouse_driver'
[2025-11-16T07:55:40.872+0000] {processor.py:842} WARNING - No viable dags retrieved from /opt/airflow/dags/course_airflow.py
[2025-11-16T07:55:40.883+0000] {processor.py:183} INFO - Processing /opt/airflow/dags/course_airflow.py took 0.404 seconds
[2025-11-16T07:56:11.743+0000] {processor.py:161} INFO - Started process (PID=403) to work on /opt/airflow/dags/course_airflow.py
[2025-11-16T07:56:11.744+0000] {processor.py:830} INFO - Processing file /opt/airflow/dags/course_airflow.py for tasks to queue
[2025-11-16T07:56:11.746+0000] {logging_mixin.py:188} INFO - [2025-11-16T07:56:11.745+0000] {dagbag.py:545} INFO - Filling up the DagBag from /opt/airflow/dags/course_airflow.py
[2025-11-16T07:56:12.111+0000] {logging_mixin.py:188} INFO - [2025-11-16T07:56:12.109+0000] {dagbag.py:355} ERROR - Failed to import: /opt/airflow/dags/course_airflow.py
Traceback (most recent call last):
  File "/home/airflow/.local/lib/python3.12/site-packages/airflow/models/dagbag.py", line 351, in parse
    loader.exec_module(new_module)
  File "<frozen importlib._bootstrap_external>", line 995, in exec_module
  File "<frozen importlib._bootstrap>", line 488, in _call_with_frames_removed
  File "/opt/airflow/dags/course_airflow.py", line 6, in <module>
    from clickhouse_driver import Client
ModuleNotFoundError: No module named 'clickhouse_driver'
[2025-11-16T07:56:12.112+0000] {processor.py:842} WARNING - No viable dags retrieved from /opt/airflow/dags/course_airflow.py
[2025-11-16T07:56:12.128+0000] {processor.py:183} INFO - Processing /opt/airflow/dags/course_airflow.py took 0.390 seconds
[2025-11-16T07:56:42.171+0000] {processor.py:161} INFO - Started process (PID=412) to work on /opt/airflow/dags/course_airflow.py
[2025-11-16T07:56:42.172+0000] {processor.py:830} INFO - Processing file /opt/airflow/dags/course_airflow.py for tasks to queue
[2025-11-16T07:56:42.173+0000] {logging_mixin.py:188} INFO - [2025-11-16T07:56:42.173+0000] {dagbag.py:545} INFO - Filling up the DagBag from /opt/airflow/dags/course_airflow.py
[2025-11-16T07:56:42.494+0000] {logging_mixin.py:188} INFO - [2025-11-16T07:56:42.492+0000] {dagbag.py:355} ERROR - Failed to import: /opt/airflow/dags/course_airflow.py
Traceback (most recent call last):
  File "/home/airflow/.local/lib/python3.12/site-packages/airflow/models/dagbag.py", line 351, in parse
    loader.exec_module(new_module)
  File "<frozen importlib._bootstrap_external>", line 995, in exec_module
  File "<frozen importlib._bootstrap>", line 488, in _call_with_frames_removed
  File "/opt/airflow/dags/course_airflow.py", line 6, in <module>
    from clickhouse_driver import Client
ModuleNotFoundError: No module named 'clickhouse_driver'
[2025-11-16T07:56:42.495+0000] {processor.py:842} WARNING - No viable dags retrieved from /opt/airflow/dags/course_airflow.py
[2025-11-16T07:56:42.506+0000] {processor.py:183} INFO - Processing /opt/airflow/dags/course_airflow.py took 0.339 seconds
