[2025-11-16T15:09:45.239+0000] {local_task_job_runner.py:120} INFO - ::group::Pre task execution logs
[2025-11-16T15:09:45.258+0000] {taskinstance.py:2076} INFO - Dependencies all met for dep_context=non-requeueable deps ti=<TaskInstance: process_csv_pyspark_only.process_csv_simple manual__2025-11-16T15:09:44.760760+00:00 [queued]>
[2025-11-16T15:09:45.264+0000] {taskinstance.py:2076} INFO - Dependencies all met for dep_context=requeueable deps ti=<TaskInstance: process_csv_pyspark_only.process_csv_simple manual__2025-11-16T15:09:44.760760+00:00 [queued]>
[2025-11-16T15:09:45.265+0000] {taskinstance.py:2306} INFO - Starting attempt 1 of 1
[2025-11-16T15:09:45.275+0000] {taskinstance.py:2330} INFO - Executing <Task(PythonOperator): process_csv_simple> on 2025-11-16 15:09:44.760760+00:00
[2025-11-16T15:09:45.280+0000] {warnings.py:112} WARNING - /home/***/.local/lib/python3.12/site-packages/***/task/task_runner/standard_task_runner.py:61: DeprecationWarning: This process (pid=1722) is multi-threaded, use of fork() may lead to deadlocks in the child.
  pid = os.fork()

[2025-11-16T15:09:45.281+0000] {standard_task_runner.py:63} INFO - Started process 1723 to run task
[2025-11-16T15:09:45.282+0000] {standard_task_runner.py:90} INFO - Running: ['***', 'tasks', 'run', 'process_csv_pyspark_only', 'process_csv_simple', 'manual__2025-11-16T15:09:44.760760+00:00', '--job-id', '131', '--raw', '--subdir', 'DAGS_FOLDER/test_read_csv.py', '--cfg-path', '/tmp/tmp7uit1zle']
[2025-11-16T15:09:45.282+0000] {standard_task_runner.py:91} INFO - Job 131: Subtask process_csv_simple
[2025-11-16T15:09:45.324+0000] {task_command.py:426} INFO - Running <TaskInstance: process_csv_pyspark_only.process_csv_simple manual__2025-11-16T15:09:44.760760+00:00 [running]> on host 8374c225f2b5
[2025-11-16T15:09:45.393+0000] {taskinstance.py:2648} INFO - Exporting env vars: AIRFLOW_CTX_DAG_OWNER='***' AIRFLOW_CTX_DAG_ID='process_csv_pyspark_only' AIRFLOW_CTX_TASK_ID='process_csv_simple' AIRFLOW_CTX_EXECUTION_DATE='2025-11-16T15:09:44.760760+00:00' AIRFLOW_CTX_TRY_NUMBER='1' AIRFLOW_CTX_DAG_RUN_ID='manual__2025-11-16T15:09:44.760760+00:00'
[2025-11-16T15:09:45.393+0000] {taskinstance.py:430} INFO - ::endgroup::
[2025-11-16T15:09:45.404+0000] {logging_mixin.py:188} INFO - === УПРОЩЕННАЯ ОБРАБОТКА CSV ===
[2025-11-16T15:10:27.335+0000] {logging_mixin.py:188} INFO - root
 |-- house_id: integer (nullable = true)
 |-- latitude: double (nullable = true)
 |-- longitude: double (nullable = true)
 |-- maintenance_year: string (nullable = true)
 |-- square: string (nullable = true)
 |-- population: string (nullable = true)
 |-- region: string (nullable = true)
 |-- locality_name: string (nullable = true)
 |-- address: string (nullable = true)
 |-- full_address: string (nullable = true)
 |-- communal_service_id: string (nullable = true)
 |-- description: string (nullable = true)
[2025-11-16T15:10:29.166+0000] {logging_mixin.py:188} INFO - Количество записей в файле: 590707
[2025-11-16T15:10:30.507+0000] {logging_mixin.py:188} INFO - Количество записей после удаления пустых строк: 517124
[2025-11-16T15:10:32.482+0000] {logging_mixin.py:188} INFO - Средний год постройки зданий: 1970
[2025-11-16T15:10:34.362+0000] {logging_mixin.py:188} INFO - Медианный год постройки: 1970
[2025-11-16T15:10:34.373+0000] {logging_mixin.py:188} INFO - Топ 10 регионов по количеству объектов
[2025-11-16T15:10:36.152+0000] {logging_mixin.py:188} INFO - +--------------------+-----+
|              region|count|
+--------------------+-----+
|  Московская область|30177|
|Свердловская область|27230|
|              Москва|24717|
|Нижегородская обл...|18016|
|Республика Татарстан|14400|
|   Красноярский край|14349|
| Кемеровская область|13285|
|   Самарская область|13042|
|  Ростовская область|12040|
|   Иркутская область|11983|
+--------------------+-----+
only showing top 10 rows
[2025-11-16T15:10:36.160+0000] {logging_mixin.py:188} INFO - Топ 10 городов по количеству объектов
[2025-11-16T15:10:38.018+0000] {logging_mixin.py:188} INFO - +---------------+-----+
|  locality_name|count|
+---------------+-----+
|         Москва|24617|
|         Самара| 6940|
|   Екатеринбург| 6824|
|Санкт-Петербург| 6077|
|Нижний Новгород| 5898|
|    Новосибирск| 5441|
|     Красноярск| 5296|
| Ростов-на-Дону| 5132|
|         Казань| 4896|
|           null| 4884|
+---------------+-----+
only showing top 10 rows
[2025-11-16T15:10:41.495+0000] {logging_mixin.py:188} INFO - +------------------------------+----------+---------------------------------------------------------------------------+----------+--------------------------------------------------------------------------+
|region                        |min_square|min_square_address                                                         |max_square|max_square_address                                                        |
+------------------------------+----------+---------------------------------------------------------------------------+----------+--------------------------------------------------------------------------+
|Алматы                        |457.08    |д. г Навашино ул Соболева д.12                                             |3403.0    |ул. Орджоникидзе, д. 169                                                  |
|Алтайский край                |3.26      |Алтайский край, г. Барнаул, ул. Витебская, д. 2                            |88871.7   |Алтайский край, г. Барнаул, ул. Папанинцев, д. 121а                       |
|Амурская область              |26.6      |Амурская область, г. Благовещенск, пер. Кооперативный, д. 9                |429720.0  |Амурская область, р-н. Селемджинский, пгт. Февральск, ул. Саянская, д. 4 А|
|Архангельская область         |1.0       |Архангельская область, р-н. Устьянский, п. Илеза, ул. Первомайская, д. 13  |39452.7   |Архангельская область, г. Архангельск, пр-кт. Московский, д. 43, к. 3     |
|Астраханская область          |55.9      |Астраханская область, г. Астрахань, ул. Лиманская, д. 45, к. литер А       |15026.0   |Астраханская область, г. Астрахань, ул. С.Перовской, д. 84                |
|Белгородская область          |16.3      |обл. Белгородская, г. Белгород, ул. Разина, д. 10                          |41918.63  |обл. Белгородская, г. Старый Оскол, мкр. Макаренко, д. 38                 |
|Брянская область              |18.8      |Брянская область, г. Брянск, ул. Почтовая, д. 48                           |40764.3   |Брянская область, г. Брянск, ул. Красноармейская, д. 100                  |
|Владимирская область          |3.01      |Владимирская область, р-н. Кольчугинский, г. Кольчугино, ул. Чапаева, д. 1Б|26959.0   |Владимирская область, г. Владимир, пр-кт. Октябрьский, д. 36              |
|Волгоградская область         |6.73      |Волгоградская область, г. Волгоград, ул. им Циолковского, д. 39            |55789.0   |Волгоградская область, г. Волжский, пр-кт. им Ленина, д. 97               |
|Вологодская область           |1.71      |Вологодская область, г. Череповец, ул. Милютина, д. 17                     |40878.18  |Вологодская область, г. Вологда, ул. Возрождения, д. 82а                  |
|Воронежская область           |21.0      |Воронежская область, г. Воронеж, ул. 20-летия ВЛКСМ, д. 54а                |198476.7  |Воронежская область, г. Воронеж, ул. Урывского, д. 9                      |
|Восточно-Казахстанская область|7704.0    |ул. Пархоменко, д. 60                                                      |7704.0    |ул. Пархоменко, д. 60                                                     |
|Гродненская область           |806.1     |ул. Поповича, д. 28                                                        |806.1     |ул. Поповича, д. 28                                                       |
|Днепропетровская область      |596.0     |ул. Орджоникидзе, д. 60                                                    |1341.0    |ул. Комсомольская, д. 4                                                   |
|Днепропетровская область      |596.0     |ул. Орджоникидзе, д. 60                                                    |1341.0    |ул. Комсомольская, д. 5                                                   |
|Донецкая область              |382.0     |д. г Осинники ул Кирова д.10                                               |6911.7    |ул. Красноармейская, д. 67                                                |
|Еврейская автономная область  |20.85     |Еврейская АО, р-н. Биробиджанский, с. Пронькино, ул. Набережная, д. 9      |14884.0   |Еврейская АО, г. Биробиджан, пр-кт. 60-летия СССР, д. 11.                 |
|Забайкальский край            |18.2      |Забайкальский край, п. Восточный, ул. Назара Губина, д. 5                  |41307.0   |Забайкальский край, г. Чита, ул. Карла Маркса, д. 16                      |
|Запорожская область           |3347.7    |ул. А.Невского, д. 4                                                       |3347.7    |ул. А.Невского, д. 4                                                      |
|Ивановская область            |23.9      |Ивановская область, р-н. Шуйский, г. Шуя, ул. Северная 7-я, д. 9           |32617.6   |Ивановская область, г. Иваново, ш. Кохомское, д. 11                       |
+------------------------------+----------+---------------------------------------------------------------------------+----------+--------------------------------------------------------------------------+
only showing top 20 rows
[2025-11-16T15:10:41.528+0000] {logging_mixin.py:188} INFO - Количество зданий по десятилетиям:
[2025-11-16T15:10:43.338+0000] {logging_mixin.py:188} INFO - +------+--------------+
|decade|building_count|
+------+--------------+
|  1800|            24|
|  1810|            18|
|  1820|            48|
|  1830|            69|
|  1840|            72|
|  1850|           129|
|  1860|           188|
|  1870|           380|
|  1880|           698|
|  1890|          1205|
|  1900|          2643|
|  1910|         13850|
|  1920|          4830|
|  1930|         12590|
|  1940|         18736|
|  1950|         83287|
|  1960|        110092|
|  1970|         96159|
|  1980|         89707|
|  1990|         42306|
|  2000|         23040|
|  2010|         13854|
|  2020|             1|
+------+--------------+
[2025-11-16T15:10:43.566+0000] {python.py:237} INFO - Done. Returned value was: None
[2025-11-16T15:10:43.568+0000] {taskinstance.py:441} INFO - ::group::Post task execution logs
[2025-11-16T15:10:43.581+0000] {taskinstance.py:1206} INFO - Marking task as SUCCESS. dag_id=process_csv_pyspark_only, task_id=process_csv_simple, run_id=manual__2025-11-16T15:09:44.760760+00:00, execution_date=20251116T150944, start_date=20251116T150945, end_date=20251116T151043
[2025-11-16T15:10:43.599+0000] {local_task_job_runner.py:240} INFO - Task exited with return code 0
[2025-11-16T15:10:43.613+0000] {taskinstance.py:3503} INFO - 0 downstream tasks scheduled from follow-on schedule check
[2025-11-16T15:10:43.615+0000] {local_task_job_runner.py:222} INFO - ::endgroup::
