[2025-11-16T15:40:48.280+0000] {local_task_job_runner.py:120} INFO - ::group::Pre task execution logs
[2025-11-16T15:40:48.300+0000] {taskinstance.py:2076} INFO - Dependencies all met for dep_context=non-requeueable deps ti=<TaskInstance: coursework.process_csv_simple manual__2025-11-16T15:40:47.452133+00:00 [queued]>
[2025-11-16T15:40:48.307+0000] {taskinstance.py:2076} INFO - Dependencies all met for dep_context=requeueable deps ti=<TaskInstance: coursework.process_csv_simple manual__2025-11-16T15:40:47.452133+00:00 [queued]>
[2025-11-16T15:40:48.308+0000] {taskinstance.py:2306} INFO - Starting attempt 1 of 1
[2025-11-16T15:40:48.318+0000] {taskinstance.py:2330} INFO - Executing <Task(PythonOperator): process_csv_simple> on 2025-11-16 15:40:47.452133+00:00
[2025-11-16T15:40:48.322+0000] {warnings.py:112} WARNING - /home/***/.local/lib/python3.12/site-packages/***/task/task_runner/standard_task_runner.py:61: DeprecationWarning: This process (pid=2469) is multi-threaded, use of fork() may lead to deadlocks in the child.
  pid = os.fork()

[2025-11-16T15:40:48.324+0000] {standard_task_runner.py:63} INFO - Started process 2471 to run task
[2025-11-16T15:40:48.324+0000] {standard_task_runner.py:90} INFO - Running: ['***', 'tasks', 'run', 'coursework', 'process_csv_simple', 'manual__2025-11-16T15:40:47.452133+00:00', '--job-id', '133', '--raw', '--subdir', 'DAGS_FOLDER/coursework.py', '--cfg-path', '/tmp/tmpzeokj66n']
[2025-11-16T15:40:48.325+0000] {standard_task_runner.py:91} INFO - Job 133: Subtask process_csv_simple
[2025-11-16T15:40:48.362+0000] {task_command.py:426} INFO - Running <TaskInstance: coursework.process_csv_simple manual__2025-11-16T15:40:47.452133+00:00 [running]> on host 8374c225f2b5
[2025-11-16T15:40:48.428+0000] {taskinstance.py:2648} INFO - Exporting env vars: AIRFLOW_CTX_DAG_OWNER='***' AIRFLOW_CTX_DAG_ID='coursework' AIRFLOW_CTX_TASK_ID='process_csv_simple' AIRFLOW_CTX_EXECUTION_DATE='2025-11-16T15:40:47.452133+00:00' AIRFLOW_CTX_TRY_NUMBER='1' AIRFLOW_CTX_DAG_RUN_ID='manual__2025-11-16T15:40:47.452133+00:00'
[2025-11-16T15:40:48.429+0000] {taskinstance.py:430} INFO - ::endgroup::
[2025-11-16T15:42:10.273+0000] {logging_mixin.py:188} INFO - root
 |-- house_id: integer (nullable = true)
 |-- latitude: double (nullable = true)
 |-- longitude: double (nullable = true)
 |-- maintenance_year: string (nullable = true)
 |-- square: string (nullable = true)
 |-- population: string (nullable = true)
 |-- region: string (nullable = true)
 |-- locality_name: string (nullable = true)
 |-- address: string (nullable = true)
 |-- full_address: string (nullable = true)
 |-- communal_service_id: string (nullable = true)
 |-- description: string (nullable = true)
[2025-11-16T15:42:13.949+0000] {logging_mixin.py:188} INFO - Количество записей в файле: 590707
[2025-11-16T15:42:15.652+0000] {logging_mixin.py:188} INFO - Количество записей после удаления пустых строк: 517124
[2025-11-16T15:42:15.747+0000] {logging_mixin.py:188} INFO - root
 |-- house_id: integer (nullable = true)
 |-- latitude: double (nullable = true)
 |-- longitude: double (nullable = true)
 |-- maintenance_year: date (nullable = true)
 |-- square: double (nullable = true)
 |-- population: integer (nullable = true)
 |-- region: string (nullable = true)
 |-- locality_name: string (nullable = true)
 |-- address: string (nullable = true)
 |-- full_address: string (nullable = true)
 |-- communal_service_id: double (nullable = true)
 |-- description: string (nullable = true)
[2025-11-16T15:42:16.023+0000] {logging_mixin.py:188} INFO - +--------+------------------+------------------+----------------+-------+----------+-------------------+-----------------------------------+-----------------------------------------+------------------------------------------------------------------------------------+-------------------+------------------------------------------------------------------------------------------------------------------------+
|house_id|latitude          |longitude         |maintenance_year|square |population|region             |locality_name                      |address                                  |full_address                                                                        |communal_service_id|description                                                                                                             |
+--------+------------------+------------------+----------------+-------+----------+-------------------+-----------------------------------+-----------------------------------------+------------------------------------------------------------------------------------+-------------------+------------------------------------------------------------------------------------------------------------------------+
|1       |44.707617         |43.006476         |1974-01-01      |2661.1 |89        |Ставропольский край|село Александровское               |с. Александровское, ул. Войтика, д. 31   |Ставропольский край, р-н. Александровский, с. Александровское, ул. Войтика, д. 31   |1.0                |Жилой дом в , по адресу с. Александровское, ул. Войтика, д. 31, 1974 года постройки, под управлением УК «Жилсервис».    |
|2       |44.706720000000004|43.005281         |1989-01-01      |3111.1 |115       |Ставропольский край|село Александровское               |с. Александровское, ул. Войтика, д. 39   |Ставропольский край, р-н. Александровский, с. Александровское, ул. Войтика, д. 39   |1.0                |Жилой дом в , по адресу с. Александровское, ул. Войтика, д. 39, 1989 года постройки, под управлением УК «Жилсервис».    |
|3       |44.708302         |43.006665000000005|1977-01-01      |2896.04|89        |Ставропольский край|село Александровское               |с. Александровское, ул. Калинина, д. 25  |Ставропольский край, р-н. Александровский, с. Александровское, ул. Калинина, д. 25  |1.0                |Жилой дом в , по адресу с. Александровское, ул. Калинина, д. 25, 1977 года постройки, под управлением УК «Жилсервис».   |
|5       |44.711946999999995|42.97358          |1978-01-01      |1061.92|26        |Ставропольский край|село Александровское               |с. Александровское, ул. Советская, д. 97 |Ставропольский край, р-н. Александровский, с. Александровское, ул. Советская, д. 97 |1.0                |Жилой дом в , по адресу с. Александровское, ул. Советская, д. 97, 1978 года постройки, под управлением УК «Жилсервис».  |
|6       |44.707751         |43.005515         |1978-01-01      |2688.7 |105       |Ставропольский край|село Александровское               |с. Александровское, ул. Войтика, д. 29   |Ставропольский край, р-н. Александровский, с. Александровское, ул. Войтика, д. 29   |2.0                |Жилой дом в , по адресу с. Александровское, ул. Войтика, д. 29, 1978 года постройки, под управлением ТСЖ «Виктория».    |
|7       |44.711946999999995|42.97358          |1973-01-01      |854.9  |40        |Ставропольский край|село Александровское               |с. Александровское, ул. Советская, д. 100|Ставропольский край, р-н. Александровский, с. Александровское, ул. Советская, д. 100|3.0                |Жилой дом в , по адресу с. Александровское, ул. Советская, д. 100, 1973 года постройки, под управлением ТСЖ «Изумруд».  |
|8       |44.723622999999996|42.996864         |1978-01-01      |924.4  |31        |Ставропольский край|село Александровское               |с. Александровское, ул. Заводская, д. 21 |Ставропольский край, р-н. Александровский, с. Александровское, ул. Заводская, д. 21 |4.0                |Жилой дом в , по адресу с. Александровское, ул. Заводская, д. 21, 1978 года постройки, под управлением ТСЖ «Луч».       |
|9       |44.721765999999995|43.02013          |1974-01-01      |1011.3 |38        |Ставропольский край|село Александровское               |с. Александровское, ул. Пионерская, д. 92|Ставропольский край, р-н. Александровский, с. Александровское, ул. Пионерская, д. 92|5.0                |Жилой дом в , по адресу с. Александровское, ул. Пионерская, д. 92, 1974 года постройки, под управлением ТСЖ «Рассвет».  |
|10      |44.710557         |43.000278         |1963-01-01      |621.21 |20        |Ставропольский край|село Александровское               |с. Александровское, ул. К.Маркса, д. 66  |Ставропольский край, р-н. Александровский, с. Александровское, ул. К.Маркса, д. 66  |6.0                |Жилой дом в , по адресу с. Александровское, ул. К.Маркса, д. 66, 1963 года постройки, под управлением ТСЖ «Содружество».|
|11      |44.724903999999995|43.003359         |1972-01-01      |681.6  |26        |Ставропольский край|село Александровское               |с. Александровское, ул. Заводская, д. 13 |Ставропольский край, р-н. Александровский, с. Александровское, ул. Заводская, д. 13 |7.0                |Жилой дом в , по адресу с. Александровское, ул. Заводская, д. 13, 1972 года постройки, под управлением ТСЖ «Уют».       |
|12      |44.711946999999995|42.97358          |1974-01-01      |854.6  |51        |Ставропольский край|село Александровское               |с. Александровское, ул. Советская, д. 102|Ставропольский край, р-н. Александровский, с. Александровское, ул. Советская, д. 102|8.0                |Жилой дом в , по адресу с. Александровское, ул. Советская, д. 102, 1974 года постройки, под управлением ТСЖ «Янтарь».   |
|13      |44.234768         |43.094941999999996|1969-01-01      |693.5  |28        |Ставропольский край|поселок городского типа Анджиевский|п. Анджиевский, ул. Заводская, д. 28     |Ставропольский край, р-н. Минераловодский, п. Анджиевский, ул. Заводская, д. 28     |9.0                |Жилой дом в , по адресу п. Анджиевский, ул. Заводская, д. 28, 1969 года постройки, под управлением УК «Аверс».          |
|14      |44.234768         |43.094941999999996|1993-01-01      |454.9  |26        |Ставропольский край|поселок городского типа Анджиевский|п. Анджиевский, ул. Московская, д. 1А    |Ставропольский край, р-н. Минераловодский, п. Анджиевский, ул. Московская, д. 1А    |9.0                |Жилой дом в , по адресу п. Анджиевский, ул. Московская, д. 1А, 1993 года постройки, под управлением УК «Аверс».         |
|15      |44.234768         |43.094941999999996|1987-01-01      |2245.7 |101       |Ставропольский край|поселок городского типа Анджиевский|п. Анджиевский, ул. Набережная, д. 98А   |Ставропольский край, р-н. Минераловодский, п. Анджиевский, ул. Набережная, д. 98А   |9.0                |Жилой дом в , по адресу п. Анджиевский, ул. Набережная, д. 98А, 1987 года постройки, под управлением УК «Аверс».        |
|16      |44.234768         |43.094941999999996|1978-01-01      |3998.7 |183       |Ставропольский край|поселок городского типа Анджиевский|п. Анджиевский, ул. Трудовая, д. 33      |Ставропольский край, р-н. Минераловодский, п. Анджиевский, ул. Трудовая, д. 33      |9.0                |Жилой дом в , по адресу п. Анджиевский, ул. Трудовая, д. 33, 1978 года постройки, под управлением УК «Аверс».           |
|17      |44.146484         |43.445411         |1984-01-01      |1522.0 |65        |Ставропольский край|Георгиевск                         |ул. Гастелло, д. 70, к. а                |Ставропольский край, г. Георгиевск, ул. Гастелло, д. 70, к. а                       |10.0               |Жилой дом в Георгиевске, по адресу ул. Гастелло, д. 70, к. а, 1984 года постройки, под управлением УК «Наш Дом».        |
|18      |44.148599         |43.473896         |1961-01-01      |558.2  |40        |Ставропольский край|Георгиевск                         |ул. Горийская, д. 8                      |Ставропольский край, г. Георгиевск, ул. Горийская, д. 8                             |10.0               |Жилой дом в Георгиевске, по адресу ул. Горийская, д. 8, 1961 года постройки, под управлением УК «Наш Дом».              |
|19      |44.151270000000004|43.484999         |1993-01-01      |1561.0 |71        |Ставропольский край|Георгиевск                         |пер. Казачий, д. 3                       |Ставропольский край, г. Георгиевск, пер. Казачий, д. 3                              |10.0               |Жилой дом в Георгиевске, по адресу пер. Казачий, д. 3, 1993 года постройки, под управлением УК «Наш Дом».               |
|20      |44.131961         |43.45107          |1976-01-01      |3899.8 |91        |Ставропольский край|Георгиевск                         |ул. Калинина, д. 119                     |Ставропольский край, г. Георгиевск, ул. Калинина, д. 119                            |10.0               |Жилой дом в Георгиевске, по адресу ул. Калинина, д. 119, 1976 года постройки, под управлением УК «Наш Дом».             |
|21      |44.136140000000005|43.453136         |1965-01-01      |1970.4 |74        |Ставропольский край|Георгиевск                         |ул. Калинина, д. 130                     |Ставропольский край, г. Георгиевск, ул. Калинина, д. 130                            |10.0               |Жилой дом в Георгиевске, по адресу ул. Калинина, д. 130, 1965 года постройки, под управлением УК «Наш Дом».             |
+--------+------------------+------------------+----------------+-------+----------+-------------------+-----------------------------------+-----------------------------------------+------------------------------------------------------------------------------------+-------------------+------------------------------------------------------------------------------------------------------------------------+
only showing top 20 rows
[2025-11-16T15:42:16.024+0000] {logging_mixin.py:188} INFO - ---Вычисления и аналитика преобразованных данных---
[2025-11-16T15:42:18.309+0000] {logging_mixin.py:188} INFO - Средний год постройки зданий: 1970
[2025-11-16T15:42:20.362+0000] {logging_mixin.py:188} INFO - Медианный год постройки: 1970
[2025-11-16T15:42:20.374+0000] {logging_mixin.py:188} INFO - Топ 10 регионов по количеству объектов
[2025-11-16T15:42:22.265+0000] {logging_mixin.py:188} INFO - +--------------------+-----+
|              region|count|
+--------------------+-----+
|  Московская область|30177|
|Свердловская область|27230|
|              Москва|24717|
|Нижегородская обл...|18016|
|Республика Татарстан|14400|
|   Красноярский край|14349|
| Кемеровская область|13285|
|   Самарская область|13042|
|  Ростовская область|12040|
|   Иркутская область|11983|
+--------------------+-----+
only showing top 10 rows
[2025-11-16T15:42:22.274+0000] {logging_mixin.py:188} INFO - Топ 10 городов по количеству объектов
[2025-11-16T15:42:24.179+0000] {logging_mixin.py:188} INFO - +---------------+-----+
|  locality_name|count|
+---------------+-----+
|         Москва|24617|
|         Самара| 6940|
|   Екатеринбург| 6824|
|Санкт-Петербург| 6077|
|Нижний Новгород| 5898|
|    Новосибирск| 5441|
|     Красноярск| 5296|
| Ростов-на-Дону| 5132|
|         Казань| 4896|
|           null| 4884|
+---------------+-----+
only showing top 10 rows
[2025-11-16T15:42:24.373+0000] {logging_mixin.py:188} INFO - --Здания с максимальной и минимальной площадью в рамках каждой области--
[2025-11-16T15:42:29.648+0000] {logging_mixin.py:188} INFO - +------------------------------+----------+---------------------------------------------------------------------------+----------+--------------------------------------------------------------------------+
|region                        |min_square|min_square_address                                                         |max_square|max_square_address                                                        |
+------------------------------+----------+---------------------------------------------------------------------------+----------+--------------------------------------------------------------------------+
|Алматы                        |457.08    |д. г Навашино ул Соболева д.12                                             |3403.0    |ул. Орджоникидзе, д. 169                                                  |
|Алтайский край                |3.26      |Алтайский край, г. Барнаул, ул. Витебская, д. 2                            |88871.7   |Алтайский край, г. Барнаул, ул. Папанинцев, д. 121а                       |
|Амурская область              |26.6      |Амурская область, г. Благовещенск, пер. Кооперативный, д. 9                |429720.0  |Амурская область, р-н. Селемджинский, пгт. Февральск, ул. Саянская, д. 4 А|
|Архангельская область         |1.0       |Архангельская область, р-н. Устьянский, п. Илеза, ул. Первомайская, д. 13  |39452.7   |Архангельская область, г. Архангельск, пр-кт. Московский, д. 43, к. 3     |
|Астраханская область          |55.9      |Астраханская область, г. Астрахань, ул. Лиманская, д. 45, к. литер А       |15026.0   |Астраханская область, г. Астрахань, ул. С.Перовской, д. 84                |
|Белгородская область          |16.3      |обл. Белгородская, г. Белгород, ул. Разина, д. 10                          |41918.63  |обл. Белгородская, г. Старый Оскол, мкр. Макаренко, д. 38                 |
|Брянская область              |18.8      |Брянская область, г. Брянск, ул. Почтовая, д. 48                           |40764.3   |Брянская область, г. Брянск, ул. Красноармейская, д. 100                  |
|Владимирская область          |3.01      |Владимирская область, р-н. Кольчугинский, г. Кольчугино, ул. Чапаева, д. 1Б|26959.0   |Владимирская область, г. Владимир, пр-кт. Октябрьский, д. 36              |
|Волгоградская область         |6.73      |Волгоградская область, г. Волгоград, ул. им Циолковского, д. 39            |55789.0   |Волгоградская область, г. Волжский, пр-кт. им Ленина, д. 97               |
|Вологодская область           |1.71      |Вологодская область, г. Череповец, ул. Милютина, д. 17                     |40878.18  |Вологодская область, г. Вологда, ул. Возрождения, д. 82а                  |
|Воронежская область           |21.0      |Воронежская область, г. Воронеж, ул. 20-летия ВЛКСМ, д. 54а                |198476.7  |Воронежская область, г. Воронеж, ул. Урывского, д. 9                      |
|Восточно-Казахстанская область|7704.0    |ул. Пархоменко, д. 60                                                      |7704.0    |ул. Пархоменко, д. 60                                                     |
|Гродненская область           |806.1     |ул. Поповича, д. 28                                                        |806.1     |ул. Поповича, д. 28                                                       |
|Днепропетровская область      |596.0     |ул. Орджоникидзе, д. 60                                                    |1341.0    |ул. Комсомольская, д. 4                                                   |
|Днепропетровская область      |596.0     |ул. Орджоникидзе, д. 60                                                    |1341.0    |ул. Комсомольская, д. 5                                                   |
|Донецкая область              |382.0     |д. г Осинники ул Кирова д.10                                               |6911.7    |ул. Красноармейская, д. 67                                                |
|Еврейская автономная область  |20.85     |Еврейская АО, р-н. Биробиджанский, с. Пронькино, ул. Набережная, д. 9      |14884.0   |Еврейская АО, г. Биробиджан, пр-кт. 60-летия СССР, д. 11.                 |
|Забайкальский край            |18.2      |Забайкальский край, п. Восточный, ул. Назара Губина, д. 5                  |41307.0   |Забайкальский край, г. Чита, ул. Карла Маркса, д. 16                      |
|Запорожская область           |3347.7    |ул. А.Невского, д. 4                                                       |3347.7    |ул. А.Невского, д. 4                                                      |
|Ивановская область            |23.9      |Ивановская область, р-н. Шуйский, г. Шуя, ул. Северная 7-я, д. 9           |32617.6   |Ивановская область, г. Иваново, ш. Кохомское, д. 11                       |
+------------------------------+----------+---------------------------------------------------------------------------+----------+--------------------------------------------------------------------------+
only showing top 20 rows
[2025-11-16T15:42:29.691+0000] {logging_mixin.py:188} INFO - Количество зданий по десятилетиям:
[2025-11-16T15:42:31.754+0000] {logging_mixin.py:188} INFO - +------+--------------+
|decade|building_count|
+------+--------------+
|  1800|            24|
|  1810|            18|
|  1820|            48|
|  1830|            69|
|  1840|            72|
|  1850|           129|
|  1860|           188|
|  1870|           380|
|  1880|           698|
|  1890|          1205|
|  1900|          2643|
|  1910|         13850|
|  1920|          4830|
|  1930|         12590|
|  1940|         18736|
|  1950|         83287|
|  1960|        110092|
|  1970|         96159|
|  1980|         89707|
|  1990|         42306|
|  2000|         23040|
|  2010|         13854|
|  2020|             1|
+------+--------------+
[2025-11-16T15:42:31.934+0000] {python.py:237} INFO - Done. Returned value was: None
[2025-11-16T15:42:31.936+0000] {taskinstance.py:441} INFO - ::group::Post task execution logs
[2025-11-16T15:42:31.944+0000] {taskinstance.py:1206} INFO - Marking task as SUCCESS. dag_id=coursework, task_id=process_csv_simple, run_id=manual__2025-11-16T15:40:47.452133+00:00, execution_date=20251116T154047, start_date=20251116T154048, end_date=20251116T154231
[2025-11-16T15:42:31.989+0000] {local_task_job_runner.py:240} INFO - Task exited with return code 0
[2025-11-16T15:42:32.001+0000] {taskinstance.py:3503} INFO - 0 downstream tasks scheduled from follow-on schedule check
[2025-11-16T15:42:32.002+0000] {local_task_job_runner.py:222} INFO - ::endgroup::
