[2025-11-18T12:50:39.057+0000] {processor.py:161} INFO - Started process (PID=45) to work on /opt/airflow/dags/coursework.py
[2025-11-18T12:50:39.058+0000] {processor.py:830} INFO - Processing file /opt/airflow/dags/coursework.py for tasks to queue
[2025-11-18T12:50:39.060+0000] {logging_mixin.py:188} INFO - [2025-11-18T12:50:39.060+0000] {dagbag.py:545} INFO - Filling up the DagBag from /opt/airflow/dags/coursework.py
[2025-11-18T12:50:39.231+0000] {processor.py:840} INFO - DAG(s) 'coursework' retrieved from /opt/airflow/dags/coursework.py
[2025-11-18T12:50:39.266+0000] {logging_mixin.py:188} INFO - [2025-11-18T12:50:39.266+0000] {dag.py:3096} INFO - Sync 1 DAGs
[2025-11-18T12:50:39.288+0000] {logging_mixin.py:188} INFO - [2025-11-18T12:50:39.288+0000] {dag.py:3954} INFO - Setting next_dagrun for coursework to 2025-11-17 00:00:00+00:00, run_after=2025-11-18 00:00:00+00:00
[2025-11-18T12:50:39.307+0000] {processor.py:183} INFO - Processing /opt/airflow/dags/coursework.py took 0.257 seconds
[2025-11-18T12:51:10.178+0000] {processor.py:161} INFO - Started process (PID=66) to work on /opt/airflow/dags/coursework.py
[2025-11-18T12:51:10.179+0000] {processor.py:830} INFO - Processing file /opt/airflow/dags/coursework.py for tasks to queue
[2025-11-18T12:51:10.181+0000] {logging_mixin.py:188} INFO - [2025-11-18T12:51:10.181+0000] {dagbag.py:545} INFO - Filling up the DagBag from /opt/airflow/dags/coursework.py
[2025-11-18T12:51:10.331+0000] {processor.py:840} INFO - DAG(s) 'coursework' retrieved from /opt/airflow/dags/coursework.py
[2025-11-18T12:51:10.358+0000] {logging_mixin.py:188} INFO - [2025-11-18T12:51:10.358+0000] {dag.py:3096} INFO - Sync 1 DAGs
[2025-11-18T12:51:10.384+0000] {logging_mixin.py:188} INFO - [2025-11-18T12:51:10.384+0000] {dag.py:3954} INFO - Setting next_dagrun for coursework to 2025-11-18 00:00:00+00:00, run_after=2025-11-19 00:00:00+00:00
[2025-11-18T12:51:10.405+0000] {processor.py:183} INFO - Processing /opt/airflow/dags/coursework.py took 0.232 seconds
[2025-11-18T12:51:40.615+0000] {processor.py:161} INFO - Started process (PID=77) to work on /opt/airflow/dags/coursework.py
[2025-11-18T12:51:40.616+0000] {processor.py:830} INFO - Processing file /opt/airflow/dags/coursework.py for tasks to queue
[2025-11-18T12:51:40.617+0000] {logging_mixin.py:188} INFO - [2025-11-18T12:51:40.617+0000] {dagbag.py:545} INFO - Filling up the DagBag from /opt/airflow/dags/coursework.py
[2025-11-18T12:51:40.735+0000] {processor.py:840} INFO - DAG(s) 'coursework' retrieved from /opt/airflow/dags/coursework.py
[2025-11-18T12:51:40.757+0000] {logging_mixin.py:188} INFO - [2025-11-18T12:51:40.757+0000] {dag.py:3096} INFO - Sync 1 DAGs
[2025-11-18T12:51:40.778+0000] {logging_mixin.py:188} INFO - [2025-11-18T12:51:40.778+0000] {dag.py:3954} INFO - Setting next_dagrun for coursework to 2025-11-18 00:00:00+00:00, run_after=2025-11-19 00:00:00+00:00
[2025-11-18T12:51:40.795+0000] {processor.py:183} INFO - Processing /opt/airflow/dags/coursework.py took 0.186 seconds
[2025-11-18T12:52:11.238+0000] {processor.py:161} INFO - Started process (PID=94) to work on /opt/airflow/dags/coursework.py
[2025-11-18T12:52:11.239+0000] {processor.py:830} INFO - Processing file /opt/airflow/dags/coursework.py for tasks to queue
[2025-11-18T12:52:11.241+0000] {logging_mixin.py:188} INFO - [2025-11-18T12:52:11.241+0000] {dagbag.py:545} INFO - Filling up the DagBag from /opt/airflow/dags/coursework.py
[2025-11-18T12:52:11.370+0000] {processor.py:840} INFO - DAG(s) 'coursework' retrieved from /opt/airflow/dags/coursework.py
[2025-11-18T12:52:11.389+0000] {logging_mixin.py:188} INFO - [2025-11-18T12:52:11.389+0000] {dag.py:3096} INFO - Sync 1 DAGs
[2025-11-18T12:52:11.410+0000] {logging_mixin.py:188} INFO - [2025-11-18T12:52:11.410+0000] {dag.py:3954} INFO - Setting next_dagrun for coursework to 2025-11-18 00:00:00+00:00, run_after=2025-11-19 00:00:00+00:00
[2025-11-18T12:52:11.425+0000] {processor.py:183} INFO - Processing /opt/airflow/dags/coursework.py took 0.193 seconds
[2025-11-18T12:52:41.763+0000] {processor.py:161} INFO - Started process (PID=105) to work on /opt/airflow/dags/coursework.py
[2025-11-18T12:52:41.764+0000] {processor.py:830} INFO - Processing file /opt/airflow/dags/coursework.py for tasks to queue
[2025-11-18T12:52:41.766+0000] {logging_mixin.py:188} INFO - [2025-11-18T12:52:41.766+0000] {dagbag.py:545} INFO - Filling up the DagBag from /opt/airflow/dags/coursework.py
[2025-11-18T12:52:41.881+0000] {processor.py:840} INFO - DAG(s) 'coursework' retrieved from /opt/airflow/dags/coursework.py
[2025-11-18T12:52:41.904+0000] {logging_mixin.py:188} INFO - [2025-11-18T12:52:41.904+0000] {dag.py:3096} INFO - Sync 1 DAGs
[2025-11-18T12:52:41.928+0000] {logging_mixin.py:188} INFO - [2025-11-18T12:52:41.928+0000] {dag.py:3954} INFO - Setting next_dagrun for coursework to 2025-11-18 00:00:00+00:00, run_after=2025-11-19 00:00:00+00:00
[2025-11-18T12:52:41.946+0000] {processor.py:183} INFO - Processing /opt/airflow/dags/coursework.py took 0.189 seconds
[2025-11-18T12:53:12.445+0000] {processor.py:161} INFO - Started process (PID=116) to work on /opt/airflow/dags/coursework.py
[2025-11-18T12:53:12.446+0000] {processor.py:830} INFO - Processing file /opt/airflow/dags/coursework.py for tasks to queue
[2025-11-18T12:53:12.448+0000] {logging_mixin.py:188} INFO - [2025-11-18T12:53:12.448+0000] {dagbag.py:545} INFO - Filling up the DagBag from /opt/airflow/dags/coursework.py
[2025-11-18T12:53:12.571+0000] {processor.py:840} INFO - DAG(s) 'coursework' retrieved from /opt/airflow/dags/coursework.py
[2025-11-18T12:53:12.595+0000] {logging_mixin.py:188} INFO - [2025-11-18T12:53:12.595+0000] {dag.py:3096} INFO - Sync 1 DAGs
[2025-11-18T12:53:12.619+0000] {logging_mixin.py:188} INFO - [2025-11-18T12:53:12.619+0000] {dag.py:3954} INFO - Setting next_dagrun for coursework to 2025-11-18 00:00:00+00:00, run_after=2025-11-19 00:00:00+00:00
[2025-11-18T12:53:12.639+0000] {processor.py:183} INFO - Processing /opt/airflow/dags/coursework.py took 0.201 seconds
[2025-11-18T12:53:43.301+0000] {processor.py:161} INFO - Started process (PID=127) to work on /opt/airflow/dags/coursework.py
[2025-11-18T12:53:43.302+0000] {processor.py:830} INFO - Processing file /opt/airflow/dags/coursework.py for tasks to queue
[2025-11-18T12:53:43.306+0000] {logging_mixin.py:188} INFO - [2025-11-18T12:53:43.304+0000] {dagbag.py:545} INFO - Filling up the DagBag from /opt/airflow/dags/coursework.py
[2025-11-18T12:53:43.430+0000] {processor.py:840} INFO - DAG(s) 'coursework' retrieved from /opt/airflow/dags/coursework.py
[2025-11-18T12:53:43.449+0000] {logging_mixin.py:188} INFO - [2025-11-18T12:53:43.449+0000] {dag.py:3096} INFO - Sync 1 DAGs
[2025-11-18T12:53:43.467+0000] {logging_mixin.py:188} INFO - [2025-11-18T12:53:43.467+0000] {dag.py:3954} INFO - Setting next_dagrun for coursework to 2025-11-18 00:00:00+00:00, run_after=2025-11-19 00:00:00+00:00
[2025-11-18T12:53:43.479+0000] {processor.py:183} INFO - Processing /opt/airflow/dags/coursework.py took 0.186 seconds
[2025-11-18T12:54:13.836+0000] {processor.py:161} INFO - Started process (PID=138) to work on /opt/airflow/dags/coursework.py
[2025-11-18T12:54:13.837+0000] {processor.py:830} INFO - Processing file /opt/airflow/dags/coursework.py for tasks to queue
[2025-11-18T12:54:13.839+0000] {logging_mixin.py:188} INFO - [2025-11-18T12:54:13.838+0000] {dagbag.py:545} INFO - Filling up the DagBag from /opt/airflow/dags/coursework.py
[2025-11-18T12:54:13.933+0000] {processor.py:840} INFO - DAG(s) 'coursework' retrieved from /opt/airflow/dags/coursework.py
[2025-11-18T12:54:13.951+0000] {logging_mixin.py:188} INFO - [2025-11-18T12:54:13.951+0000] {dag.py:3096} INFO - Sync 1 DAGs
[2025-11-18T12:54:13.967+0000] {logging_mixin.py:188} INFO - [2025-11-18T12:54:13.967+0000] {dag.py:3954} INFO - Setting next_dagrun for coursework to 2025-11-18 00:00:00+00:00, run_after=2025-11-19 00:00:00+00:00
[2025-11-18T12:54:13.980+0000] {processor.py:183} INFO - Processing /opt/airflow/dags/coursework.py took 0.148 seconds
[2025-11-18T12:54:44.454+0000] {processor.py:161} INFO - Started process (PID=149) to work on /opt/airflow/dags/coursework.py
[2025-11-18T12:54:44.455+0000] {processor.py:830} INFO - Processing file /opt/airflow/dags/coursework.py for tasks to queue
[2025-11-18T12:54:44.457+0000] {logging_mixin.py:188} INFO - [2025-11-18T12:54:44.456+0000] {dagbag.py:545} INFO - Filling up the DagBag from /opt/airflow/dags/coursework.py
[2025-11-18T12:54:44.557+0000] {processor.py:840} INFO - DAG(s) 'coursework' retrieved from /opt/airflow/dags/coursework.py
[2025-11-18T12:54:44.575+0000] {logging_mixin.py:188} INFO - [2025-11-18T12:54:44.575+0000] {dag.py:3096} INFO - Sync 1 DAGs
[2025-11-18T12:54:44.593+0000] {logging_mixin.py:188} INFO - [2025-11-18T12:54:44.593+0000] {dag.py:3954} INFO - Setting next_dagrun for coursework to 2025-11-18 00:00:00+00:00, run_after=2025-11-19 00:00:00+00:00
[2025-11-18T12:54:44.608+0000] {processor.py:183} INFO - Processing /opt/airflow/dags/coursework.py took 0.157 seconds
[2025-11-18T12:55:14.946+0000] {processor.py:161} INFO - Started process (PID=160) to work on /opt/airflow/dags/coursework.py
[2025-11-18T12:55:14.947+0000] {processor.py:830} INFO - Processing file /opt/airflow/dags/coursework.py for tasks to queue
[2025-11-18T12:55:14.948+0000] {logging_mixin.py:188} INFO - [2025-11-18T12:55:14.948+0000] {dagbag.py:545} INFO - Filling up the DagBag from /opt/airflow/dags/coursework.py
[2025-11-18T12:55:15.046+0000] {processor.py:840} INFO - DAG(s) 'coursework' retrieved from /opt/airflow/dags/coursework.py
[2025-11-18T12:55:15.064+0000] {logging_mixin.py:188} INFO - [2025-11-18T12:55:15.064+0000] {dag.py:3096} INFO - Sync 1 DAGs
[2025-11-18T12:55:15.079+0000] {logging_mixin.py:188} INFO - [2025-11-18T12:55:15.079+0000] {dag.py:3954} INFO - Setting next_dagrun for coursework to 2025-11-18 00:00:00+00:00, run_after=2025-11-19 00:00:00+00:00
[2025-11-18T12:55:15.091+0000] {processor.py:183} INFO - Processing /opt/airflow/dags/coursework.py took 0.150 seconds
[2025-11-18T12:55:45.560+0000] {processor.py:161} INFO - Started process (PID=171) to work on /opt/airflow/dags/coursework.py
[2025-11-18T12:55:45.561+0000] {processor.py:830} INFO - Processing file /opt/airflow/dags/coursework.py for tasks to queue
[2025-11-18T12:55:45.562+0000] {logging_mixin.py:188} INFO - [2025-11-18T12:55:45.562+0000] {dagbag.py:545} INFO - Filling up the DagBag from /opt/airflow/dags/coursework.py
[2025-11-18T12:55:45.671+0000] {processor.py:840} INFO - DAG(s) 'coursework' retrieved from /opt/airflow/dags/coursework.py
[2025-11-18T12:55:45.691+0000] {logging_mixin.py:188} INFO - [2025-11-18T12:55:45.691+0000] {dag.py:3096} INFO - Sync 1 DAGs
[2025-11-18T12:55:45.708+0000] {logging_mixin.py:188} INFO - [2025-11-18T12:55:45.708+0000] {dag.py:3954} INFO - Setting next_dagrun for coursework to 2025-11-18 00:00:00+00:00, run_after=2025-11-19 00:00:00+00:00
[2025-11-18T12:55:45.721+0000] {processor.py:183} INFO - Processing /opt/airflow/dags/coursework.py took 0.167 seconds
[2025-11-18T12:56:16.087+0000] {processor.py:161} INFO - Started process (PID=183) to work on /opt/airflow/dags/coursework.py
[2025-11-18T12:56:16.088+0000] {processor.py:830} INFO - Processing file /opt/airflow/dags/coursework.py for tasks to queue
[2025-11-18T12:56:16.089+0000] {logging_mixin.py:188} INFO - [2025-11-18T12:56:16.089+0000] {dagbag.py:545} INFO - Filling up the DagBag from /opt/airflow/dags/coursework.py
[2025-11-18T12:56:16.187+0000] {processor.py:840} INFO - DAG(s) 'coursework' retrieved from /opt/airflow/dags/coursework.py
[2025-11-18T12:56:16.205+0000] {logging_mixin.py:188} INFO - [2025-11-18T12:56:16.205+0000] {dag.py:3096} INFO - Sync 1 DAGs
[2025-11-18T12:56:16.220+0000] {logging_mixin.py:188} INFO - [2025-11-18T12:56:16.220+0000] {dag.py:3954} INFO - Setting next_dagrun for coursework to 2025-11-18 00:00:00+00:00, run_after=2025-11-19 00:00:00+00:00
[2025-11-18T12:56:16.235+0000] {processor.py:183} INFO - Processing /opt/airflow/dags/coursework.py took 0.154 seconds
[2025-11-18T12:56:46.645+0000] {processor.py:161} INFO - Started process (PID=194) to work on /opt/airflow/dags/coursework.py
[2025-11-18T12:56:46.646+0000] {processor.py:830} INFO - Processing file /opt/airflow/dags/coursework.py for tasks to queue
[2025-11-18T12:56:46.647+0000] {logging_mixin.py:188} INFO - [2025-11-18T12:56:46.647+0000] {dagbag.py:545} INFO - Filling up the DagBag from /opt/airflow/dags/coursework.py
[2025-11-18T12:56:46.746+0000] {processor.py:840} INFO - DAG(s) 'coursework' retrieved from /opt/airflow/dags/coursework.py
[2025-11-18T12:56:46.766+0000] {logging_mixin.py:188} INFO - [2025-11-18T12:56:46.766+0000] {dag.py:3096} INFO - Sync 1 DAGs
[2025-11-18T12:56:46.783+0000] {logging_mixin.py:188} INFO - [2025-11-18T12:56:46.783+0000] {dag.py:3954} INFO - Setting next_dagrun for coursework to 2025-11-18 00:00:00+00:00, run_after=2025-11-19 00:00:00+00:00
[2025-11-18T12:56:46.797+0000] {processor.py:183} INFO - Processing /opt/airflow/dags/coursework.py took 0.157 seconds
[2025-11-18T12:57:17.103+0000] {processor.py:161} INFO - Started process (PID=205) to work on /opt/airflow/dags/coursework.py
[2025-11-18T12:57:17.103+0000] {processor.py:830} INFO - Processing file /opt/airflow/dags/coursework.py for tasks to queue
[2025-11-18T12:57:17.105+0000] {logging_mixin.py:188} INFO - [2025-11-18T12:57:17.105+0000] {dagbag.py:545} INFO - Filling up the DagBag from /opt/airflow/dags/coursework.py
[2025-11-18T12:57:17.208+0000] {processor.py:840} INFO - DAG(s) 'coursework' retrieved from /opt/airflow/dags/coursework.py
[2025-11-18T12:57:17.226+0000] {logging_mixin.py:188} INFO - [2025-11-18T12:57:17.226+0000] {dag.py:3096} INFO - Sync 1 DAGs
[2025-11-18T12:57:17.242+0000] {logging_mixin.py:188} INFO - [2025-11-18T12:57:17.242+0000] {dag.py:3954} INFO - Setting next_dagrun for coursework to 2025-11-18 00:00:00+00:00, run_after=2025-11-19 00:00:00+00:00
[2025-11-18T12:57:17.255+0000] {processor.py:183} INFO - Processing /opt/airflow/dags/coursework.py took 0.157 seconds
[2025-11-18T12:57:47.639+0000] {processor.py:161} INFO - Started process (PID=216) to work on /opt/airflow/dags/coursework.py
[2025-11-18T12:57:47.640+0000] {processor.py:830} INFO - Processing file /opt/airflow/dags/coursework.py for tasks to queue
[2025-11-18T12:57:47.641+0000] {logging_mixin.py:188} INFO - [2025-11-18T12:57:47.641+0000] {dagbag.py:545} INFO - Filling up the DagBag from /opt/airflow/dags/coursework.py
[2025-11-18T12:57:47.747+0000] {processor.py:840} INFO - DAG(s) 'coursework' retrieved from /opt/airflow/dags/coursework.py
[2025-11-18T12:57:47.770+0000] {logging_mixin.py:188} INFO - [2025-11-18T12:57:47.770+0000] {dag.py:3096} INFO - Sync 1 DAGs
[2025-11-18T12:57:47.787+0000] {logging_mixin.py:188} INFO - [2025-11-18T12:57:47.787+0000] {dag.py:3954} INFO - Setting next_dagrun for coursework to 2025-11-18 00:00:00+00:00, run_after=2025-11-19 00:00:00+00:00
[2025-11-18T12:57:47.800+0000] {processor.py:183} INFO - Processing /opt/airflow/dags/coursework.py took 0.165 seconds
[2025-11-18T12:58:18.080+0000] {processor.py:161} INFO - Started process (PID=227) to work on /opt/airflow/dags/coursework.py
[2025-11-18T12:58:18.081+0000] {processor.py:830} INFO - Processing file /opt/airflow/dags/coursework.py for tasks to queue
[2025-11-18T12:58:18.083+0000] {logging_mixin.py:188} INFO - [2025-11-18T12:58:18.082+0000] {dagbag.py:545} INFO - Filling up the DagBag from /opt/airflow/dags/coursework.py
[2025-11-18T12:58:18.191+0000] {processor.py:840} INFO - DAG(s) 'coursework' retrieved from /opt/airflow/dags/coursework.py
[2025-11-18T12:58:18.212+0000] {logging_mixin.py:188} INFO - [2025-11-18T12:58:18.212+0000] {dag.py:3096} INFO - Sync 1 DAGs
[2025-11-18T12:58:18.231+0000] {logging_mixin.py:188} INFO - [2025-11-18T12:58:18.231+0000] {dag.py:3954} INFO - Setting next_dagrun for coursework to 2025-11-18 00:00:00+00:00, run_after=2025-11-19 00:00:00+00:00
[2025-11-18T12:58:18.247+0000] {processor.py:183} INFO - Processing /opt/airflow/dags/coursework.py took 0.172 seconds
[2025-11-18T12:58:48.581+0000] {processor.py:161} INFO - Started process (PID=238) to work on /opt/airflow/dags/coursework.py
[2025-11-18T12:58:48.581+0000] {processor.py:830} INFO - Processing file /opt/airflow/dags/coursework.py for tasks to queue
[2025-11-18T12:58:48.583+0000] {logging_mixin.py:188} INFO - [2025-11-18T12:58:48.582+0000] {dagbag.py:545} INFO - Filling up the DagBag from /opt/airflow/dags/coursework.py
[2025-11-18T12:58:48.683+0000] {processor.py:840} INFO - DAG(s) 'coursework' retrieved from /opt/airflow/dags/coursework.py
[2025-11-18T12:58:48.701+0000] {logging_mixin.py:188} INFO - [2025-11-18T12:58:48.700+0000] {dag.py:3096} INFO - Sync 1 DAGs
[2025-11-18T12:58:48.723+0000] {logging_mixin.py:188} INFO - [2025-11-18T12:58:48.723+0000] {dag.py:3954} INFO - Setting next_dagrun for coursework to 2025-11-18 00:00:00+00:00, run_after=2025-11-19 00:00:00+00:00
[2025-11-18T12:58:48.737+0000] {processor.py:183} INFO - Processing /opt/airflow/dags/coursework.py took 0.161 seconds
[2025-11-18T12:59:19.106+0000] {processor.py:161} INFO - Started process (PID=249) to work on /opt/airflow/dags/coursework.py
[2025-11-18T12:59:19.107+0000] {processor.py:830} INFO - Processing file /opt/airflow/dags/coursework.py for tasks to queue
[2025-11-18T12:59:19.108+0000] {logging_mixin.py:188} INFO - [2025-11-18T12:59:19.108+0000] {dagbag.py:545} INFO - Filling up the DagBag from /opt/airflow/dags/coursework.py
[2025-11-18T12:59:19.200+0000] {processor.py:840} INFO - DAG(s) 'coursework' retrieved from /opt/airflow/dags/coursework.py
[2025-11-18T12:59:19.218+0000] {logging_mixin.py:188} INFO - [2025-11-18T12:59:19.217+0000] {dag.py:3096} INFO - Sync 1 DAGs
[2025-11-18T12:59:19.232+0000] {logging_mixin.py:188} INFO - [2025-11-18T12:59:19.232+0000] {dag.py:3954} INFO - Setting next_dagrun for coursework to 2025-11-18 00:00:00+00:00, run_after=2025-11-19 00:00:00+00:00
[2025-11-18T12:59:19.252+0000] {processor.py:183} INFO - Processing /opt/airflow/dags/coursework.py took 0.150 seconds
[2025-11-18T12:59:49.570+0000] {processor.py:161} INFO - Started process (PID=260) to work on /opt/airflow/dags/coursework.py
[2025-11-18T12:59:49.571+0000] {processor.py:830} INFO - Processing file /opt/airflow/dags/coursework.py for tasks to queue
[2025-11-18T12:59:49.573+0000] {logging_mixin.py:188} INFO - [2025-11-18T12:59:49.573+0000] {dagbag.py:545} INFO - Filling up the DagBag from /opt/airflow/dags/coursework.py
[2025-11-18T12:59:49.678+0000] {processor.py:840} INFO - DAG(s) 'coursework' retrieved from /opt/airflow/dags/coursework.py
[2025-11-18T12:59:49.698+0000] {logging_mixin.py:188} INFO - [2025-11-18T12:59:49.698+0000] {dag.py:3096} INFO - Sync 1 DAGs
[2025-11-18T12:59:49.717+0000] {logging_mixin.py:188} INFO - [2025-11-18T12:59:49.717+0000] {dag.py:3954} INFO - Setting next_dagrun for coursework to 2025-11-18 00:00:00+00:00, run_after=2025-11-19 00:00:00+00:00
[2025-11-18T12:59:49.730+0000] {processor.py:183} INFO - Processing /opt/airflow/dags/coursework.py took 0.167 seconds
