[2025-11-18T12:50:39.342+0000] {processor.py:161} INFO - Started process (PID=54) to work on /opt/airflow/dags/main.py
[2025-11-18T12:50:39.344+0000] {processor.py:830} INFO - Processing file /opt/airflow/dags/main.py for tasks to queue
[2025-11-18T12:50:39.346+0000] {logging_mixin.py:188} INFO - [2025-11-18T12:50:39.346+0000] {dagbag.py:545} INFO - Filling up the DagBag from /opt/airflow/dags/main.py
[2025-11-18T12:50:39.490+0000] {processor.py:840} INFO - DAG(s) 'main' retrieved from /opt/airflow/dags/main.py
[2025-11-18T12:50:39.513+0000] {logging_mixin.py:188} INFO - [2025-11-18T12:50:39.513+0000] {dag.py:3096} INFO - Sync 1 DAGs
[2025-11-18T12:50:39.536+0000] {logging_mixin.py:188} INFO - [2025-11-18T12:50:39.536+0000] {dag.py:3954} INFO - Setting next_dagrun for main to 2025-11-18 00:00:00+00:00, run_after=2025-11-19 00:00:00+00:00
[2025-11-18T12:50:39.555+0000] {processor.py:183} INFO - Processing /opt/airflow/dags/main.py took 0.220 seconds
[2025-11-18T12:51:10.447+0000] {processor.py:161} INFO - Started process (PID=70) to work on /opt/airflow/dags/main.py
[2025-11-18T12:51:10.448+0000] {processor.py:830} INFO - Processing file /opt/airflow/dags/main.py for tasks to queue
[2025-11-18T12:51:10.450+0000] {logging_mixin.py:188} INFO - [2025-11-18T12:51:10.450+0000] {dagbag.py:545} INFO - Filling up the DagBag from /opt/airflow/dags/main.py
[2025-11-18T12:51:10.574+0000] {processor.py:840} INFO - DAG(s) 'main' retrieved from /opt/airflow/dags/main.py
[2025-11-18T12:51:10.596+0000] {logging_mixin.py:188} INFO - [2025-11-18T12:51:10.596+0000] {dag.py:3096} INFO - Sync 1 DAGs
[2025-11-18T12:51:10.619+0000] {logging_mixin.py:188} INFO - [2025-11-18T12:51:10.619+0000] {dag.py:3954} INFO - Setting next_dagrun for main to 2025-11-18 00:00:00+00:00, run_after=2025-11-19 00:00:00+00:00
[2025-11-18T12:51:10.639+0000] {processor.py:183} INFO - Processing /opt/airflow/dags/main.py took 0.199 seconds
[2025-11-18T12:51:40.734+0000] {processor.py:161} INFO - Started process (PID=79) to work on /opt/airflow/dags/main.py
[2025-11-18T12:51:40.735+0000] {processor.py:830} INFO - Processing file /opt/airflow/dags/main.py for tasks to queue
[2025-11-18T12:51:40.736+0000] {logging_mixin.py:188} INFO - [2025-11-18T12:51:40.736+0000] {dagbag.py:545} INFO - Filling up the DagBag from /opt/airflow/dags/main.py
[2025-11-18T12:51:40.856+0000] {processor.py:840} INFO - DAG(s) 'main' retrieved from /opt/airflow/dags/main.py
[2025-11-18T12:51:40.880+0000] {logging_mixin.py:188} INFO - [2025-11-18T12:51:40.880+0000] {dag.py:3096} INFO - Sync 1 DAGs
[2025-11-18T12:51:40.900+0000] {logging_mixin.py:188} INFO - [2025-11-18T12:51:40.900+0000] {dag.py:3954} INFO - Setting next_dagrun for main to 2025-11-18 00:00:00+00:00, run_after=2025-11-19 00:00:00+00:00
[2025-11-18T12:51:40.916+0000] {processor.py:183} INFO - Processing /opt/airflow/dags/main.py took 0.187 seconds
[2025-11-18T12:52:11.365+0000] {processor.py:161} INFO - Started process (PID=96) to work on /opt/airflow/dags/main.py
[2025-11-18T12:52:11.365+0000] {processor.py:830} INFO - Processing file /opt/airflow/dags/main.py for tasks to queue
[2025-11-18T12:52:11.367+0000] {logging_mixin.py:188} INFO - [2025-11-18T12:52:11.367+0000] {dagbag.py:545} INFO - Filling up the DagBag from /opt/airflow/dags/main.py
[2025-11-18T12:52:11.477+0000] {processor.py:840} INFO - DAG(s) 'main' retrieved from /opt/airflow/dags/main.py
[2025-11-18T12:52:11.498+0000] {logging_mixin.py:188} INFO - [2025-11-18T12:52:11.498+0000] {dag.py:3096} INFO - Sync 1 DAGs
[2025-11-18T12:52:11.517+0000] {logging_mixin.py:188} INFO - [2025-11-18T12:52:11.517+0000] {dag.py:3954} INFO - Setting next_dagrun for main to 2025-11-18 00:00:00+00:00, run_after=2025-11-19 00:00:00+00:00
[2025-11-18T12:52:11.531+0000] {processor.py:183} INFO - Processing /opt/airflow/dags/main.py took 0.171 seconds
[2025-11-18T12:52:41.879+0000] {processor.py:161} INFO - Started process (PID=107) to work on /opt/airflow/dags/main.py
[2025-11-18T12:52:41.880+0000] {processor.py:830} INFO - Processing file /opt/airflow/dags/main.py for tasks to queue
[2025-11-18T12:52:41.882+0000] {logging_mixin.py:188} INFO - [2025-11-18T12:52:41.881+0000] {dagbag.py:545} INFO - Filling up the DagBag from /opt/airflow/dags/main.py
[2025-11-18T12:52:42.003+0000] {processor.py:840} INFO - DAG(s) 'main' retrieved from /opt/airflow/dags/main.py
[2025-11-18T12:52:42.022+0000] {logging_mixin.py:188} INFO - [2025-11-18T12:52:42.022+0000] {dag.py:3096} INFO - Sync 1 DAGs
[2025-11-18T12:52:42.039+0000] {logging_mixin.py:188} INFO - [2025-11-18T12:52:42.039+0000] {dag.py:3954} INFO - Setting next_dagrun for main to 2025-11-18 00:00:00+00:00, run_after=2025-11-19 00:00:00+00:00
[2025-11-18T12:52:42.053+0000] {processor.py:183} INFO - Processing /opt/airflow/dags/main.py took 0.180 seconds
[2025-11-18T12:53:12.572+0000] {processor.py:161} INFO - Started process (PID=118) to work on /opt/airflow/dags/main.py
[2025-11-18T12:53:12.573+0000] {processor.py:830} INFO - Processing file /opt/airflow/dags/main.py for tasks to queue
[2025-11-18T12:53:12.575+0000] {logging_mixin.py:188} INFO - [2025-11-18T12:53:12.574+0000] {dagbag.py:545} INFO - Filling up the DagBag from /opt/airflow/dags/main.py
[2025-11-18T12:53:12.690+0000] {processor.py:840} INFO - DAG(s) 'main' retrieved from /opt/airflow/dags/main.py
[2025-11-18T12:53:12.712+0000] {logging_mixin.py:188} INFO - [2025-11-18T12:53:12.712+0000] {dag.py:3096} INFO - Sync 1 DAGs
[2025-11-18T12:53:12.733+0000] {logging_mixin.py:188} INFO - [2025-11-18T12:53:12.733+0000] {dag.py:3954} INFO - Setting next_dagrun for main to 2025-11-18 00:00:00+00:00, run_after=2025-11-19 00:00:00+00:00
[2025-11-18T12:53:12.749+0000] {processor.py:183} INFO - Processing /opt/airflow/dags/main.py took 0.182 seconds
[2025-11-18T12:53:43.431+0000] {processor.py:161} INFO - Started process (PID=129) to work on /opt/airflow/dags/main.py
[2025-11-18T12:53:43.431+0000] {processor.py:830} INFO - Processing file /opt/airflow/dags/main.py for tasks to queue
[2025-11-18T12:53:43.433+0000] {logging_mixin.py:188} INFO - [2025-11-18T12:53:43.433+0000] {dagbag.py:545} INFO - Filling up the DagBag from /opt/airflow/dags/main.py
[2025-11-18T12:53:43.527+0000] {processor.py:840} INFO - DAG(s) 'main' retrieved from /opt/airflow/dags/main.py
[2025-11-18T12:53:43.544+0000] {logging_mixin.py:188} INFO - [2025-11-18T12:53:43.544+0000] {dag.py:3096} INFO - Sync 1 DAGs
[2025-11-18T12:53:43.558+0000] {logging_mixin.py:188} INFO - [2025-11-18T12:53:43.558+0000] {dag.py:3954} INFO - Setting next_dagrun for main to 2025-11-18 00:00:00+00:00, run_after=2025-11-19 00:00:00+00:00
[2025-11-18T12:53:43.569+0000] {processor.py:183} INFO - Processing /opt/airflow/dags/main.py took 0.143 seconds
[2025-11-18T12:54:13.932+0000] {processor.py:161} INFO - Started process (PID=140) to work on /opt/airflow/dags/main.py
[2025-11-18T12:54:13.932+0000] {processor.py:830} INFO - Processing file /opt/airflow/dags/main.py for tasks to queue
[2025-11-18T12:54:13.934+0000] {logging_mixin.py:188} INFO - [2025-11-18T12:54:13.933+0000] {dagbag.py:545} INFO - Filling up the DagBag from /opt/airflow/dags/main.py
[2025-11-18T12:54:14.020+0000] {processor.py:840} INFO - DAG(s) 'main' retrieved from /opt/airflow/dags/main.py
[2025-11-18T12:54:14.037+0000] {logging_mixin.py:188} INFO - [2025-11-18T12:54:14.037+0000] {dag.py:3096} INFO - Sync 1 DAGs
[2025-11-18T12:54:14.051+0000] {logging_mixin.py:188} INFO - [2025-11-18T12:54:14.050+0000] {dag.py:3954} INFO - Setting next_dagrun for main to 2025-11-18 00:00:00+00:00, run_after=2025-11-19 00:00:00+00:00
[2025-11-18T12:54:14.063+0000] {processor.py:183} INFO - Processing /opt/airflow/dags/main.py took 0.135 seconds
[2025-11-18T12:54:44.559+0000] {processor.py:161} INFO - Started process (PID=151) to work on /opt/airflow/dags/main.py
[2025-11-18T12:54:44.560+0000] {processor.py:830} INFO - Processing file /opt/airflow/dags/main.py for tasks to queue
[2025-11-18T12:54:44.562+0000] {logging_mixin.py:188} INFO - [2025-11-18T12:54:44.561+0000] {dagbag.py:545} INFO - Filling up the DagBag from /opt/airflow/dags/main.py
[2025-11-18T12:54:44.653+0000] {processor.py:840} INFO - DAG(s) 'main' retrieved from /opt/airflow/dags/main.py
[2025-11-18T12:54:44.669+0000] {logging_mixin.py:188} INFO - [2025-11-18T12:54:44.669+0000] {dag.py:3096} INFO - Sync 1 DAGs
[2025-11-18T12:54:44.684+0000] {logging_mixin.py:188} INFO - [2025-11-18T12:54:44.684+0000] {dag.py:3954} INFO - Setting next_dagrun for main to 2025-11-18 00:00:00+00:00, run_after=2025-11-19 00:00:00+00:00
[2025-11-18T12:54:44.696+0000] {processor.py:183} INFO - Processing /opt/airflow/dags/main.py took 0.141 seconds
[2025-11-18T12:55:15.046+0000] {processor.py:161} INFO - Started process (PID=162) to work on /opt/airflow/dags/main.py
[2025-11-18T12:55:15.047+0000] {processor.py:830} INFO - Processing file /opt/airflow/dags/main.py for tasks to queue
[2025-11-18T12:55:15.048+0000] {logging_mixin.py:188} INFO - [2025-11-18T12:55:15.048+0000] {dagbag.py:545} INFO - Filling up the DagBag from /opt/airflow/dags/main.py
[2025-11-18T12:55:15.138+0000] {processor.py:840} INFO - DAG(s) 'main' retrieved from /opt/airflow/dags/main.py
[2025-11-18T12:55:15.156+0000] {logging_mixin.py:188} INFO - [2025-11-18T12:55:15.156+0000] {dag.py:3096} INFO - Sync 1 DAGs
[2025-11-18T12:55:15.171+0000] {logging_mixin.py:188} INFO - [2025-11-18T12:55:15.171+0000] {dag.py:3954} INFO - Setting next_dagrun for main to 2025-11-18 00:00:00+00:00, run_after=2025-11-19 00:00:00+00:00
[2025-11-18T12:55:15.184+0000] {processor.py:183} INFO - Processing /opt/airflow/dags/main.py took 0.144 seconds
[2025-11-18T12:55:45.671+0000] {processor.py:161} INFO - Started process (PID=173) to work on /opt/airflow/dags/main.py
[2025-11-18T12:55:45.672+0000] {processor.py:830} INFO - Processing file /opt/airflow/dags/main.py for tasks to queue
[2025-11-18T12:55:45.674+0000] {logging_mixin.py:188} INFO - [2025-11-18T12:55:45.673+0000] {dagbag.py:545} INFO - Filling up the DagBag from /opt/airflow/dags/main.py
[2025-11-18T12:55:45.768+0000] {processor.py:840} INFO - DAG(s) 'main' retrieved from /opt/airflow/dags/main.py
[2025-11-18T12:55:45.786+0000] {logging_mixin.py:188} INFO - [2025-11-18T12:55:45.786+0000] {dag.py:3096} INFO - Sync 1 DAGs
[2025-11-18T12:55:45.801+0000] {logging_mixin.py:188} INFO - [2025-11-18T12:55:45.801+0000] {dag.py:3954} INFO - Setting next_dagrun for main to 2025-11-18 00:00:00+00:00, run_after=2025-11-19 00:00:00+00:00
[2025-11-18T12:55:45.815+0000] {processor.py:183} INFO - Processing /opt/airflow/dags/main.py took 0.149 seconds
[2025-11-18T12:56:16.188+0000] {processor.py:161} INFO - Started process (PID=185) to work on /opt/airflow/dags/main.py
[2025-11-18T12:56:16.188+0000] {processor.py:830} INFO - Processing file /opt/airflow/dags/main.py for tasks to queue
[2025-11-18T12:56:16.190+0000] {logging_mixin.py:188} INFO - [2025-11-18T12:56:16.189+0000] {dagbag.py:545} INFO - Filling up the DagBag from /opt/airflow/dags/main.py
[2025-11-18T12:56:16.279+0000] {processor.py:840} INFO - DAG(s) 'main' retrieved from /opt/airflow/dags/main.py
[2025-11-18T12:56:16.295+0000] {logging_mixin.py:188} INFO - [2025-11-18T12:56:16.295+0000] {dag.py:3096} INFO - Sync 1 DAGs
[2025-11-18T12:56:16.309+0000] {logging_mixin.py:188} INFO - [2025-11-18T12:56:16.309+0000] {dag.py:3954} INFO - Setting next_dagrun for main to 2025-11-18 00:00:00+00:00, run_after=2025-11-19 00:00:00+00:00
[2025-11-18T12:56:16.321+0000] {processor.py:183} INFO - Processing /opt/airflow/dags/main.py took 0.137 seconds
[2025-11-18T12:56:46.746+0000] {processor.py:161} INFO - Started process (PID=196) to work on /opt/airflow/dags/main.py
[2025-11-18T12:56:46.747+0000] {processor.py:830} INFO - Processing file /opt/airflow/dags/main.py for tasks to queue
[2025-11-18T12:56:46.748+0000] {logging_mixin.py:188} INFO - [2025-11-18T12:56:46.748+0000] {dagbag.py:545} INFO - Filling up the DagBag from /opt/airflow/dags/main.py
[2025-11-18T12:56:46.841+0000] {processor.py:840} INFO - DAG(s) 'main' retrieved from /opt/airflow/dags/main.py
[2025-11-18T12:56:46.857+0000] {logging_mixin.py:188} INFO - [2025-11-18T12:56:46.857+0000] {dag.py:3096} INFO - Sync 1 DAGs
[2025-11-18T12:56:46.872+0000] {logging_mixin.py:188} INFO - [2025-11-18T12:56:46.872+0000] {dag.py:3954} INFO - Setting next_dagrun for main to 2025-11-18 00:00:00+00:00, run_after=2025-11-19 00:00:00+00:00
[2025-11-18T12:56:46.883+0000] {processor.py:183} INFO - Processing /opt/airflow/dags/main.py took 0.142 seconds
[2025-11-18T12:57:17.206+0000] {processor.py:161} INFO - Started process (PID=207) to work on /opt/airflow/dags/main.py
[2025-11-18T12:57:17.207+0000] {processor.py:830} INFO - Processing file /opt/airflow/dags/main.py for tasks to queue
[2025-11-18T12:57:17.209+0000] {logging_mixin.py:188} INFO - [2025-11-18T12:57:17.208+0000] {dagbag.py:545} INFO - Filling up the DagBag from /opt/airflow/dags/main.py
[2025-11-18T12:57:17.296+0000] {processor.py:840} INFO - DAG(s) 'main' retrieved from /opt/airflow/dags/main.py
[2025-11-18T12:57:17.313+0000] {logging_mixin.py:188} INFO - [2025-11-18T12:57:17.313+0000] {dag.py:3096} INFO - Sync 1 DAGs
[2025-11-18T12:57:17.326+0000] {logging_mixin.py:188} INFO - [2025-11-18T12:57:17.326+0000] {dag.py:3954} INFO - Setting next_dagrun for main to 2025-11-18 00:00:00+00:00, run_after=2025-11-19 00:00:00+00:00
[2025-11-18T12:57:17.337+0000] {processor.py:183} INFO - Processing /opt/airflow/dags/main.py took 0.135 seconds
[2025-11-18T12:57:47.745+0000] {processor.py:161} INFO - Started process (PID=218) to work on /opt/airflow/dags/main.py
[2025-11-18T12:57:47.746+0000] {processor.py:830} INFO - Processing file /opt/airflow/dags/main.py for tasks to queue
[2025-11-18T12:57:47.748+0000] {logging_mixin.py:188} INFO - [2025-11-18T12:57:47.747+0000] {dagbag.py:545} INFO - Filling up the DagBag from /opt/airflow/dags/main.py
[2025-11-18T12:57:47.846+0000] {processor.py:840} INFO - DAG(s) 'main' retrieved from /opt/airflow/dags/main.py
[2025-11-18T12:57:47.863+0000] {logging_mixin.py:188} INFO - [2025-11-18T12:57:47.862+0000] {dag.py:3096} INFO - Sync 1 DAGs
[2025-11-18T12:57:47.877+0000] {logging_mixin.py:188} INFO - [2025-11-18T12:57:47.876+0000] {dag.py:3954} INFO - Setting next_dagrun for main to 2025-11-18 00:00:00+00:00, run_after=2025-11-19 00:00:00+00:00
[2025-11-18T12:57:47.890+0000] {processor.py:183} INFO - Processing /opt/airflow/dags/main.py took 0.149 seconds
[2025-11-18T12:58:18.191+0000] {processor.py:161} INFO - Started process (PID=229) to work on /opt/airflow/dags/main.py
[2025-11-18T12:58:18.192+0000] {processor.py:830} INFO - Processing file /opt/airflow/dags/main.py for tasks to queue
[2025-11-18T12:58:18.193+0000] {logging_mixin.py:188} INFO - [2025-11-18T12:58:18.193+0000] {dagbag.py:545} INFO - Filling up the DagBag from /opt/airflow/dags/main.py
[2025-11-18T12:58:18.295+0000] {processor.py:840} INFO - DAG(s) 'main' retrieved from /opt/airflow/dags/main.py
[2025-11-18T12:58:18.314+0000] {logging_mixin.py:188} INFO - [2025-11-18T12:58:18.314+0000] {dag.py:3096} INFO - Sync 1 DAGs
[2025-11-18T12:58:18.334+0000] {logging_mixin.py:188} INFO - [2025-11-18T12:58:18.333+0000] {dag.py:3954} INFO - Setting next_dagrun for main to 2025-11-18 00:00:00+00:00, run_after=2025-11-19 00:00:00+00:00
[2025-11-18T12:58:18.347+0000] {processor.py:183} INFO - Processing /opt/airflow/dags/main.py took 0.160 seconds
[2025-11-18T12:58:48.681+0000] {processor.py:161} INFO - Started process (PID=240) to work on /opt/airflow/dags/main.py
[2025-11-18T12:58:48.681+0000] {processor.py:830} INFO - Processing file /opt/airflow/dags/main.py for tasks to queue
[2025-11-18T12:58:48.683+0000] {logging_mixin.py:188} INFO - [2025-11-18T12:58:48.682+0000] {dagbag.py:545} INFO - Filling up the DagBag from /opt/airflow/dags/main.py
[2025-11-18T12:58:48.791+0000] {processor.py:840} INFO - DAG(s) 'main' retrieved from /opt/airflow/dags/main.py
[2025-11-18T12:58:48.813+0000] {logging_mixin.py:188} INFO - [2025-11-18T12:58:48.813+0000] {dag.py:3096} INFO - Sync 1 DAGs
[2025-11-18T12:58:48.835+0000] {logging_mixin.py:188} INFO - [2025-11-18T12:58:48.835+0000] {dag.py:3954} INFO - Setting next_dagrun for main to 2025-11-18 00:00:00+00:00, run_after=2025-11-19 00:00:00+00:00
[2025-11-18T12:58:48.852+0000] {processor.py:183} INFO - Processing /opt/airflow/dags/main.py took 0.175 seconds
[2025-11-18T12:59:19.192+0000] {processor.py:161} INFO - Started process (PID=251) to work on /opt/airflow/dags/main.py
[2025-11-18T12:59:19.192+0000] {processor.py:830} INFO - Processing file /opt/airflow/dags/main.py for tasks to queue
[2025-11-18T12:59:19.194+0000] {logging_mixin.py:188} INFO - [2025-11-18T12:59:19.194+0000] {dagbag.py:545} INFO - Filling up the DagBag from /opt/airflow/dags/main.py
[2025-11-18T12:59:19.288+0000] {processor.py:840} INFO - DAG(s) 'main' retrieved from /opt/airflow/dags/main.py
[2025-11-18T12:59:19.307+0000] {logging_mixin.py:188} INFO - [2025-11-18T12:59:19.306+0000] {dag.py:3096} INFO - Sync 1 DAGs
[2025-11-18T12:59:19.321+0000] {logging_mixin.py:188} INFO - [2025-11-18T12:59:19.320+0000] {dag.py:3954} INFO - Setting next_dagrun for main to 2025-11-18 00:00:00+00:00, run_after=2025-11-19 00:00:00+00:00
[2025-11-18T12:59:19.331+0000] {processor.py:183} INFO - Processing /opt/airflow/dags/main.py took 0.143 seconds
[2025-11-18T12:59:49.679+0000] {processor.py:161} INFO - Started process (PID=262) to work on /opt/airflow/dags/main.py
[2025-11-18T12:59:49.680+0000] {processor.py:830} INFO - Processing file /opt/airflow/dags/main.py for tasks to queue
[2025-11-18T12:59:49.682+0000] {logging_mixin.py:188} INFO - [2025-11-18T12:59:49.682+0000] {dagbag.py:545} INFO - Filling up the DagBag from /opt/airflow/dags/main.py
[2025-11-18T12:59:49.780+0000] {processor.py:840} INFO - DAG(s) 'main' retrieved from /opt/airflow/dags/main.py
[2025-11-18T12:59:49.798+0000] {logging_mixin.py:188} INFO - [2025-11-18T12:59:49.797+0000] {dag.py:3096} INFO - Sync 1 DAGs
[2025-11-18T12:59:49.812+0000] {logging_mixin.py:188} INFO - [2025-11-18T12:59:49.812+0000] {dag.py:3954} INFO - Setting next_dagrun for main to 2025-11-18 00:00:00+00:00, run_after=2025-11-19 00:00:00+00:00
[2025-11-18T12:59:49.825+0000] {processor.py:183} INFO - Processing /opt/airflow/dags/main.py took 0.150 seconds
